#
# A fatal error has been detected by the Java Runtime Environment:
#
#  EXCEPTION_ACCESS_VIOLATION (0xc0000005) at pc=0x000000005ba34db2, pid=8036, tid=4404
#
# JRE version: Java(TM) SE Runtime Environment (8.0_11-b12) (build 1.8.0_11-b12)
# Java VM: Java HotSpot(TM) 64-Bit Server VM (25.11-b03 mixed mode windows-amd64 compressed oops)
# Problematic frame:
# V  [jvm.dll+0x424db2]
#
# Failed to write core dump. Minidumps are not enabled by default on client versions of Windows
#
# If you would like to submit a bug report, please visit:
#   http://bugreport.sun.com/bugreport/crash.jsp
#

---------------  T H R E A D  ---------------

Current thread (0x000000000735a000):  JavaThread "C2 CompilerThread1" daemon [_thread_in_native, id=4404, stack(0x0000000008670000,0x0000000008770000)]

siginfo: ExceptionCode=0xc0000005, reading address 0x0000000000000000

Registers:
RAX=0x000000000ad525b8, RBX=0x0000000000000600, RCX=0x0000000000000000, RDX=0x000000001e5b10e0
RSP=0x000000000876c250, RBP=0x00000000000000c0, RSI=0x00000000000000b8, RDI=0x0000000000000000
R8 =0x000000005b610000, R9 =0x000000000876c570, R10=0x00000000ffffffff, R11=0x0000000007387910
R12=0x000000000ad52cc0, R13=0x000000000d585118, R14=0x0000000000000008, R15=0x000000000d585118
RIP=0x000000005ba34db2, EFLAGS=0x0000000000010206

Top of Stack: (sp=0x000000000876c250)
0x000000000876c250:   00000000000000da 00000000000000b0
0x000000000876c260:   000000000000000a 000000000a882e88
0x000000000876c270:   0000000000000001 0000000000000600
0x000000000876c280:   0000000000000180 00000000000000c0
0x000000000876c290:   000000000a18d1e0 000000000736a140
0x000000000876c2a0:   00000000000006e8 000000001e5acdb0
0x000000000876c2b0:   000000000876c570 000000000ad4f730
0x000000000876c2c0:   0000000000000020 0000000000000009
0x000000000876c2d0:   000000000ad52c90 00000000000000da
0x000000000876c2e0:   000000000d585118 000000005ba3598d
0x000000000876c2f0:   000000000ad52c90 000000000000001c
0x000000000876c300:   00000000000000da 000000000876c570
0x000000000876c310:   000000001e5b10e0 00000000000000da
0x000000000876c320:   000000000ad4f730 0000000000000020
0x000000000876c330:   000000000a95d058 000000000876e8e0
0x000000000876c340:   000000000a95d688 000000000ad52c90 

Instructions: (pc=0x000000005ba34db2)
0x000000005ba34d92:   c6 48 63 f0 48 03 f1 eb 04 48 83 ce ff 48 8b 84
0x000000005ba34da2:   24 a0 00 00 00 48 8b 40 08 48 8b 3c 03 48 8b cf
0x000000005ba34db2:   48 8b 07 ff 50 28 4c 8d 05 41 b2 bd ff 48 63 50
0x000000005ba34dc2:   10 4c 8b d8 48 8b ca 48 c1 e1 05 42 80 bc 01 c0 


Register to memory mapping:

RAX=0x000000000ad525b8 is an unknown value
RBX=0x0000000000000600 is an unknown value
RCX=0x0000000000000000 is an unknown value
RDX=0x000000001e5b10e0 is an unknown value
RSP=0x000000000876c250 is pointing into the stack for thread: 0x000000000735a000
RBP=0x00000000000000c0 is an unknown value
RSI=0x00000000000000b8 is an unknown value
RDI=0x0000000000000000 is an unknown value
R8 =0x000000005b610000 is an unknown value
R9 =0x000000000876c570 is pointing into the stack for thread: 0x000000000735a000
R10=0x00000000ffffffff is an unknown value
R11=0x0000000007387910 is an unknown value
R12=0x000000000ad52cc0 is an unknown value
R13=0x000000000d585118 is an unknown value
R14=0x0000000000000008 is an unknown value
R15=0x000000000d585118 is an unknown value


Stack: [0x0000000008670000,0x0000000008770000],  sp=0x000000000876c250,  free space=1008k
Native frames: (J=compiled Java code, j=interpreted, Vv=VM code, C=native code)
V  [jvm.dll+0x424db2]
V  [jvm.dll+0x42598d]
V  [jvm.dll+0x425ecf]
V  [jvm.dll+0x4c5a84]
V  [jvm.dll+0x4415bc]
V  [jvm.dll+0x443a29]
V  [jvm.dll+0x427722]
V  [jvm.dll+0x96982]
V  [jvm.dll+0x97173]
V  [jvm.dll+0x2234b4]
V  [jvm.dll+0x27bcca]
C  [msvcr100.dll+0x21d9f]
C  [msvcr100.dll+0x21e3b]
C  [kernel32.dll+0x159ed]
C  [ntdll.dll+0x2c541]


Current CompileTask:
C2:  25433 5979       4       groovy.lang.MetaClassImpl::findPropertyMethod (356 bytes)


---------------  P R O C E S S  ---------------

Java Threads: ( => current thread )
  0x0000000009435000 JavaThread "net.sf.ehcache.CacheManager@aa87171" daemon [_thread_blocked, id=6504, stack(0x00000000218f0000,0x00000000219f0000)]
  0x0000000009434000 JavaThread "H2 Log Writer DEVDB" daemon [_thread_blocked, id=1916, stack(0x000000001f020000,0x000000001f120000)]
  0x0000000009433800 JavaThread "H2 File Lock Watchdog C:/Users/Gabriel/IdeaProjects/DominiosYConstraints/TallerExposiciones/devDb.lock.db" daemon [_thread_blocked, id=7448, stack(0x0000000020dd0000,0x0000000020ed0000)]
  0x0000000009432800 JavaThread "PoolCleaner[1477637771:1432183557738]" daemon [_thread_blocked, id=7232, stack(0x000000000e150000,0x000000000e250000)]
  0x0000000009664800 JavaThread "FileSystemWatcher: files=#126 cl=groovy.lang.GroovyClassLoader@5812f68b" daemon [_thread_blocked, id=7172, stack(0x000000000e250000,0x000000000e350000)]
  0x000000000b544800 JavaThread "localhost-startStop-1" daemon [_thread_in_native, id=8984, stack(0x000000000dff0000,0x000000000e0f0000)]
  0x000000000bf72800 JavaThread "Tomcat-startStop-1" daemon [_thread_blocked, id=6840, stack(0x0000000008d10000,0x0000000008e10000)]
  0x000000000bf40000 JavaThread "Thread-3" [_thread_in_native, id=8392, stack(0x000000000dc00000,0x000000000dd00000)]
  0x00000000098a7800 JavaThread "Thread-2" [_thread_blocked, id=8876, stack(0x000000000c820000,0x000000000c920000)]
  0x0000000009770800 JavaThread "NonBlockingInputStreamThread" daemon [_thread_blocked, id=8800, stack(0x0000000009f10000,0x000000000a010000)]
  0x00000000074dd800 JavaThread "Service Thread" daemon [_thread_blocked, id=8240, stack(0x0000000008fa0000,0x00000000090a0000)]
  0x000000000737e000 JavaThread "C1 CompilerThread3" daemon [_thread_blocked, id=5996, stack(0x0000000008e10000,0x0000000008f10000)]
  0x000000000737d000 JavaThread "C2 CompilerThread2" daemon [_thread_in_native, id=5892, stack(0x0000000008be0000,0x0000000008ce0000)]
=>0x000000000735a000 JavaThread "C2 CompilerThread1" daemon [_thread_in_native, id=4404, stack(0x0000000008670000,0x0000000008770000)]
  0x0000000007358800 JavaThread "C2 CompilerThread0" daemon [_thread_in_native, id=7104, stack(0x00000000089a0000,0x0000000008aa0000)]
  0x000000000726e000 JavaThread "Attach Listener" daemon [_thread_blocked, id=9104, stack(0x00000000087e0000,0x00000000088e0000)]
  0x000000000726b000 JavaThread "Signal Dispatcher" daemon [_thread_blocked, id=7296, stack(0x0000000008570000,0x0000000008670000)]
  0x000000000609c800 JavaThread "Finalizer" daemon [_thread_blocked, id=2336, stack(0x0000000008440000,0x0000000008540000)]
  0x000000000262d000 JavaThread "Reference Handler" daemon [_thread_blocked, id=3728, stack(0x0000000008160000,0x0000000008260000)]
  0x000000000259a000 JavaThread "main" [_thread_blocked, id=8752, stack(0x0000000002680000,0x0000000002780000)]

Other Threads:
  0x000000000608f800 VMThread [stack: 0x0000000008270000,0x0000000008370000] [id=6380]
  0x0000000007442800 WatcherThread [stack: 0x0000000009100000,0x0000000009200000] [id=2052]

VM state:not at safepoint (normal execution)

VM Mutex/Monitor currently owned by a thread: None

Heap:
 PSYoungGen      total 223232K, used 71438K [0x00000000f0000000, 0x0000000100000000, 0x0000000100000000)
  eden space 202752K, 25% used [0x00000000f0000000,0x00000000f31c4870,0x00000000fc600000)
  from space 20480K, 99% used [0x00000000fec00000,0x00000000fffff290,0x0000000100000000)
  to   space 29696K, 0% used [0x00000000fc600000,0x00000000fc600000,0x00000000fe300000)
 ParOldGen       total 90112K, used 78868K [0x00000000d0000000, 0x00000000d5800000, 0x00000000f0000000)
  object space 90112K, 87% used [0x00000000d0000000,0x00000000d4d05058,0x00000000d5800000)
 Metaspace       used 59385K, capacity 61106K, committed 61440K, reserved 1103872K
  class space    used 6578K, capacity 7072K, committed 7168K, reserved 1048576K

Card table byte_map: [0x0000000002f70000,0x0000000003100000] byte_map_base: 0x00000000028f0000

Marking Bits: (ParMarkBitMap*) 0x000000005bdc12b0
 Begin Bits: [0x0000000003d30000, 0x0000000004930000)
 End Bits:   [0x0000000004930000, 0x0000000005530000)

Polling page: 0x0000000000140000

CodeCache: size=245760Kb used=19671Kb max_used=21112Kb free=226088Kb
 bounds [0x000000000f010000, 0x00000000104e0000, 0x000000001e010000]
 total_blobs=5957 nmethods=5203 adapters=664
 compilation: enabled

Compilation events (10 events):
Event: 25.368 Thread 0x000000000737e000 5983       2       groovy.lang.MetaClassImpl::isInvokeMethod (27 bytes)
Event: 25.368 Thread 0x000000000737e000 nmethod 5983 0x000000000f227cd0 code [0x000000000f227e60, 0x000000000f228068]
Event: 25.379 Thread 0x000000000735a000 nmethod 5923 0x000000000f783fd0 code [0x000000000f784be0, 0x000000000f78b848]
Event: 25.381 Thread 0x000000000735a000 5979       4       groovy.lang.MetaClassImpl::findPropertyMethod (356 bytes)
Event: 25.388 Thread 0x000000000737e000 5985   !   2       sun.net.www.ParseUtil::decode (316 bytes)
Event: 25.391 Thread 0x000000000737e000 nmethod 5985 0x000000000f88fe10 code [0x000000000f890140, 0x000000000f891298]
Event: 25.407 Thread 0x000000000737e000 5986       2       com.sun.proxy.$Proxy16::<init> (6 bytes)
Event: 25.407 Thread 0x000000000737e000 nmethod 5986 0x000000000f180090 code [0x000000000f180200, 0x000000000f180408]
Event: 25.409 Thread 0x000000000737e000 5987       2       org.codehaus.groovy.grails.commons.DefaultGrailsApplication::getArtefactInfo (48 bytes)
Event: 25.409 Thread 0x000000000737e000 nmethod 5987 0x000000000f1bea50 code [0x000000000f1bebe0, 0x000000000f1bee98]

GC Heap History (10 events):
Event: 18.265 GC heap before
{Heap before GC invocations=62 (full 5):
 PSYoungGen      total 225792K, used 216468K [0x00000000f0000000, 0x00000000fef80000, 0x0000000100000000)
  eden space 209408K, 100% used [0x00000000f0000000,0x00000000fcc80000,0x00000000fcc80000)
  from space 16384K, 43% used [0x00000000fdf80000,0x00000000fe665030,0x00000000fef80000)
  to   space 17920K, 0% used [0x00000000fcc80000,0x00000000fcc80000,0x00000000fde00000)
 ParOldGen       total 76800K, used 63884K [0x00000000d0000000, 0x00000000d4b00000, 0x00000000f0000000)
  object space 76800K, 83% used [0x00000000d0000000,0x00000000d3e63318,0x00000000d4b00000)
 Metaspace       used 54393K, capacity 55968K, committed 56192K, reserved 1099776K
  class space    used 5985K, capacity 6442K, committed 6528K, reserved 1048576K
Event: 18.492 GC heap after
Heap after GC invocations=62 (full 5):
 PSYoungGen      total 227328K, used 10691K [0x00000000f0000000, 0x0000000100000000, 0x0000000100000000)
  eden space 209408K, 0% used [0x00000000f0000000,0x00000000f0000000,0x00000000fcc80000)
  from space 17920K, 59% used [0x00000000fcc80000,0x00000000fd6f0c38,0x00000000fde00000)
  to   space 18432K, 0% used [0x00000000fee00000,0x00000000fee00000,0x0000000100000000)
 ParOldGen       total 76800K, used 63892K [0x00000000d0000000, 0x00000000d4b00000, 0x00000000f0000000)
  object space 76800K, 83% used [0x00000000d0000000,0x00000000d3e65318,0x00000000d4b00000)
 Metaspace       used 54393K, capacity 55968K, committed 56192K, reserved 1099776K
  class space    used 5985K, capacity 6442K, committed 6528K, reserved 1048576K
}
Event: 19.915 GC heap before
{Heap before GC invocations=63 (full 5):
 PSYoungGen      total 227328K, used 220099K [0x00000000f0000000, 0x0000000100000000, 0x0000000100000000)
  eden space 209408K, 100% used [0x00000000f0000000,0x00000000fcc80000,0x00000000fcc80000)
  from space 17920K, 59% used [0x00000000fcc80000,0x00000000fd6f0c38,0x00000000fde00000)
  to   space 18432K, 0% used [0x00000000fee00000,0x00000000fee00000,0x0000000100000000)
 ParOldGen       total 76800K, used 63892K [0x00000000d0000000, 0x00000000d4b00000, 0x00000000f0000000)
  object space 76800K, 83% used [0x00000000d0000000,0x00000000d3e65318,0x00000000d4b00000)
 Metaspace       used 55575K, capacity 57198K, committed 57600K, reserved 1099776K
  class space    used 6123K, capacity 6584K, committed 6656K, reserved 1048576K
Event: 19.981 GC heap after
Heap after GC invocations=63 (full 5):
 PSYoungGen      total 239616K, used 16251K [0x00000000f0000000, 0x0000000100000000, 0x0000000100000000)
  eden space 221184K, 0% used [0x00000000f0000000,0x00000000f0000000,0x00000000fd800000)
  from space 18432K, 88% used [0x00000000fee00000,0x00000000ffdded50,0x0000000100000000)
  to   space 20480K, 0% used [0x00000000fd800000,0x00000000fd800000,0x00000000fec00000)
 ParOldGen       total 76800K, used 64060K [0x00000000d0000000, 0x00000000d4b00000, 0x00000000f0000000)
  object space 76800K, 83% used [0x00000000d0000000,0x00000000d3e8f318,0x00000000d4b00000)
 Metaspace       used 55575K, capacity 57198K, committed 57600K, reserved 1099776K
  class space    used 6123K, capacity 6584K, committed 6656K, reserved 1048576K
}
Event: 21.881 GC heap before
{Heap before GC invocations=64 (full 5):
 PSYoungGen      total 239616K, used 237435K [0x00000000f0000000, 0x0000000100000000, 0x0000000100000000)
  eden space 221184K, 100% used [0x00000000f0000000,0x00000000fd800000,0x00000000fd800000)
  from space 18432K, 88% used [0x00000000fee00000,0x00000000ffdded50,0x0000000100000000)
  to   space 20480K, 0% used [0x00000000fd800000,0x00000000fd800000,0x00000000fec00000)
 ParOldGen       total 76800K, used 64060K [0x00000000d0000000, 0x00000000d4b00000, 0x00000000f0000000)
  object space 76800K, 83% used [0x00000000d0000000,0x00000000d3e8f318,0x00000000d4b00000)
 Metaspace       used 57250K, capacity 58938K, committed 59264K, reserved 1101824K
  class space    used 6269K, capacity 6755K, committed 6784K, reserved 1048576K
Event: 21.980 GC heap after
Heap after GC invocations=64 (full 5):
 PSYoungGen      total 241664K, used 20450K [0x00000000f0000000, 0x0000000100000000, 0x0000000100000000)
  eden space 221184K, 0% used [0x00000000f0000000,0x00000000f0000000,0x00000000fd800000)
  from space 20480K, 99% used [0x00000000fd800000,0x00000000febf8870,0x00000000fec00000)
  to   space 20480K, 0% used [0x00000000fec00000,0x00000000fec00000,0x0000000100000000)
 ParOldGen       total 76800K, used 70557K [0x00000000d0000000, 0x00000000d4b00000, 0x00000000f0000000)
  object space 76800K, 91% used [0x00000000d0000000,0x00000000d44e74e8,0x00000000d4b00000)
 Metaspace       used 57250K, capacity 58938K, committed 59264K, reserved 1101824K
  class space    used 6269K, capacity 6755K, committed 6784K, reserved 1048576K
}
Event: 21.980 GC heap before
{Heap before GC invocations=65 (full 6):
 PSYoungGen      total 241664K, used 20450K [0x00000000f0000000, 0x0000000100000000, 0x0000000100000000)
  eden space 221184K, 0% used [0x00000000f0000000,0x00000000f0000000,0x00000000fd800000)
  from space 20480K, 99% used [0x00000000fd800000,0x00000000febf8870,0x00000000fec00000)
  to   space 20480K, 0% used [0x00000000fec00000,0x00000000fec00000,0x0000000100000000)
 ParOldGen       total 76800K, used 70557K [0x00000000d0000000, 0x00000000d4b00000, 0x00000000f0000000)
  object space 76800K, 91% used [0x00000000d0000000,0x00000000d44e74e8,0x00000000d4b00000)
 Metaspace       used 57250K, capacity 58938K, committed 59264K, reserved 1101824K
  class space    used 6269K, capacity 6755K, committed 6784K, reserved 1048576K
Event: 23.371 GC heap after
Heap after GC invocations=65 (full 6):
 PSYoungGen      total 241664K, used 13675K [0x00000000f0000000, 0x0000000100000000, 0x0000000100000000)
  eden space 221184K, 0% used [0x00000000f0000000,0x00000000f0000000,0x00000000fd800000)
  from space 20480K, 66% used [0x00000000fd800000,0x00000000fe55acb8,0x00000000fec00000)
  to   space 20480K, 0% used [0x00000000fec00000,0x00000000fec00000,0x0000000100000000)
 ParOldGen       total 90112K, used 76651K [0x00000000d0000000, 0x00000000d5800000, 0x00000000f0000000)
  object space 90112K, 85% used [0x00000000d0000000,0x00000000d4adafd8,0x00000000d5800000)
 Metaspace       used 57250K, capacity 58938K, committed 59264K, reserved 1101824K
  class space    used 6269K, capacity 6755K, committed 6784K, reserved 1048576K
}
Event: 25.142 GC heap before
{Heap before GC invocations=66 (full 6):
 PSYoungGen      total 241664K, used 231984K [0x00000000f0000000, 0x0000000100000000, 0x0000000100000000)
  eden space 221184K, 98% used [0x00000000f0000000,0x00000000fd5316a8,0x00000000fd800000)
  from space 20480K, 66% used [0x00000000fd800000,0x00000000fe55acb8,0x00000000fec00000)
  to   space 20480K, 0% used [0x00000000fec00000,0x00000000fec00000,0x0000000100000000)
 ParOldGen       total 90112K, used 76651K [0x00000000d0000000, 0x00000000d5800000, 0x00000000f0000000)
  object space 90112K, 85% used [0x00000000d0000000,0x00000000d4adafd8,0x00000000d5800000)
 Metaspace       used 59152K, capacity 60800K, committed 61056K, reserved 1103872K
  class space    used 6530K, capacity 7012K, committed 7040K, reserved 1048576K
Event: 25.171 GC heap after
Heap after GC invocations=66 (full 6):
 PSYoungGen      total 223232K, used 20476K [0x00000000f0000000, 0x0000000100000000, 0x0000000100000000)
  eden space 202752K, 0% used [0x00000000f0000000,0x00000000f0000000,0x00000000fc600000)
  from space 20480K, 99% used [0x00000000fec00000,0x00000000fffff290,0x0000000100000000)
  to   space 29696K, 0% used [0x00000000fc600000,0x00000000fc600000,0x00000000fe300000)
 ParOldGen       total 90112K, used 78868K [0x00000000d0000000, 0x00000000d5800000, 0x00000000f0000000)
  object space 90112K, 87% used [0x00000000d0000000,0x00000000d4d05058,0x00000000d5800000)
 Metaspace       used 59152K, capacity 60800K, committed 61056K, reserved 1103872K
  class space    used 6530K, capacity 7012K, committed 7040K, reserved 1048576K
}

Deoptimization events (10 events):
Event: 19.863 Thread 0x000000000b544800 Uncommon trap: reason=bimorphic action=maybe_recompile pc=0x000000001029dab8 method=groovy.lang.MetaClassImpl$1MOPIter.methodNameAction(Ljava/lang/Class;Lorg/codehaus/groovy/runtime/metaclass/MetaMethodIndex$Entry;)V @ 62
Event: 20.004 Thread 0x000000000b544800 Uncommon trap: reason=bimorphic action=maybe_recompile pc=0x000000000f76bf4c method=org.codehaus.groovy.runtime.metaclass.MetaMethodIndex.addMethodToList(Ljava/lang/Object;Lgroovy/lang/MetaMethod;)Ljava/lang/Object; @ 97
Event: 20.004 Thread 0x000000000b544800 Uncommon trap: reason=bimorphic action=maybe_recompile pc=0x000000000f76bf4c method=org.codehaus.groovy.runtime.metaclass.MetaMethodIndex.addMethodToList(Ljava/lang/Object;Lgroovy/lang/MetaMethod;)Ljava/lang/Object; @ 97
Event: 21.464 Thread 0x000000000b544800 Uncommon trap: reason=array_check action=maybe_recompile pc=0x0000000010312398 method=java.util.AbstractCollection.toArray([Ljava/lang/Object;)[Ljava/lang/Object; @ 119
Event: 21.464 Thread 0x000000000b544800 Uncommon trap: reason=array_check action=maybe_recompile pc=0x0000000010312398 method=java.util.AbstractCollection.toArray([Ljava/lang/Object;)[Ljava/lang/Object; @ 119
Event: 21.464 Thread 0x000000000b544800 Uncommon trap: reason=array_check action=maybe_recompile pc=0x0000000010312398 method=java.util.AbstractCollection.toArray([Ljava/lang/Object;)[Ljava/lang/Object; @ 119
Event: 21.464 Thread 0x000000000b544800 Uncommon trap: reason=array_check action=maybe_recompile pc=0x0000000010312398 method=java.util.AbstractCollection.toArray([Ljava/lang/Object;)[Ljava/lang/Object; @ 119
Event: 24.311 Thread 0x000000000b544800 Uncommon trap: reason=null_check action=make_not_entrant pc=0x0000000010447170 method=org.springsource.loaded.ri.ReloadableTypeMethodProvider.getMethod(Ljava/lang/String;[Ljava/lang/Class;)Lorg/springsource/loaded/ri/Invoker; @ 28
Event: 24.337 Thread 0x000000000b544800 Uncommon trap: reason=predicate action=maybe_recompile pc=0x0000000010420110 method=java.util.TimSort.binarySort([Ljava/lang/Object;IIILjava/util/Comparator;)V @ 37
Event: 24.534 Thread 0x000000000b544800 Uncommon trap: reason=unloaded action=reinterpret pc=0x000000000f82783c method=org.springframework.core.BridgeMethodResolver.findBridgedMethod(Ljava/lang/reflect/Method;)Ljava/lang/reflect/Method; @ 13

Internal exceptions (10 events):
Event: 25.385 Thread 0x000000000b544800 Exception <a 'java/security/PrivilegedActionException'> (0x00000000f2b27320) thrown at [C:\re\workspace\8-2-build-windows-amd64-cygwin\jdk8u11\648\hotspot\src\share\vm\prims\jvm.cpp, line 1248]
Event: 25.386 Thread 0x000000000b544800 Exception <a 'java/security/PrivilegedActionException'> (0x00000000f2b56ae0) thrown at [C:\re\workspace\8-2-build-windows-amd64-cygwin\jdk8u11\648\hotspot\src\share\vm\prims\jvm.cpp, line 1248]
Event: 25.386 Thread 0x000000000b544800 Exception <a 'java/lang/ClassNotFoundException': org/codehaus/groovy/grails/plugins/web/ControllersGrailsPlugin$_closure3_closure21Customizer> (0x00000000f2b57598) thrown at [C:\re\workspace\8-2-build-windows-amd64-cygwin\jdk8u11\648\hotspot\src\share\vm\cm’–th9@
Event: 25.408 Thread 0x000000000b544800 Exception <a 'java/security/PrivilegedActionException'> (0x00000000f2d2ff88) thrown at [C:\re\workspace\8-2-build-windows-amd64-cygwin\jdk8u11\648\hotspot\src\share\vm\prims\jvm.cpp, line 1248]
Event: 25.408 Thread 0x000000000b544800 Exception <a 'java/security/PrivilegedActionException'> (0x00000000f2d34178) thrown at [C:\re\workspace\8-2-build-windows-amd64-cygwin\jdk8u11\648\hotspot\src\share\vm\prims\jvm.cpp, line 1248]
Event: 25.409 Thread 0x000000000b544800 Exception <a 'java/lang/ClassNotFoundException': groovy/runtime/metaclass/[Ljava/lang/Class;MetaClass> (0x00000000f2d3cf58) thrown at [C:\re\workspace\8-2-build-windows-amd64-cygwin\jdk8u11\648\hotspot\src\share\vm\prims\jni.cpp, line 742]
Event: 25.410 Thread 0x000000000b544800 Exception <a 'java/lang/ClassNotFoundException': [Ljava/lang/Class;BeanInfo> (0x00000000f2d43938) thrown at [C:\re\workspace\8-2-build-windows-amd64-cygwin\jdk8u11\648\hotspot\src\share\vm\prims\jni.cpp, line 742]
Event: 25.410 Thread 0x000000000b544800 Exception <a 'java/lang/ClassNotFoundException': [Ljava/lang/Class;BeanInfo> (0x00000000f2d43e70) thrown at [C:\re\workspace\8-2-build-windows-amd64-cygwin\jdk8u11\648\hotspot\src\share\vm\prims\jni.cpp, line 742]
Event: 25.410 Thread 0x000000000b544800 Exception <a 'java/lang/ClassNotFoundException': [Ljava/lang/Class;Customizer> (0x00000000f2d44570) thrown at [C:\re\workspace\8-2-build-windows-amd64-cygwin\jdk8u11\648\hotspot\src\share\vm\prims\jni.cpp, line 742]
Event: 25.410 Thread 0x000000000b544800 Exception <a 'java/lang/ClassNotFoundException': [Ljava/lang/Class;Customizer> (0x00000000f2d44aa8) thrown at [C:\re\workspace\8-2-build-windows-amd64-cygwin\jdk8u11\648\hotspot\src\share\vm\prims\jni.cpp, line 742]

Events (10 events):
Event: 25.408 loading class groovy/runtime/metaclass/java/lang/reflect/MethodMetaClass
Event: 25.408 loading class groovy/runtime/metaclass/java/lang/reflect/MethodMetaClass done
Event: 25.408 Thread 0x000000000737e000 flushing nmethod 0x000000000feabd90
Event: 25.408 Thread 0x000000000737e000 flushing nmethod 0x000000000fed0990
Event: 25.409 Thread 0x000000000737e000 flushing nmethod 0x000000000fef8010
Event: 25.409 Thread 0x000000000737e000 flushing nmethod 0x000000000ff0a350
Event: 25.409 Thread 0x000000000737e000 flushing nmethod 0x000000000ff434d0
Event: 25.409 Thread 0x000000000737e000 flushing nmethod 0x000000000ff55590
Event: 25.410 Thread 0x000000000737e000 flushing nmethod 0x000000000ffad390
Event: 25.410 Thread 0x000000000737e000 flushing nmethod 0x000000000ffbb910


Dynamic libraries:
0x000000013fb20000 - 0x000000013fb54000 	C:\Program Files\Java\jdk1.8.0_11\bin\java.exe
0x00000000770a0000 - 0x0000000077249000 	C:\Windows\SYSTEM32\ntdll.dll
0x0000000076f80000 - 0x000000007709f000 	C:\Windows\system32\kernel32.dll
0x000007fefc130000 - 0x000007fefc19c000 	C:\Windows\system32\KERNELBASE.dll
0x000007fefcd50000 - 0x000007fefce2b000 	C:\Windows\system32\ADVAPI32.dll
0x000007fefcb60000 - 0x000007fefcbff000 	C:\Windows\system32\msvcrt.dll
0x000007fefc5f0000 - 0x000007fefc60f000 	C:\Windows\SYSTEM32\sechost.dll
0x000007fefd250000 - 0x000007fefd37d000 	C:\Windows\system32\RPCRT4.dll
0x0000000076e80000 - 0x0000000076f7a000 	C:\Windows\system32\USER32.dll
0x000007fefcce0000 - 0x000007fefcd47000 	C:\Windows\system32\GDI32.dll
0x000007fefe560000 - 0x000007fefe56e000 	C:\Windows\system32\LPK.dll
0x000007fefd180000 - 0x000007fefd249000 	C:\Windows\system32\USP10.dll
0x000007fefb030000 - 0x000007fefb224000 	C:\Windows\WinSxS\amd64_microsoft.windows.common-controls_6595b64144ccf1df_6.0.7601.17514_none_fa396087175ac9ac\COMCTL32.dll
0x000007fefc9b0000 - 0x000007fefca21000 	C:\Windows\system32\SHLWAPI.dll
0x000007fefcfc0000 - 0x000007fefcfee000 	C:\Windows\system32\IMM32.DLL
0x000007fefcff0000 - 0x000007fefd0f9000 	C:\Windows\system32\MSCTF.dll
0x000007fefbf40000 - 0x000007fefbf86000 	C:\Windows\system32\nvinitx.dll
0x000000000f000000 - 0x000000000f006000 	C:\Program Files\NVIDIA Corporation\CoProcManager\_etoured.dll
0x000007fef95a0000 - 0x000007fef95f5000 	C:\Program Files\NVIDIA Corporation\CoProcManager\nvd3d9wrapx.dll
0x000007fefc6d0000 - 0x000007fefc8a7000 	C:\Windows\system32\SETUPAPI.dll
0x000007fefc1a0000 - 0x000007fefc1d6000 	C:\Windows\system32\CFGMGR32.dll
0x000007fefcc00000 - 0x000007fefccd7000 	C:\Windows\system32\OLEAUT32.dll
0x000007fefd380000 - 0x000007fefd583000 	C:\Windows\system32\ole32.dll
0x000007fefc030000 - 0x000007fefc04a000 	C:\Windows\system32\DEVOBJ.dll
0x000007fef9560000 - 0x000007fef959d000 	C:\Program Files\NVIDIA Corporation\CoProcManager\nvdxgiwrapx.dll
0x0000000062ca0000 - 0x0000000062d72000 	C:\Program Files\Java\jdk1.8.0_11\jre\bin\msvcr100.dll
0x000000005b610000 - 0x000000005be3a000 	C:\Program Files\Java\jdk1.8.0_11\jre\bin\server\jvm.dll
0x000007fef5d10000 - 0x000007fef5d19000 	C:\Windows\system32\WSOCK32.dll
0x000007fefe320000 - 0x000007fefe36d000 	C:\Windows\system32\WS2_32.dll
0x000007fefe570000 - 0x000007fefe578000 	C:\Windows\system32\NSI.dll
0x000007fef99e0000 - 0x000007fef9a1b000 	C:\Windows\system32\WINMM.dll
0x0000000077270000 - 0x0000000077277000 	C:\Windows\system32\PSAPI.DLL
0x0000000064550000 - 0x000000006455f000 	C:\Program Files\Java\jdk1.8.0_11\jre\bin\verify.dll
0x0000000064520000 - 0x0000000064548000 	C:\Program Files\Java\jdk1.8.0_11\jre\bin\java.dll
0x00000000644f0000 - 0x0000000064513000 	C:\Program Files\Java\jdk1.8.0_11\jre\bin\instrument.dll
0x00000000644d0000 - 0x00000000644e6000 	C:\Program Files\Java\jdk1.8.0_11\jre\bin\zip.dll
0x000007fefd590000 - 0x000007fefe318000 	C:\Windows\system32\SHELL32.dll
0x000007fefbf90000 - 0x000007fefbf9f000 	C:\Windows\system32\profapi.dll
0x000007fefb7d0000 - 0x000007fefb7e7000 	C:\Windows\system32\CRYPTSP.dll
0x000007fefb4d0000 - 0x000007fefb517000 	C:\Windows\system32\rsaenh.dll
0x000007fefaf10000 - 0x000007fefaf2e000 	C:\Windows\system32\USERENV.dll
0x000007fefbe30000 - 0x000007fefbe3f000 	C:\Windows\system32\CRYPTBASE.dll
0x00000000644b0000 - 0x00000000644ca000 	C:\Program Files\Java\jdk1.8.0_11\jre\bin\net.dll
0x000007fefb770000 - 0x000007fefb7c5000 	C:\Windows\system32\mswsock.dll
0x000007fefb760000 - 0x000007fefb767000 	C:\Windows\System32\wship6.dll
0x000007fef8e10000 - 0x000007fef8e37000 	C:\Windows\system32\IPHLPAPI.DLL
0x000007fef8e00000 - 0x000007fef8e0b000 	C:\Windows\system32\WINNSI.DLL
0x000007fef89c0000 - 0x000007fef89d8000 	C:\Windows\system32\dhcpcsvc.DLL
0x000007fef89a0000 - 0x000007fef89b1000 	C:\Windows\system32\dhcpcsvc6.DLL
0x0000000064490000 - 0x00000000644a1000 	C:\Program Files\Java\jdk1.8.0_11\jre\bin\nio.dll
0x000007fef8740000 - 0x000007fef874a000 	C:\Users\Gabriel\AppData\Local\Temp\jansi-64-8084786957790474687.dll
0x0000000064470000 - 0x000000006447d000 	C:\Program Files\Java\jdk1.8.0_11\jre\bin\management.dll
0x000007fef9840000 - 0x000007fef9855000 	C:\Windows\system32\NLAapi.dll
0x000007fef4c40000 - 0x000007fef4c55000 	C:\Windows\system32\napinsp.dll
0x000007fef4bd0000 - 0x000007fef4be9000 	C:\Windows\system32\pnrpnsp.dll
0x000007fefb5f0000 - 0x000007fefb64b000 	C:\Windows\system32\DNSAPI.dll
0x000007fef4870000 - 0x000007fef487b000 	C:\Windows\System32\winrnr.dll
0x000007fef4860000 - 0x000007fef4870000 	C:\Windows\system32\wshbth.dll
0x000007fef52a0000 - 0x000007fef52cf000 	C:\Program Files\Common Files\Microsoft Shared\Windows Live\WLIDNSP.DLL
0x000007fefadf0000 - 0x000007fefadf7000 	C:\Windows\System32\wshtcpip.dll
0x000007fef5270000 - 0x000007fef5278000 	C:\Windows\system32\rasadhlp.dll
0x000007fef8830000 - 0x000007fef8883000 	C:\Windows\System32\fwpuclnt.dll
0x000007feeb830000 - 0x000007feeb955000 	C:\Windows\system32\dbghelp.dll

VM Arguments:
jvm_args: -Dfile.encoding=UTF-8 -Xmx768M -Xms64M -Dgrails.fork.parent.process.port=61661 -Dgrails.fork.active=true -Dgrails.build.execution.context=C:\Users\Gabriel\AppData\Local\Temp\TallerExposiciones6608607147444115159grails-execution-context -Dgrails.home=C:\grails\grails-2.4.4 -javaagent:C:\grails\grails-2.4.4\lib\org.springframework\springloaded\jars\springloaded-1.2.1.RELEASE.jar -Xverify:none -Dspringloaded.synchronize=true -Djdk.reflect.allowGetCallerClass=true -Dspringloaded=profile=grails;cacheDir=C:\Users\Gabriel\.grails\2.4.4 
java_command: org.grails.plugins.tomcat.fork.ForkedTomcatServer
java_class_path (initial): C:\Program Files\Java\jdk1.8.0_11\lib\tools.jar;C:\grails\grails-2.4.4\lib\org.codehaus.groovy\groovy-all\jars\groovy-all-2.3.7.jar;C:\grails\grails-2.4.4\lib\org.slf4j\jcl-over-slf4j\jars\jcl-over-slf4j-1.7.5.jar;C:\grails\grails-2.4.4\lib\org.codehaus.gant\gant_groovy1.8\jars\gant_groovy1.8-1.9.6.jar;C:\grails\grails-2.4.4\lib\org.apache.tomcat.embed\tomcat-embed-logging-log4j\jars\tomcat-embed-logging-log4j-7.0.50.jar;C:\grails\grails-2.4.4\dist\grails-plugin-log4j-2.4.4.jar;C:\grails\grails-2.4.4\lib\log4j\log4j\jars\log4j-1.2.17.jar;C:\grails\grails-2.4.4\dist\grails-bootstrap-2.4.4.jar;C:\grails\grails-2.4.4\lib\org.slf4j\slf4j-api\jars\slf4j-api-1.7.5.jar;C:\grails\grails-2.4.4\lib\jline\jline\jars\jline-2.12.jar;C:\grails\grails-2.4.4\lib\org.apache.ant\ant\jars\ant-1.8.4.jar;C:\grails\grails-2.4.4\lib\org.apache.ant\ant-launcher\jars\ant-launcher-1.8.4.jar;C:\grails\grails-2.4.4\lib\org.apache.ant\ant-trax\jars\ant-trax-1.7.1.jar;C:\grails\grails-2.4.4\lib\org.apache.ant\ant-junit\jars\ant-junit-1.8.4.jar;C:\grails\grails-2.4.4\lib\org.apache.ivy\ivy\jars\ivy-2.3.0.jar;C:\grails\grails-2.4.4\lib\org.fusesource.jansi\jansi\jars\jansi-1.11.jar;C:\Users\Gabriel\.m2\repository\org\apache\tomcat\tomcat-catalina-ant\7.0.55\tomcat-catalina-ant-7.0.55.jar;C:\Users\Gabriel\.m2\repository\org\apache\tomcat\embed\tomcat-embed-jasper\7.0.55\tomcat-embed-jasper-7.0.55.jar;C:\Users\Gabriel\.m2\repository\org\apache\tomcat\embed\tomcat-embed-el\7.0.55\tomcat-embed-el-7.0.55.jar;C:\Users\Gabriel\.m2\repository\org\apache\tomcat\embed\tomcat-embed-logging-log4j\7.0.55\tomcat-embed-logging-log4j-7.0.55.jar;C:\Users\Gabriel\.m2\repository\org\apache\tomcat\embed\tomcat-embed-websocket\7.0.55\tomcat-embed-websocket-7.0.55.jar;C:\Users\Gabriel\.m2\repository\org\apache\tomcat\embed\tomcat-embed-core\7.0.55\tomcat-embed-core-7.0.55.jar;C:\Users\Gabriel\.m2\repository\org\eclipse\jdt\core\compiler\ecj\3.7.2\ecj-3.7.2.jar;C:\Users\Gabriel\IdeaProjects\
Launcher Type: SUN_STANDARD

Environment Variables:
JAVA_HOME=C:\Program Files\Java\jdk1.8.0_11
PATH=C:\Program Files\Common Files\Microsoft Shared\Windows Live;C:\Program Files (x86)\Common Files\Microsoft Shared\Windows Live;C:\Program Files\NVIDIA GPU Computing Toolkit\CUDA\v5.5\bin;C:\Program Files\NVIDIA GPU Computing Toolkit\CUDA\v5.5\libnvvp;C:\Program Files (x86)\NVIDIA Corporation\PhysX\Common;C:\Windows\system32;C:\Windows;C:\Windows\System32\Wbem;C:\Windows\System32\WindowsPowerShell\v1.0\;C:\Program Files\Intel\WiFi\bin\;C:\Program Files\Common Files\Intel\WirelessCommon\;C:\Program Files (x86)\Intel\OpenCL SDK\1.5\bin\x86;C:\Program Files (x86)\Intel\OpenCL SDK\1.5\bin\x64;C:\Program Files\Lenovo\Bluetooth Software\;C:\Program Files\Lenovo\Bluetooth Software\syswow64;C:\Program Files (x86)\MySQL\MySQL Fabric 1.5.3 & MySQL Utilities 1.5.3 1.5\;C:\Program Files (x86)\MySQL\MySQL Fabric 1.5.3 & MySQL Utilities 1.5.3 1.5\Doctrine extensions for PHP\;C:\Program Files\MATLAB\R2013b\runtime\win64;C:\Program Files\MATLAB\R2013b\bin;C:\Program Files\MATLAB\R2013b\polyspace\bin;C:\PROGRA~1\Java\jdk1.8.0_11;C:\grails\grails-2.5.0\bin;C:\Program Files (x86)\Windows Live\Shared;C:\PROGRA~2\Groovy\GROOVY~1.0\bin;C:\Program Files\nodejs\;C:\Program Files (x86)\Git\cmd;C:\Program Files\Intel\WiFi\bin\;C:\Program Files\Common Files\Intel\WirelessCommon\;C:\Program Files\Python34;C:\grails\grails-2.5.0;C:\Users\Gabriel\AppData\Roaming\npm;C:\Program Files\apache-ant-1.9.4\bin;C:\PROGRA~2\Android\sdk\tools;C:\PROGRA~2\Android\sdk\platform-tools;.;;.;
USERNAME=Gabriel
OS=Windows_NT
PROCESSOR_IDENTIFIER=Intel64 Family 6 Model 58 Stepping 9, GenuineIntel



---------------  S Y S T E M  ---------------

OS: Windows 7 , 64 bit Build 7601 Service Pack 1

CPU:total 8 (4 cores per cpu, 2 threads per core) family 6 model 58 stepping 9, cmov, cx8, fxsr, mmx, sse, sse2, sse3, ssse3, sse4.1, sse4.2, popcnt, avx, aes, clmul, erms, ht, tsc, tscinvbit

Memory: 4k page, physical 8285468k(1763460k free), swap 16569080k(9200456k free)

vm_info: Java HotSpot(TM) 64-Bit Server VM (25.11-b03) for windows-amd64 JRE (1.8.0_11-b12), built on Jun 16 2014 20:57:32 by "java_re" with MS VC++ 10.0 (VS2010)

time: Wed May 20 23:46:11 2015
elapsed time: 25 seconds

