#
# A fatal error has been detected by the Java Runtime Environment:
#
#  EXCEPTION_ACCESS_VIOLATION (0xc0000005) at pc=0x0000000059ae4db2, pid=8416, tid=8728
#
# JRE version: Java(TM) SE Runtime Environment (8.0_11-b12) (build 1.8.0_11-b12)
# Java VM: Java HotSpot(TM) 64-Bit Server VM (25.11-b03 mixed mode windows-amd64 compressed oops)
# Problematic frame:
# V  [jvm.dll+0x424db2]
#
# Failed to write core dump. Minidumps are not enabled by default on client versions of Windows
#
# If you would like to submit a bug report, please visit:
#   http://bugreport.sun.com/bugreport/crash.jsp
#

---------------  T H R E A D  ---------------

Current thread (0x0000000007530000):  JavaThread "C2 CompilerThread0" daemon [_thread_in_native, id=8728, stack(0x00000000089e0000,0x0000000008ae0000)]

siginfo: ExceptionCode=0xc0000005, reading address 0x0000000000000000

Registers:
RAX=0x000000001ee32d58, RBX=0x0000000000000600, RCX=0x0000000000000000, RDX=0x00000000094eda20
RSP=0x0000000008adc5f0, RBP=0x00000000000000c0, RSI=0x00000000000000b8, RDI=0x0000000000000000
R8 =0x00000000596c0000, R9 =0x0000000008adc910, R10=0x00000000ffffffff, R11=0x00000000075500c0
R12=0x000000001ee33460, R13=0x000000000bfa0a68, R14=0x0000000000000008, R15=0x000000000bfa0a68
RIP=0x0000000059ae4db2, EFLAGS=0x0000000000010206

Top of Stack: (sp=0x0000000008adc5f0)
0x0000000008adc5f0:   00000000000000da 00000000094e95b0
0x0000000008adc600:   000000001ee2f2f0 00000000094e95b0
0x0000000008adc610:   0000000000000001 0000000000000600
0x0000000008adc620:   0000000000000180 00000000000000c0
0x0000000008adc630:   000000001e7e54d0 0000000007536cd0
0x0000000008adc640:   00000000000006d0 00000000094e95b0
0x0000000008adc650:   0000000008adc910 000000001ee2fed0
0x0000000008adc660:   0000000000000020 0000000000000009
0x0000000008adc670:   000000001ee33430 00000000000000da
0x0000000008adc680:   000000000bfa0a68 0000000059ae598d
0x0000000008adc690:   000000001ee33430 000000000000001c
0x0000000008adc6a0:   00000000000000da 0000000008adc910
0x0000000008adc6b0:   00000000094eda20 00000000000000da
0x0000000008adc6c0:   000000001ee2fed0 0000000000000020
0x0000000008adc6d0:   000000000a13fca8 0000000008adec80
0x0000000008adc6e0:   000000000a1402d8 000000001ee33430 

Instructions: (pc=0x0000000059ae4db2)
0x0000000059ae4d92:   c6 48 63 f0 48 03 f1 eb 04 48 83 ce ff 48 8b 84
0x0000000059ae4da2:   24 a0 00 00 00 48 8b 40 08 48 8b 3c 03 48 8b cf
0x0000000059ae4db2:   48 8b 07 ff 50 28 4c 8d 05 41 b2 bd ff 48 63 50
0x0000000059ae4dc2:   10 4c 8b d8 48 8b ca 48 c1 e1 05 42 80 bc 01 c0 


Register to memory mapping:

RAX=0x000000001ee32d58 is an unknown value
RBX=0x0000000000000600 is an unknown value
RCX=0x0000000000000000 is an unknown value
RDX=0x00000000094eda20 is an unknown value
RSP=0x0000000008adc5f0 is pointing into the stack for thread: 0x0000000007530000
RBP=0x00000000000000c0 is an unknown value
RSI=0x00000000000000b8 is an unknown value
RDI=0x0000000000000000 is an unknown value
R8 =0x00000000596c0000 is an unknown value
R9 =0x0000000008adc910 is pointing into the stack for thread: 0x0000000007530000
R10=0x00000000ffffffff is an unknown value
R11=0x00000000075500c0 is an unknown value
R12=0x000000001ee33460 is an unknown value
R13=0x000000000bfa0a68 is an unknown value
R14=0x0000000000000008 is an unknown value
R15=0x000000000bfa0a68 is an unknown value


Stack: [0x00000000089e0000,0x0000000008ae0000],  sp=0x0000000008adc5f0,  free space=1009k
Native frames: (J=compiled Java code, j=interpreted, Vv=VM code, C=native code)
V  [jvm.dll+0x424db2]
V  [jvm.dll+0x42598d]
V  [jvm.dll+0x425ecf]
V  [jvm.dll+0x4c5a84]
V  [jvm.dll+0x4415bc]
V  [jvm.dll+0x443a29]
V  [jvm.dll+0x427722]
V  [jvm.dll+0x96982]
V  [jvm.dll+0x97173]
V  [jvm.dll+0x2234b4]
V  [jvm.dll+0x27bcca]
C  [msvcr100.dll+0x21d9f]
C  [msvcr100.dll+0x21e3b]
C  [kernel32.dll+0x159ed]
C  [ntdll.dll+0x2c541]


Current CompileTask:
C2:  24051 6022       4       groovy.lang.MetaClassImpl::findPropertyMethod (356 bytes)


---------------  P R O C E S S  ---------------

Java Threads: ( => current thread )
  0x000000000d7d2000 JavaThread "net.sf.ehcache.CacheManager@5e301f07" daemon [_thread_blocked, id=4880, stack(0x0000000021670000,0x0000000021770000)]
  0x0000000009609000 JavaThread "H2 Log Writer DEVDB" daemon [_thread_blocked, id=7724, stack(0x000000000eef0000,0x000000000eff0000)]
  0x0000000009801800 JavaThread "H2 File Lock Watchdog C:/Users/Gabriel/IdeaProjects/DominiosYConstraints/TallerExposiciones/devDb.lock.db" daemon [_thread_blocked, id=7340, stack(0x0000000020c10000,0x0000000020d10000)]
  0x000000000a3ac000 JavaThread "PoolCleaner[1477637771:1431577535735]" daemon [_thread_blocked, id=8540, stack(0x000000000c480000,0x000000000c580000)]
  0x000000000a4e3000 JavaThread "FileSystemWatcher: files=#128 cl=groovy.lang.GroovyClassLoader@5812f68b" daemon [_thread_blocked, id=7916, stack(0x000000000ded0000,0x000000000dfd0000)]
  0x000000000baf3800 JavaThread "localhost-startStop-1" daemon [_thread_in_native, id=8608, stack(0x000000000e3f0000,0x000000000e4f0000)]
  0x000000000b70b000 JavaThread "Tomcat-startStop-1" daemon [_thread_blocked, id=5528, stack(0x000000000e280000,0x000000000e380000)]
  0x000000000ba55000 JavaThread "Thread-3" [_thread_in_native, id=8000, stack(0x000000000ddc0000,0x000000000dec0000)]
  0x000000000a223000 JavaThread "Thread-2" [_thread_blocked, id=7296, stack(0x000000000ca60000,0x000000000cb60000)]
  0x0000000009799000 JavaThread "NonBlockingInputStreamThread" daemon [_thread_blocked, id=7684, stack(0x0000000009f70000,0x000000000a070000)]
  0x000000000766d000 JavaThread "Service Thread" daemon [_thread_blocked, id=8948, stack(0x0000000008600000,0x0000000008700000)]
  0x0000000007547000 JavaThread "C1 CompilerThread3" daemon [_thread_blocked, id=8596, stack(0x00000000090a0000,0x00000000091a0000)]
  0x0000000007546000 JavaThread "C2 CompilerThread2" daemon [_thread_in_native, id=7352, stack(0x0000000008e90000,0x0000000008f90000)]
  0x0000000007532000 JavaThread "C2 CompilerThread1" daemon [_thread_in_native, id=6964, stack(0x0000000008d20000,0x0000000008e20000)]
=>0x0000000007530000 JavaThread "C2 CompilerThread0" daemon [_thread_in_native, id=8728, stack(0x00000000089e0000,0x0000000008ae0000)]
  0x0000000007425800 JavaThread "Attach Listener" daemon [_thread_blocked, id=8724, stack(0x0000000008b10000,0x0000000008c10000)]
  0x0000000007423000 JavaThread "Signal Dispatcher" daemon [_thread_blocked, id=4648, stack(0x00000000088d0000,0x00000000089d0000)]
  0x0000000006260800 JavaThread "Finalizer" daemon [_thread_blocked, id=7356, stack(0x0000000008710000,0x0000000008810000)]
  0x0000000006256000 JavaThread "Reference Handler" daemon [_thread_blocked, id=6764, stack(0x0000000008320000,0x0000000008420000)]
  0x000000000254a000 JavaThread "main" [_thread_blocked, id=9104, stack(0x0000000002800000,0x0000000002900000)]

Other Threads:
  0x000000000624f800 VMThread [stack: 0x00000000084c0000,0x00000000085c0000] [id=7720]
  0x000000000766f000 WatcherThread [stack: 0x00000000092b0000,0x00000000093b0000] [id=3504]

VM state:not at safepoint (normal execution)

VM Mutex/Monitor currently owned by a thread: None

Heap:
 PSYoungGen      total 226304K, used 218312K [0x00000000f0000000, 0x0000000100000000, 0x0000000100000000)
  eden space 202752K, 96% used [0x00000000f0000000,0x00000000fbe77208,0x00000000fc600000)
  from space 23552K, 98% used [0x00000000fc600000,0x00000000fdcbaea0,0x00000000fdd00000)
  to   space 32256K, 0% used [0x00000000fe080000,0x00000000fe080000,0x0000000100000000)
 ParOldGen       total 92160K, used 76637K [0x00000000d0000000, 0x00000000d5a00000, 0x00000000f0000000)
  object space 92160K, 83% used [0x00000000d0000000,0x00000000d4ad7608,0x00000000d5a00000)
 Metaspace       used 60134K, capacity 61884K, committed 62080K, reserved 1103872K
  class space    used 6684K, capacity 7170K, committed 7296K, reserved 1048576K

Card table byte_map: [0x00000000030b0000,0x0000000003240000] byte_map_base: 0x0000000002a30000

Marking Bits: (ParMarkBitMap*) 0x0000000059e712b0
 Begin Bits: [0x0000000003ef0000, 0x0000000004af0000)
 End Bits:   [0x0000000004af0000, 0x00000000056f0000)

Polling page: 0x0000000000230000

CodeCache: size=245760Kb used=19648Kb max_used=19648Kb free=226112Kb
 bounds [0x000000000f010000, 0x0000000010360000, 0x000000001e010000]
 total_blobs=6109 nmethods=5355 adapters=664
 compilation: enabled

Compilation events (10 events):
Event: 23.306 Thread 0x0000000007547000 6039   !   2       java.util.jar.JarFile::getBytes (96 bytes)
Event: 23.307 Thread 0x0000000007547000 nmethod 6039 0x0000000010303c90 code [0x0000000010303e40, 0x00000000103041b8]
Event: 23.333 Thread 0x0000000007547000 6041       2       org.codehaus.groovy.runtime.callsite.AbstractCallSite::callConstructor (9 bytes)
Event: 23.333 Thread 0x0000000007547000 nmethod 6041 0x000000001030bdd0 code [0x000000001030bf40, 0x000000001030c0c8]
Event: 23.339 Thread 0x0000000007547000 6042   !   2       sun.net.www.ParseUtil::decode (316 bytes)
Event: 23.343 Thread 0x0000000007547000 nmethod 6042 0x000000001030c150 code [0x000000001030c480, 0x000000001030d5d8]
Event: 23.345 Thread 0x0000000007547000 6043   !   2       groovy.lang.MetaClassImpl::findMethod (146 bytes)
Event: 23.346 Thread 0x0000000007547000 nmethod 6043 0x000000001030ebd0 code [0x000000001030edc0, 0x000000001030f3d8]
Event: 23.346 Thread 0x0000000007547000 6044       2       org.codehaus.groovy.runtime.callsite.AbstractCallSite::noCoerce (54 bytes)
Event: 23.346 Thread 0x0000000007547000 nmethod 6044 0x000000001030f9d0 code [0x000000001030fb60, 0x000000001030fdd8]

GC Heap History (10 events):
Event: 18.342 GC heap before
{Heap before GC invocations=47 (full 3):
 PSYoungGen      total 244736K, used 235349K [0x00000000f0000000, 0x0000000100000000, 0x0000000100000000)
  eden space 231424K, 96% used [0x00000000f0000000,0x00000000fd91fa18,0x00000000fe200000)
  from space 13312K, 97% used [0x00000000fe200000,0x00000000feeb5b78,0x00000000fef00000)
  to   space 16896K, 0% used [0x00000000fef80000,0x00000000fef80000,0x0000000100000000)
 ParOldGen       total 73728K, used 60306K [0x00000000d0000000, 0x00000000d4800000, 0x00000000f0000000)
  object space 73728K, 81% used [0x00000000d0000000,0x00000000d3ae4a78,0x00000000d4800000)
 Metaspace       used 54122K, capacity 55686K, committed 55936K, reserved 1099776K
  class space    used 5956K, capacity 6408K, committed 6528K, reserved 1048576K
Event: 18.357 GC heap after
Heap after GC invocations=47 (full 3):
 PSYoungGen      total 241152K, used 16039K [0x00000000f0000000, 0x0000000100000000, 0x0000000100000000)
  eden space 224256K, 0% used [0x00000000f0000000,0x00000000f0000000,0x00000000fdb00000)
  from space 16896K, 94% used [0x00000000fef80000,0x00000000fff29f98,0x0000000100000000)
  to   space 18944K, 0% used [0x00000000fdb00000,0x00000000fdb00000,0x00000000fed80000)
 ParOldGen       total 73728K, used 60314K [0x00000000d0000000, 0x00000000d4800000, 0x00000000f0000000)
  object space 73728K, 81% used [0x00000000d0000000,0x00000000d3ae6a78,0x00000000d4800000)
 Metaspace       used 54122K, capacity 55686K, committed 55936K, reserved 1099776K
  class space    used 5956K, capacity 6408K, committed 6528K, reserved 1048576K
}
Event: 19.474 GC heap before
{Heap before GC invocations=48 (full 3):
 PSYoungGen      total 241152K, used 240295K [0x00000000f0000000, 0x0000000100000000, 0x0000000100000000)
  eden space 224256K, 100% used [0x00000000f0000000,0x00000000fdb00000,0x00000000fdb00000)
  from space 16896K, 94% used [0x00000000fef80000,0x00000000fff29f98,0x0000000100000000)
  to   space 18944K, 0% used [0x00000000fdb00000,0x00000000fdb00000,0x00000000fed80000)
 ParOldGen       total 73728K, used 60314K [0x00000000d0000000, 0x00000000d4800000, 0x00000000f0000000)
  object space 73728K, 81% used [0x00000000d0000000,0x00000000d3ae6a78,0x00000000d4800000)
 Metaspace       used 55358K, capacity 56922K, committed 57344K, reserved 1099776K
  class space    used 6102K, capacity 6552K, committed 6656K, reserved 1048576K
Event: 19.510 GC heap after
Heap after GC invocations=48 (full 3):
 PSYoungGen      total 243200K, used 18924K [0x00000000f0000000, 0x0000000100000000, 0x0000000100000000)
  eden space 224256K, 0% used [0x00000000f0000000,0x00000000f0000000,0x00000000fdb00000)
  from space 18944K, 99% used [0x00000000fdb00000,0x00000000fed7b128,0x00000000fed80000)
  to   space 18944K, 0% used [0x00000000fed80000,0x00000000fed80000,0x0000000100000000)
 ParOldGen       total 73728K, used 63652K [0x00000000d0000000, 0x00000000d4800000, 0x00000000f0000000)
  object space 73728K, 86% used [0x00000000d0000000,0x00000000d3e29068,0x00000000d4800000)
 Metaspace       used 55358K, capacity 56922K, committed 57344K, reserved 1099776K
  class space    used 6102K, capacity 6552K, committed 6656K, reserved 1048576K
}
Event: 20.917 GC heap before
{Heap before GC invocations=49 (full 3):
 PSYoungGen      total 243200K, used 243180K [0x00000000f0000000, 0x0000000100000000, 0x0000000100000000)
  eden space 224256K, 100% used [0x00000000f0000000,0x00000000fdb00000,0x00000000fdb00000)
  from space 18944K, 99% used [0x00000000fdb00000,0x00000000fed7b128,0x00000000fed80000)
  to   space 18944K, 0% used [0x00000000fed80000,0x00000000fed80000,0x0000000100000000)
 ParOldGen       total 73728K, used 63652K [0x00000000d0000000, 0x00000000d4800000, 0x00000000f0000000)
  object space 73728K, 86% used [0x00000000d0000000,0x00000000d3e29068,0x00000000d4800000)
 Metaspace       used 57144K, capacity 58790K, committed 59008K, reserved 1101824K
  class space    used 6258K, capacity 6723K, committed 6784K, reserved 1048576K
Event: 20.961 GC heap after
Heap after GC invocations=49 (full 3):
 PSYoungGen      total 221696K, used 18912K [0x00000000f0000000, 0x0000000100000000, 0x0000000100000000)
  eden space 202752K, 0% used [0x00000000f0000000,0x00000000f0000000,0x00000000fc600000)
  from space 18944K, 99% used [0x00000000fed80000,0x00000000ffff8300,0x0000000100000000)
  to   space 29696K, 0% used [0x00000000fc600000,0x00000000fc600000,0x00000000fe300000)
 ParOldGen       total 76288K, used 75522K [0x00000000d0000000, 0x00000000d4a80000, 0x00000000f0000000)
  object space 76288K, 98% used [0x00000000d0000000,0x00000000d49c0ad8,0x00000000d4a80000)
 Metaspace       used 57144K, capacity 58790K, committed 59008K, reserved 1101824K
  class space    used 6258K, capacity 6723K, committed 6784K, reserved 1048576K
}
Event: 20.961 GC heap before
{Heap before GC invocations=50 (full 4):
 PSYoungGen      total 221696K, used 18912K [0x00000000f0000000, 0x0000000100000000, 0x0000000100000000)
  eden space 202752K, 0% used [0x00000000f0000000,0x00000000f0000000,0x00000000fc600000)
  from space 18944K, 99% used [0x00000000fed80000,0x00000000ffff8300,0x0000000100000000)
  to   space 29696K, 0% used [0x00000000fc600000,0x00000000fc600000,0x00000000fe300000)
 ParOldGen       total 76288K, used 75522K [0x00000000d0000000, 0x00000000d4a80000, 0x00000000f0000000)
  object space 76288K, 98% used [0x00000000d0000000,0x00000000d49c0ad8,0x00000000d4a80000)
 Metaspace       used 57144K, capacity 58790K, committed 59008K, reserved 1101824K
  class space    used 6258K, capacity 6723K, committed 6784K, reserved 1048576K
Event: 22.170 GC heap after
Heap after GC invocations=50 (full 4):
 PSYoungGen      total 221696K, used 15196K [0x00000000f0000000, 0x0000000100000000, 0x0000000100000000)
  eden space 202752K, 0% used [0x00000000f0000000,0x00000000f0000000,0x00000000fc600000)
  from space 18944K, 80% used [0x00000000fed80000,0x00000000ffc570b8,0x0000000100000000)
  to   space 29696K, 0% used [0x00000000fc600000,0x00000000fc600000,0x00000000fe300000)
 ParOldGen       total 92160K, used 76065K [0x00000000d0000000, 0x00000000d5a00000, 0x00000000f0000000)
  object space 92160K, 82% used [0x00000000d0000000,0x00000000d4a485e8,0x00000000d5a00000)
 Metaspace       used 57144K, capacity 58790K, committed 59008K, reserved 1101824K
  class space    used 6258K, capacity 6723K, committed 6784K, reserved 1048576K
}
Event: 23.059 GC heap before
{Heap before GC invocations=51 (full 4):
 PSYoungGen      total 221696K, used 216512K [0x00000000f0000000, 0x0000000100000000, 0x0000000100000000)
  eden space 202752K, 99% used [0x00000000f0000000,0x00000000fc498fb8,0x00000000fc600000)
  from space 18944K, 80% used [0x00000000fed80000,0x00000000ffc570b8,0x0000000100000000)
  to   space 29696K, 0% used [0x00000000fc600000,0x00000000fc600000,0x00000000fe300000)
 ParOldGen       total 92160K, used 76065K [0x00000000d0000000, 0x00000000d5a00000, 0x00000000f0000000)
  object space 92160K, 82% used [0x00000000d0000000,0x00000000d4a485e8,0x00000000d5a00000)
 Metaspace       used 59054K, capacity 60716K, committed 61056K, reserved 1103872K
  class space    used 6514K, capacity 6980K, committed 7040K, reserved 1048576K
Event: 23.103 GC heap after
Heap after GC invocations=51 (full 4):
 PSYoungGen      total 226304K, used 23275K [0x00000000f0000000, 0x0000000100000000, 0x0000000100000000)
  eden space 202752K, 0% used [0x00000000f0000000,0x00000000f0000000,0x00000000fc600000)
  from space 23552K, 98% used [0x00000000fc600000,0x00000000fdcbaea0,0x00000000fdd00000)
  to   space 32256K, 0% used [0x00000000fe080000,0x00000000fe080000,0x0000000100000000)
 ParOldGen       total 92160K, used 76637K [0x00000000d0000000, 0x00000000d5a00000, 0x00000000f0000000)
  object space 92160K, 83% used [0x00000000d0000000,0x00000000d4ad7608,0x00000000d5a00000)
 Metaspace       used 59054K, capacity 60716K, committed 61056K, reserved 1103872K
  class space    used 6514K, capacity 6980K, committed 7040K, reserved 1048576K
}

Deoptimization events (10 events):
Event: 19.387 Thread 0x000000000baf3800 Uncommon trap: reason=null_check action=make_not_entrant pc=0x000000001007d5e0 method=java.lang.Class.getMethod0(Ljava/lang/String;[Ljava/lang/Class;Z)Ljava/lang/reflect/Method; @ 35
Event: 19.387 Thread 0x000000000baf3800 Uncommon trap: reason=null_check action=make_not_entrant pc=0x000000000f2a7b4c method=java.lang.Class.privateGetDeclaredConstructors(Z)[Ljava/lang/reflect/Constructor; @ 35
Event: 20.463 Thread 0x000000000baf3800 Uncommon trap: reason=unreached action=reinterpret pc=0x000000001000a670 method=org.codehaus.groovy.runtime.metaclass.MetaMethodIndex.getMethods(Ljava/lang/Class;Ljava/lang/String;)Lorg/codehaus/groovy/runtime/metaclass/MetaMethodIndex$Entry; @ 61
Event: 22.645 Thread 0x000000000baf3800 Uncommon trap: reason=bimorphic action=maybe_recompile pc=0x000000000ff7ceec method=org.codehaus.groovy.runtime.metaclass.MetaMethodIndex.addMethodToList(Ljava/lang/Object;Lgroovy/lang/MetaMethod;)Ljava/lang/Object; @ 97
Event: 22.645 Thread 0x000000000baf3800 Uncommon trap: reason=bimorphic action=maybe_recompile pc=0x000000000ff7ceec method=org.codehaus.groovy.runtime.metaclass.MetaMethodIndex.addMethodToList(Ljava/lang/Object;Lgroovy/lang/MetaMethod;)Ljava/lang/Object; @ 97
Event: 22.916 Thread 0x000000000baf3800 Uncommon trap: reason=predicate action=maybe_recompile pc=0x0000000010128bb8 method=java.nio.charset.CharsetDecoder.decode(Ljava/nio/ByteBuffer;Ljava/nio/CharBuffer;Z)Ljava/nio/charset/CoderResult; @ 54
Event: 23.009 Thread 0x000000000baf3800 Uncommon trap: reason=unloaded action=reinterpret pc=0x000000000f490f7c method=org.springframework.core.BridgeMethodResolver.findBridgedMethod(Ljava/lang/reflect/Method;)Ljava/lang/reflect/Method; @ 13
Event: 23.278 Thread 0x000000000baf3800 Uncommon trap: reason=class_check action=maybe_recompile pc=0x0000000010306f0c method=groovy.lang.MetaClassImpl.checkIfStdMethod(Lgroovy/lang/MetaMethod;)V @ 123
Event: 23.278 Thread 0x000000000baf3800 Uncommon trap: reason=class_check action=maybe_recompile pc=0x0000000010306f00 method=groovy.lang.MetaClassImpl.checkIfStdMethod(Lgroovy/lang/MetaMethod;)V @ 60
Event: 23.278 Thread 0x000000000baf3800 Uncommon trap: reason=class_check action=maybe_recompile pc=0x0000000010306f00 method=groovy.lang.MetaClassImpl.checkIfStdMethod(Lgroovy/lang/MetaMethod;)V @ 60

Internal exceptions (10 events):
Event: 23.348 Thread 0x000000000baf3800 Exception <a 'java/security/PrivilegedActionException'> (0x00000000f45c94e8) thrown at [C:\re\workspace\8-2-build-windows-amd64-cygwin\jdk8u11\648\hotspot\src\share\vm\prims\jvm.cpp, line 1248]
Event: 23.348 Thread 0x000000000baf3800 Exception <a 'java/security/PrivilegedActionException'> (0x00000000f45cf118) thrown at [C:\re\workspace\8-2-build-windows-amd64-cygwin\jdk8u11\648\hotspot\src\share\vm\prims\jvm.cpp, line 1248]
Event: 23.348 Thread 0x000000000baf3800 Exception <a 'java/security/PrivilegedActionException'> (0x00000000f45e5a58) thrown at [C:\re\workspace\8-2-build-windows-amd64-cygwin\jdk8u11\648\hotspot\src\share\vm\prims\jvm.cpp, line 1248]
Event: 23.349 Thread 0x000000000baf3800 Exception <a 'java/security/PrivilegedActionException'> (0x00000000f4618160) thrown at [C:\re\workspace\8-2-build-windows-amd64-cygwin\jdk8u11\648\hotspot\src\share\vm\prims\jvm.cpp, line 1248]
Event: 23.349 Thread 0x000000000baf3800 Exception <a 'java/lang/ClassNotFoundException': org/codehaus/groovy/grails/plugins/web/async/ControllersAsyncGrailsPlugin$_closure2_closure3BeanInfo> (0x00000000f4618c28) thrown at [C:\re\workspace\8-2-build-windows-amd64-cygwin\jdk8u11\648\hotspot\src\sh;
Event: 23.349 Thread 0x000000000baf3800 Exception <a 'java/security/PrivilegedActionException'> (0x00000000f4619ea8) thrown at [C:\re\workspace\8-2-build-windows-amd64-cygwin\jdk8u11\648\hotspot\src\share\vm\prims\jvm.cpp, line 1248]
Event: 23.349 Thread 0x000000000baf3800 Exception <a 'java/security/PrivilegedActionException'> (0x00000000f461fbc0) thrown at [C:\re\workspace\8-2-build-windows-amd64-cygwin\jdk8u11\648\hotspot\src\share\vm\prims\jvm.cpp, line 1248]
Event: 23.350 Thread 0x000000000baf3800 Exception <a 'java/security/PrivilegedActionException'> (0x00000000f4636890) thrown at [C:\re\workspace\8-2-build-windows-amd64-cygwin\jdk8u11\648\hotspot\src\share\vm\prims\jvm.cpp, line 1248]
Event: 23.350 Thread 0x000000000baf3800 Exception <a 'java/security/PrivilegedActionException'> (0x00000000f46539c8) thrown at [C:\re\workspace\8-2-build-windows-amd64-cygwin\jdk8u11\648\hotspot\src\share\vm\prims\jvm.cpp, line 1248]
Event: 23.350 Thread 0x000000000baf3800 Exception <a 'java/security/PrivilegedActionException'> (0x00000000f46596e0) thrown at [C:\re\workspace\8-2-build-windows-amd64-cygwin\jdk8u11\648\hotspot\src\share\vm\prims\jvm.cpp, line 1248]

Events (10 events):
Event: 23.347 loading class org/codehaus/groovy/grails/plugins/web/async/ControllersAsyncGrailsPlugin$_closure2_closure3BeanInfo
Event: 23.347 loading class org/codehaus/groovy/grails/plugins/web/async/ControllersAsyncGrailsPlugin$_closure2_closure3BeanInfo done
Event: 23.348 loading class org/codehaus/groovy/grails/plugins/web/async/ControllersAsyncGrailsPlugin$_closure2_closure3BeanInfo
Event: 23.348 loading class org/codehaus/groovy/grails/plugins/web/async/ControllersAsyncGrailsPlugin$_closure2_closure3BeanInfo done
Event: 23.349 loading class org/codehaus/groovy/grails/plugins/web/async/ControllersAsyncGrailsPlugin$_closure2_closure3BeanInfo
Event: 23.349 loading class org/codehaus/groovy/grails/plugins/web/async/ControllersAsyncGrailsPlugin$_closure2_closure3BeanInfo done
Event: 23.349 loading class org/codehaus/groovy/grails/plugins/web/async/ControllersAsyncGrailsPlugin$_closure2_closure3Customizer
Event: 23.349 loading class org/codehaus/groovy/grails/plugins/web/async/ControllersAsyncGrailsPlugin$_closure2_closure3Customizer done
Event: 23.350 loading class org/codehaus/groovy/grails/plugins/web/async/ControllersAsyncGrailsPlugin$_closure2_closure3Customizer
Event: 23.350 loading class org/codehaus/groovy/grails/plugins/web/async/ControllersAsyncGrailsPlugin$_closure2_closure3Customizer done


Dynamic libraries:
0x000000013f1c0000 - 0x000000013f1f4000 	C:\Program Files\Java\jdk1.8.0_11\bin\java.exe
0x0000000077670000 - 0x0000000077819000 	C:\Windows\SYSTEM32\ntdll.dll
0x0000000077450000 - 0x000000007756f000 	C:\Windows\system32\kernel32.dll
0x000007fefc650000 - 0x000007fefc6bc000 	C:\Windows\system32\KERNELBASE.dll
0x000007fefe790000 - 0x000007fefe86b000 	C:\Windows\system32\ADVAPI32.dll
0x000007fefdda0000 - 0x000007fefde3f000 	C:\Windows\system32\msvcrt.dll
0x000007fefd790000 - 0x000007fefd7af000 	C:\Windows\SYSTEM32\sechost.dll
0x000007fefde40000 - 0x000007fefdf6d000 	C:\Windows\system32\RPCRT4.dll
0x0000000077570000 - 0x000000007766a000 	C:\Windows\system32\USER32.dll
0x000007fefd8e0000 - 0x000007fefd947000 	C:\Windows\system32\GDI32.dll
0x000007fefc970000 - 0x000007fefc97e000 	C:\Windows\system32\LPK.dll
0x000007fefe870000 - 0x000007fefe939000 	C:\Windows\system32\USP10.dll
0x000007fefb600000 - 0x000007fefb7f4000 	C:\Windows\WinSxS\amd64_microsoft.windows.common-controls_6595b64144ccf1df_6.0.7601.17514_none_fa396087175ac9ac\COMCTL32.dll
0x000007fefd950000 - 0x000007fefd9c1000 	C:\Windows\system32\SHLWAPI.dll
0x000007fefc980000 - 0x000007fefc9ae000 	C:\Windows\system32\IMM32.DLL
0x000007fefdf70000 - 0x000007fefe079000 	C:\Windows\system32\MSCTF.dll
0x000007fefc510000 - 0x000007fefc556000 	C:\Windows\system32\nvinitx.dll
0x000000000f000000 - 0x000000000f006000 	C:\Program Files\NVIDIA Corporation\CoProcManager\_etoured.dll
0x000007fef9900000 - 0x000007fef9955000 	C:\Program Files\NVIDIA Corporation\CoProcManager\nvd3d9wrapx.dll
0x000007fefe420000 - 0x000007fefe5f7000 	C:\Windows\system32\SETUPAPI.dll
0x000007fefc7a0000 - 0x000007fefc7d6000 	C:\Windows\system32\CFGMGR32.dll
0x000007fefe080000 - 0x000007fefe157000 	C:\Windows\system32\OLEAUT32.dll
0x000007fefd9d0000 - 0x000007fefdbd3000 	C:\Windows\system32\ole32.dll
0x000007fefc7e0000 - 0x000007fefc7fa000 	C:\Windows\system32\DEVOBJ.dll
0x000007fef98c0000 - 0x000007fef98fd000 	C:\Program Files\NVIDIA Corporation\CoProcManager\nvdxgiwrapx.dll
0x0000000061750000 - 0x0000000061822000 	C:\Program Files\Java\jdk1.8.0_11\jre\bin\msvcr100.dll
0x00000000596c0000 - 0x0000000059eea000 	C:\Program Files\Java\jdk1.8.0_11\jre\bin\server\jvm.dll
0x000007fef6cc0000 - 0x000007fef6cc9000 	C:\Windows\system32\WSOCK32.dll
0x000007fefc9b0000 - 0x000007fefc9fd000 	C:\Windows\system32\WS2_32.dll
0x000007fefeac0000 - 0x000007fefeac8000 	C:\Windows\system32\NSI.dll
0x000007fef9fc0000 - 0x000007fef9ffb000 	C:\Windows\system32\WINMM.dll
0x0000000077840000 - 0x0000000077847000 	C:\Windows\system32\PSAPI.DLL
0x0000000066090000 - 0x000000006609f000 	C:\Program Files\Java\jdk1.8.0_11\jre\bin\verify.dll
0x0000000065c10000 - 0x0000000065c38000 	C:\Program Files\Java\jdk1.8.0_11\jre\bin\java.dll
0x0000000065be0000 - 0x0000000065c03000 	C:\Program Files\Java\jdk1.8.0_11\jre\bin\instrument.dll
0x0000000066070000 - 0x0000000066086000 	C:\Program Files\Java\jdk1.8.0_11\jre\bin\zip.dll
0x000007fefca00000 - 0x000007fefd788000 	C:\Windows\system32\SHELL32.dll
0x000007fefc560000 - 0x000007fefc56f000 	C:\Windows\system32\profapi.dll
0x000007fefbda0000 - 0x000007fefbdb7000 	C:\Windows\system32\CRYPTSP.dll
0x000007fefbaa0000 - 0x000007fefbae7000 	C:\Windows\system32\rsaenh.dll
0x000007fefb4e0000 - 0x000007fefb4fe000 	C:\Windows\system32\USERENV.dll
0x000007fefc400000 - 0x000007fefc40f000 	C:\Windows\system32\CRYPTBASE.dll
0x0000000065a10000 - 0x0000000065a2a000 	C:\Program Files\Java\jdk1.8.0_11\jre\bin\net.dll
0x000007fefbd40000 - 0x000007fefbd95000 	C:\Windows\system32\mswsock.dll
0x000007fefbd30000 - 0x000007fefbd37000 	C:\Windows\System32\wship6.dll
0x000007fef9bb0000 - 0x000007fef9bd7000 	C:\Windows\system32\IPHLPAPI.DLL
0x000007fef9ba0000 - 0x000007fef9bab000 	C:\Windows\system32\WINNSI.DLL
0x000007fef9ab0000 - 0x000007fef9ac8000 	C:\Windows\system32\dhcpcsvc.DLL
0x000007fef9a90000 - 0x000007fef9aa1000 	C:\Windows\system32\dhcpcsvc6.DLL
0x0000000065a30000 - 0x0000000065a41000 	C:\Program Files\Java\jdk1.8.0_11\jre\bin\nio.dll
0x000007fefa3a0000 - 0x000007fefa3aa000 	C:\Users\Gabriel\AppData\Local\Temp\jansi-64-649717280802418852.dll
0x0000000065f70000 - 0x0000000065f7d000 	C:\Program Files\Java\jdk1.8.0_11\jre\bin\management.dll
0x000007fef9e20000 - 0x000007fef9e35000 	C:\Windows\system32\NLAapi.dll
0x000007fefa610000 - 0x000007fefa625000 	C:\Windows\system32\napinsp.dll
0x000007fefa5f0000 - 0x000007fefa609000 	C:\Windows\system32\pnrpnsp.dll
0x000007fefbbc0000 - 0x000007fefbc1b000 	C:\Windows\system32\DNSAPI.dll
0x000007fefa850000 - 0x000007fefa85b000 	C:\Windows\System32\winrnr.dll
0x000007fefa1b0000 - 0x000007fefa1c0000 	C:\Windows\system32\wshbth.dll
0x000007fef5bc0000 - 0x000007fef5bef000 	C:\Program Files\Common Files\Microsoft Shared\Windows Live\WLIDNSP.DLL
0x000007fefb3c0000 - 0x000007fefb3c7000 	C:\Windows\System32\wshtcpip.dll
0x000007fef5bb0000 - 0x000007fef5bb8000 	C:\Windows\system32\rasadhlp.dll
0x000007fef9450000 - 0x000007fef94a3000 	C:\Windows\System32\fwpuclnt.dll
0x000007fee5c70000 - 0x000007fee5d95000 	C:\Windows\system32\dbghelp.dll

VM Arguments:
jvm_args: -Dfile.encoding=UTF-8 -Xmx768M -Xms64M -Dgrails.fork.parent.process.port=55314 -Dgrails.fork.active=true -Dgrails.build.execution.context=C:\Users\Gabriel\AppData\Local\Temp\TallerExposiciones2659466803083676803grails-execution-context -Dgrails.home=C:\grails\grails-2.4.4 -javaagent:C:\grails\grails-2.4.4\lib\org.springframework\springloaded\jars\springloaded-1.2.1.RELEASE.jar -Xverify:none -Dspringloaded.synchronize=true -Djdk.reflect.allowGetCallerClass=true -Dspringloaded=profile=grails;cacheDir=C:\Users\Gabriel\.grails\2.4.4 
java_command: org.grails.plugins.tomcat.fork.ForkedTomcatServer
java_class_path (initial): C:\Program Files\Java\jdk1.8.0_11\lib\tools.jar;C:\grails\grails-2.4.4\lib\org.codehaus.groovy\groovy-all\jars\groovy-all-2.3.7.jar;C:\grails\grails-2.4.4\lib\org.slf4j\jcl-over-slf4j\jars\jcl-over-slf4j-1.7.5.jar;C:\grails\grails-2.4.4\lib\org.codehaus.gant\gant_groovy1.8\jars\gant_groovy1.8-1.9.6.jar;C:\grails\grails-2.4.4\lib\org.apache.tomcat.embed\tomcat-embed-logging-log4j\jars\tomcat-embed-logging-log4j-7.0.50.jar;C:\grails\grails-2.4.4\dist\grails-plugin-log4j-2.4.4.jar;C:\grails\grails-2.4.4\lib\log4j\log4j\jars\log4j-1.2.17.jar;C:\grails\grails-2.4.4\dist\grails-bootstrap-2.4.4.jar;C:\grails\grails-2.4.4\lib\org.slf4j\slf4j-api\jars\slf4j-api-1.7.5.jar;C:\grails\grails-2.4.4\lib\jline\jline\jars\jline-2.12.jar;C:\grails\grails-2.4.4\lib\org.apache.ant\ant\jars\ant-1.8.4.jar;C:\grails\grails-2.4.4\lib\org.apache.ant\ant-launcher\jars\ant-launcher-1.8.4.jar;C:\grails\grails-2.4.4\lib\org.apache.ant\ant-trax\jars\ant-trax-1.7.1.jar;C:\grails\grails-2.4.4\lib\org.apache.ant\ant-junit\jars\ant-junit-1.8.4.jar;C:\grails\grails-2.4.4\lib\org.apache.ivy\ivy\jars\ivy-2.3.0.jar;C:\grails\grails-2.4.4\lib\org.fusesource.jansi\jansi\jars\jansi-1.11.jar;C:\Users\Gabriel\.m2\repository\org\apache\tomcat\tomcat-catalina-ant\7.0.55\tomcat-catalina-ant-7.0.55.jar;C:\Users\Gabriel\.m2\repository\org\apache\tomcat\embed\tomcat-embed-jasper\7.0.55\tomcat-embed-jasper-7.0.55.jar;C:\Users\Gabriel\.m2\repository\org\apache\tomcat\embed\tomcat-embed-el\7.0.55\tomcat-embed-el-7.0.55.jar;C:\Users\Gabriel\.m2\repository\org\apache\tomcat\embed\tomcat-embed-logging-log4j\7.0.55\tomcat-embed-logging-log4j-7.0.55.jar;C:\Users\Gabriel\.m2\repository\org\apache\tomcat\embed\tomcat-embed-websocket\7.0.55\tomcat-embed-websocket-7.0.55.jar;C:\Users\Gabriel\.m2\repository\org\apache\tomcat\embed\tomcat-embed-core\7.0.55\tomcat-embed-core-7.0.55.jar;C:\Users\Gabriel\.m2\repository\org\eclipse\jdt\core\compiler\ecj\3.7.2\ecj-3.7.2.jar;C:\Users\Gabriel\IdeaProjects\
Launcher Type: SUN_STANDARD

Environment Variables:
JAVA_HOME=C:\Program Files\Java\jdk1.8.0_11
PATH=C:\Program Files\Common Files\Microsoft Shared\Windows Live;C:\Program Files (x86)\Common Files\Microsoft Shared\Windows Live;C:\Program Files\NVIDIA GPU Computing Toolkit\CUDA\v5.5\bin;C:\Program Files\NVIDIA GPU Computing Toolkit\CUDA\v5.5\libnvvp;C:\Program Files (x86)\NVIDIA Corporation\PhysX\Common;C:\Windows\system32;C:\Windows;C:\Windows\System32\Wbem;C:\Windows\System32\WindowsPowerShell\v1.0\;C:\Program Files\Intel\WiFi\bin\;C:\Program Files\Common Files\Intel\WirelessCommon\;C:\Program Files (x86)\Intel\OpenCL SDK\1.5\bin\x86;C:\Program Files (x86)\Intel\OpenCL SDK\1.5\bin\x64;C:\Program Files\Lenovo\Bluetooth Software\;C:\Program Files\Lenovo\Bluetooth Software\syswow64;C:\Program Files (x86)\MySQL\MySQL Fabric 1.5.3 & MySQL Utilities 1.5.3 1.5\;C:\Program Files (x86)\MySQL\MySQL Fabric 1.5.3 & MySQL Utilities 1.5.3 1.5\Doctrine extensions for PHP\;C:\Program Files\MATLAB\R2013b\runtime\win64;C:\Program Files\MATLAB\R2013b\bin;C:\Program Files\MATLAB\R2013b\polyspace\bin;C:\PROGRA~1\Java\jdk1.8.0_11;C:\grails\grails-2.5.0\bin;C:\Program Files (x86)\Windows Live\Shared;C:\PROGRA~2\Groovy\GROOVY~1.0\bin;C:\Program Files\nodejs\;C:\Program Files (x86)\Git\cmd;C:\Program Files\Intel\WiFi\bin\;C:\Program Files\Common Files\Intel\WirelessCommon\;C:\Program Files\Python34;C:\grails\grails-2.5.0;C:\Users\Gabriel\AppData\Roaming\npm;C:\Program Files\apache-ant-1.9.4\bin;C:\PROGRA~2\Android\sdk\tools;C:\PROGRA~2\Android\sdk\platform-tools;.;;.;
USERNAME=Gabriel
OS=Windows_NT
PROCESSOR_IDENTIFIER=Intel64 Family 6 Model 58 Stepping 9, GenuineIntel



---------------  S Y S T E M  ---------------

OS: Windows 7 , 64 bit Build 7601 Service Pack 1

CPU:total 8 (4 cores per cpu, 2 threads per core) family 6 model 58 stepping 9, cmov, cx8, fxsr, mmx, sse, sse2, sse3, ssse3, sse4.1, sse4.2, popcnt, avx, aes, clmul, erms, ht, tsc, tscinvbit

Memory: 4k page, physical 8285468k(2814200k free), swap 16569080k(10106504k free)

vm_info: Java HotSpot(TM) 64-Bit Server VM (25.11-b03) for windows-amd64 JRE (1.8.0_11-b12), built on Jun 16 2014 20:57:32 by "java_re" with MS VC++ 10.0 (VS2010)

time: Wed May 13 23:25:46 2015
elapsed time: 24 seconds

