#
# A fatal error has been detected by the Java Runtime Environment:
#
#  EXCEPTION_ACCESS_VIOLATION (0xc0000005) at pc=0x000000005e944db2, pid=1648, tid=5072
#
# JRE version: Java(TM) SE Runtime Environment (8.0_11-b12) (build 1.8.0_11-b12)
# Java VM: Java HotSpot(TM) 64-Bit Server VM (25.11-b03 mixed mode windows-amd64 compressed oops)
# Problematic frame:
# V  [jvm.dll+0x424db2]
#
# Failed to write core dump. Minidumps are not enabled by default on client versions of Windows
#
# If you would like to submit a bug report, please visit:
#   http://bugreport.sun.com/bugreport/crash.jsp
#

---------------  T H R E A D  ---------------

Current thread (0x0000000007428000):  JavaThread "C2 CompilerThread2" daemon [_thread_in_native, id=5072, stack(0x0000000008ec0000,0x0000000008fc0000)]

siginfo: ExceptionCode=0xc0000005, reading address 0x0000000000000000

Registers:
RAX=0x000000000cfa39e8, RBX=0x0000000000000600, RCX=0x0000000000000000, RDX=0x000000000cf9f310
RSP=0x0000000008fbc510, RBP=0x00000000000000c0, RSI=0x00000000000000b8, RDI=0x0000000000000000
R8 =0x000000005e520000, R9 =0x0000000008fbc830, R10=0x00000000ffffffff, R11=0x0000000007437850
R12=0x000000000cfa40f0, R13=0x00000000099a8478, R14=0x0000000000000008, R15=0x00000000099a8478
RIP=0x000000005e944db2, EFLAGS=0x0000000000010206

Top of Stack: (sp=0x0000000008fbc510)
0x0000000008fbc510:   00000000000000da 00000000000000b0
0x0000000008fbc520:   000000000000000a 000000000a316d80
0x0000000008fbc530:   0000000000000001 0000000000000600
0x0000000008fbc540:   0000000000000180 00000000000000c0
0x0000000008fbc550:   000000000b94d9f0 000000000742a480
0x0000000008fbc560:   0000000000000750 00000000094d97f0
0x0000000008fbc570:   0000000008fbc830 000000000cfa0ab0
0x0000000008fbc580:   0000000000000020 0000000000000009
0x0000000008fbc590:   000000000cfa40c0 00000000000000da
0x0000000008fbc5a0:   00000000099a8478 000000005e94598d
0x0000000008fbc5b0:   000000000cfa40c0 000000000000001c
0x0000000008fbc5c0:   00000000000000da 0000000008fbc830
0x0000000008fbc5d0:   000000000cf9f310 00000000000000da
0x0000000008fbc5e0:   000000000cfa0ab0 0000000000000020
0x0000000008fbc5f0:   0000000009473b40 0000000008fbeba0
0x0000000008fbc600:   0000000009474170 000000000cfa40c0 

Instructions: (pc=0x000000005e944db2)
0x000000005e944d92:   c6 48 63 f0 48 03 f1 eb 04 48 83 ce ff 48 8b 84
0x000000005e944da2:   24 a0 00 00 00 48 8b 40 08 48 8b 3c 03 48 8b cf
0x000000005e944db2:   48 8b 07 ff 50 28 4c 8d 05 41 b2 bd ff 48 63 50
0x000000005e944dc2:   10 4c 8b d8 48 8b ca 48 c1 e1 05 42 80 bc 01 c0 


Register to memory mapping:

RAX=0x000000000cfa39e8 is an unknown value
RBX=0x0000000000000600 is an unknown value
RCX=0x0000000000000000 is an unknown value
RDX=0x000000000cf9f310 is an unknown value
RSP=0x0000000008fbc510 is pointing into the stack for thread: 0x0000000007428000
RBP=0x00000000000000c0 is an unknown value
RSI=0x00000000000000b8 is an unknown value
RDI=0x0000000000000000 is an unknown value
R8 =0x000000005e520000 is an unknown value
R9 =0x0000000008fbc830 is pointing into the stack for thread: 0x0000000007428000
R10=0x00000000ffffffff is an unknown value
R11=0x0000000007437850 is an unknown value
R12=0x000000000cfa40f0 is an unknown value
R13=0x00000000099a8478 is an unknown value
R14=0x0000000000000008 is an unknown value
R15=0x00000000099a8478 is an unknown value


Stack: [0x0000000008ec0000,0x0000000008fc0000],  sp=0x0000000008fbc510,  free space=1009k
Native frames: (J=compiled Java code, j=interpreted, Vv=VM code, C=native code)
V  [jvm.dll+0x424db2]
V  [jvm.dll+0x42598d]
V  [jvm.dll+0x425ecf]
V  [jvm.dll+0x4c5a84]
V  [jvm.dll+0x4415bc]
V  [jvm.dll+0x443a29]
V  [jvm.dll+0x427722]
V  [jvm.dll+0x96982]
V  [jvm.dll+0x97173]
V  [jvm.dll+0x2234b4]
V  [jvm.dll+0x27bcca]
C  [msvcr100.dll+0x21d9f]
C  [msvcr100.dll+0x21e3b]
C  [kernel32.dll+0x159ed]
C  [ntdll.dll+0x2c541]


Current CompileTask:
C2:  19936 6087       4       groovy.lang.MetaClassImpl::findPropertyMethod (356 bytes)


---------------  P R O C E S S  ---------------

Java Threads: ( => current thread )
  0x000000000d089800 JavaThread "net.sf.ehcache.CacheManager@468b360" daemon [_thread_blocked, id=5704, stack(0x0000000061b40000,0x0000000061c40000)]
  0x000000005fa44800 JavaThread "H2 Log Writer DEVDB" daemon [_thread_blocked, id=3368, stack(0x000000000c280000,0x000000000c380000)]
  0x000000000c9ea800 JavaThread "H2 File Lock Watchdog C:/Users/Gabriel/IdeaProjects/DominiosYConstraints/TallerExposiciones/devDb.lock.db" daemon [_thread_blocked, id=4292, stack(0x0000000061600000,0x0000000061700000)]
  0x000000000c882800 JavaThread "PoolCleaner[1477637771:1432259352121]" daemon [_thread_blocked, id=7808, stack(0x0000000061150000,0x0000000061250000)]
  0x000000000ce13800 JavaThread "FileSystemWatcher: files=#128 cl=groovy.lang.GroovyClassLoader@5812f68b" daemon [_thread_blocked, id=7920, stack(0x000000000d7f0000,0x000000000d8f0000)]
  0x000000000c5e9000 JavaThread "localhost-startStop-1" daemon [_thread_in_native, id=8048, stack(0x000000000e270000,0x000000000e370000)]
  0x000000000c5e8800 JavaThread "Tomcat-startStop-1" daemon [_thread_blocked, id=7916, stack(0x000000000e0d0000,0x000000000e1d0000)]
  0x000000000cac0800 JavaThread "Thread-3" [_thread_in_native, id=7264, stack(0x000000000db60000,0x000000000dc60000)]
  0x000000000c4a2000 JavaThread "Thread-2" [_thread_blocked, id=7268, stack(0x000000000dd80000,0x000000000de80000)]
  0x000000000985c800 JavaThread "NonBlockingInputStreamThread" daemon [_thread_blocked, id=8144, stack(0x0000000009aa0000,0x0000000009ba0000)]
  0x00000000075ac800 JavaThread "Service Thread" daemon [_thread_blocked, id=4904, stack(0x00000000091a0000,0x00000000092a0000)]
  0x0000000007428800 JavaThread "C1 CompilerThread3" daemon [_thread_blocked, id=4068, stack(0x0000000009050000,0x0000000009150000)]
=>0x0000000007428000 JavaThread "C2 CompilerThread2" daemon [_thread_in_native, id=5072, stack(0x0000000008ec0000,0x0000000008fc0000)]
  0x0000000007427000 JavaThread "C2 CompilerThread1" daemon [_thread_in_native, id=2456, stack(0x0000000008c50000,0x0000000008d50000)]
  0x0000000007421000 JavaThread "C2 CompilerThread0" daemon [_thread_in_native, id=2632, stack(0x00000000089e0000,0x0000000008ae0000)]
  0x000000000731e000 JavaThread "Attach Listener" daemon [_thread_blocked, id=6612, stack(0x00000000084c0000,0x00000000085c0000)]
  0x000000000731b000 JavaThread "Signal Dispatcher" daemon [_thread_blocked, id=6040, stack(0x0000000008810000,0x0000000008910000)]
  0x000000000636c800 JavaThread "Finalizer" daemon [_thread_blocked, id=2452, stack(0x0000000008620000,0x0000000008720000)]
  0x000000000278d000 JavaThread "Reference Handler" daemon [_thread_blocked, id=6136, stack(0x00000000083b0000,0x00000000084b0000)]
  0x00000000026fa000 JavaThread "main" [_thread_blocked, id=5032, stack(0x00000000029c0000,0x0000000002ac0000)]

Other Threads:
  0x000000000635f800 VMThread [stack: 0x0000000008220000,0x0000000008320000] [id=6640]
  0x00000000075ad800 WatcherThread [stack: 0x0000000008d70000,0x0000000008e70000] [id=3800]

VM state:not at safepoint (normal execution)

VM Mutex/Monitor currently owned by a thread: None

Heap:
 PSYoungGen      total 233984K, used 200599K [0x00000000f0000000, 0x0000000100000000, 0x0000000100000000)
  eden space 213504K, 85% used [0x00000000f0000000,0x00000000fb21eee8,0x00000000fd080000)
  from space 20480K, 88% used [0x00000000fd080000,0x00000000fe247040,0x00000000fe480000)
  to   space 26624K, 0% used [0x00000000fe600000,0x00000000fe600000,0x0000000100000000)
 ParOldGen       total 91136K, used 75783K [0x00000000d0000000, 0x00000000d5900000, 0x00000000f0000000)
  object space 91136K, 83% used [0x00000000d0000000,0x00000000d4a01ea8,0x00000000d5900000)
 Metaspace       used 59604K, capacity 61348K, committed 61696K, reserved 1103872K
  class space    used 6608K, capacity 7084K, committed 7168K, reserved 1048576K

Card table byte_map: [0x0000000003150000,0x00000000032e0000] byte_map_base: 0x0000000002ad0000

Marking Bits: (ParMarkBitMap*) 0x000000005ecd12b0
 Begin Bits: [0x0000000004000000, 0x0000000004c00000)
 End Bits:   [0x0000000004c00000, 0x0000000005800000)

Polling page: 0x0000000000130000

CodeCache: size=245760Kb used=20591Kb max_used=21665Kb free=225168Kb
 bounds [0x000000000f010000, 0x0000000010550000, 0x000000001e010000]
 total_blobs=6063 nmethods=5309 adapters=664
 compilation: enabled

Compilation events (10 events):
Event: 19.858 Thread 0x0000000007428800 6123       2       java.util.Collections$UnmodifiableCollection::toArray (10 bytes)
Event: 19.859 Thread 0x0000000007428800 nmethod 6123 0x000000001021e710 code [0x000000001021e880, 0x000000001021ea08]
Event: 19.887 Thread 0x0000000007428800 6125       2       java.util.concurrent.ConcurrentHashMap$CollectionView::size (8 bytes)
Event: 19.888 Thread 0x0000000007428800 nmethod 6125 0x000000000fc56d10 code [0x000000000fc56e80, 0x000000000fc57048]
Event: 19.893 Thread 0x0000000007428000 nmethod 6084 0x000000000fb35b50 code [0x000000000fb35e80, 0x000000000fb38458]
Event: 19.893 Thread 0x0000000007428000 6087       4       groovy.lang.MetaClassImpl::findPropertyMethod (356 bytes)
Event: 19.907 Thread 0x0000000007428800 6126       2       groovy.lang.MetaBeanProperty::setSetter (6 bytes)
Event: 19.907 Thread 0x0000000007428800 nmethod 6126 0x000000001001f3d0 code [0x000000001001f520, 0x000000001001f690]
Event: 19.907 Thread 0x0000000007421000 nmethod 6058 0x000000000fe1a550 code [0x000000000fe1aaa0, 0x000000000fe1f158]
Event: 19.907 Thread 0x0000000007421000 6093       4       groovy.lang.MetaClassImpl::createMetaBeanProperty (218 bytes)

GC Heap History (10 events):
Event: 15.753 GC heap before
{Heap before GC invocations=61 (full 5):
 PSYoungGen      total 211968K, used 198623K [0x00000000f0000000, 0x00000000fe680000, 0x0000000100000000)
  eden space 197120K, 97% used [0x00000000f0000000,0x00000000fbbc8b30,0x00000000fc080000)
  from space 14848K, 42% used [0x00000000fc080000,0x00000000fc6af250,0x00000000fcf00000)
  to   space 14336K, 0% used [0x00000000fd880000,0x00000000fd880000,0x00000000fe680000)
 ParOldGen       total 76288K, used 63538K [0x00000000d0000000, 0x00000000d4a80000, 0x00000000f0000000)
  object space 76288K, 83% used [0x00000000d0000000,0x00000000d3e0ca60,0x00000000d4a80000)
 Metaspace       used 53976K, capacity 55446K, committed 55808K, reserved 1099776K
  class space    used 5925K, capacity 6376K, committed 6400K, reserved 1048576K
Event: 15.771 GC heap after
Heap after GC invocations=61 (full 5):
 PSYoungGen      total 221184K, used 9759K [0x00000000f0000000, 0x00000000fe880000, 0x0000000100000000)
  eden space 206848K, 0% used [0x00000000f0000000,0x00000000f0000000,0x00000000fca00000)
  from space 14336K, 68% used [0x00000000fd880000,0x00000000fe207df8,0x00000000fe680000)
  to   space 14848K, 0% used [0x00000000fca00000,0x00000000fca00000,0x00000000fd880000)
 ParOldGen       total 76288K, used 63546K [0x00000000d0000000, 0x00000000d4a80000, 0x00000000f0000000)
  object space 76288K, 83% used [0x00000000d0000000,0x00000000d3e0ea60,0x00000000d4a80000)
 Metaspace       used 53976K, capacity 55446K, committed 55808K, reserved 1099776K
  class space    used 5925K, capacity 6376K, committed 6400K, reserved 1048576K
}
Event: 16.302 GC heap before
{Heap before GC invocations=62 (full 5):
 PSYoungGen      total 221184K, used 216607K [0x00000000f0000000, 0x00000000fe880000, 0x0000000100000000)
  eden space 206848K, 100% used [0x00000000f0000000,0x00000000fca00000,0x00000000fca00000)
  from space 14336K, 68% used [0x00000000fd880000,0x00000000fe207df8,0x00000000fe680000)
  to   space 14848K, 0% used [0x00000000fca00000,0x00000000fca00000,0x00000000fd880000)
 ParOldGen       total 76288K, used 63546K [0x00000000d0000000, 0x00000000d4a80000, 0x00000000f0000000)
  object space 76288K, 83% used [0x00000000d0000000,0x00000000d3e0ea60,0x00000000d4a80000)
 Metaspace       used 55066K, capacity 56616K, committed 56960K, reserved 1099776K
  class space    used 6056K, capacity 6507K, committed 6528K, reserved 1048576K
Event: 16.314 GC heap after
Heap after GC invocations=62 (full 5):
 PSYoungGen      total 221696K, used 13377K [0x00000000f0000000, 0x00000000ff480000, 0x0000000100000000)
  eden space 206848K, 0% used [0x00000000f0000000,0x00000000f0000000,0x00000000fca00000)
  from space 14848K, 90% used [0x00000000fca00000,0x00000000fd710590,0x00000000fd880000)
  to   space 16384K, 0% used [0x00000000fe480000,0x00000000fe480000,0x00000000ff480000)
 ParOldGen       total 76288K, used 63554K [0x00000000d0000000, 0x00000000d4a80000, 0x00000000f0000000)
  object space 76288K, 83% used [0x00000000d0000000,0x00000000d3e10a60,0x00000000d4a80000)
 Metaspace       used 55066K, capacity 56616K, committed 56960K, reserved 1099776K
  class space    used 6056K, capacity 6507K, committed 6528K, reserved 1048576K
}
Event: 17.312 GC heap before
{Heap before GC invocations=63 (full 5):
 PSYoungGen      total 221696K, used 220225K [0x00000000f0000000, 0x00000000ff480000, 0x0000000100000000)
  eden space 206848K, 100% used [0x00000000f0000000,0x00000000fca00000,0x00000000fca00000)
  from space 14848K, 90% used [0x00000000fca00000,0x00000000fd710590,0x00000000fd880000)
  to   space 16384K, 0% used [0x00000000fe480000,0x00000000fe480000,0x00000000ff480000)
 ParOldGen       total 76288K, used 63554K [0x00000000d0000000, 0x00000000d4a80000, 0x00000000f0000000)
  object space 76288K, 83% used [0x00000000d0000000,0x00000000d3e10a60,0x00000000d4a80000)
 Metaspace       used 56041K, capacity 57694K, committed 57984K, reserved 1099776K
  class space    used 6184K, capacity 6686K, committed 6784K, reserved 1048576K
Event: 17.340 GC heap after
Heap after GC invocations=63 (full 5):
 PSYoungGen      total 229888K, used 16372K [0x00000000f0000000, 0x00000000ffc80000, 0x0000000100000000)
  eden space 213504K, 0% used [0x00000000f0000000,0x00000000f0000000,0x00000000fd080000)
  from space 16384K, 99% used [0x00000000fe480000,0x00000000ff47d030,0x00000000ff480000)
  to   space 20480K, 0% used [0x00000000fd080000,0x00000000fd080000,0x00000000fe480000)
 ParOldGen       total 76288K, used 67566K [0x00000000d0000000, 0x00000000d4a80000, 0x00000000f0000000)
  object space 76288K, 88% used [0x00000000d0000000,0x00000000d41fba70,0x00000000d4a80000)
 Metaspace       used 56041K, capacity 57694K, committed 57984K, reserved 1099776K
  class space    used 6184K, capacity 6686K, committed 6784K, reserved 1048576K
}
Event: 18.498 GC heap before
{Heap before GC invocations=64 (full 5):
 PSYoungGen      total 229888K, used 229876K [0x00000000f0000000, 0x00000000ffc80000, 0x0000000100000000)
  eden space 213504K, 100% used [0x00000000f0000000,0x00000000fd080000,0x00000000fd080000)
  from space 16384K, 99% used [0x00000000fe480000,0x00000000ff47d030,0x00000000ff480000)
  to   space 20480K, 0% used [0x00000000fd080000,0x00000000fd080000,0x00000000fe480000)
 ParOldGen       total 76288K, used 67566K [0x00000000d0000000, 0x00000000d4a80000, 0x00000000f0000000)
  object space 76288K, 88% used [0x00000000d0000000,0x00000000d41fba70,0x00000000d4a80000)
 Metaspace       used 57797K, capacity 59472K, committed 59904K, reserved 1101824K
  class space    used 6307K, capacity 6785K, committed 6912K, reserved 1048576K
Event: 18.529 GC heap after
Heap after GC invocations=64 (full 5):
 PSYoungGen      total 233984K, used 20464K [0x00000000f0000000, 0x0000000100000000, 0x0000000100000000)
  eden space 213504K, 0% used [0x00000000f0000000,0x00000000f0000000,0x00000000fd080000)
  from space 20480K, 99% used [0x00000000fd080000,0x00000000fe47c300,0x00000000fe480000)
  to   space 26624K, 0% used [0x00000000fe600000,0x00000000fe600000,0x0000000100000000)
 ParOldGen       total 76288K, used 74682K [0x00000000d0000000, 0x00000000d4a80000, 0x00000000f0000000)
  object space 76288K, 97% used [0x00000000d0000000,0x00000000d48ee910,0x00000000d4a80000)
 Metaspace       used 57797K, capacity 59472K, committed 59904K, reserved 1101824K
  class space    used 6307K, capacity 6785K, committed 6912K, reserved 1048576K
}
Event: 18.529 GC heap before
{Heap before GC invocations=65 (full 6):
 PSYoungGen      total 233984K, used 20464K [0x00000000f0000000, 0x0000000100000000, 0x0000000100000000)
  eden space 213504K, 0% used [0x00000000f0000000,0x00000000f0000000,0x00000000fd080000)
  from space 20480K, 99% used [0x00000000fd080000,0x00000000fe47c300,0x00000000fe480000)
  to   space 26624K, 0% used [0x00000000fe600000,0x00000000fe600000,0x0000000100000000)
 ParOldGen       total 76288K, used 74682K [0x00000000d0000000, 0x00000000d4a80000, 0x00000000f0000000)
  object space 76288K, 97% used [0x00000000d0000000,0x00000000d48ee910,0x00000000d4a80000)
 Metaspace       used 57797K, capacity 59472K, committed 59904K, reserved 1101824K
  class space    used 6307K, capacity 6785K, committed 6912K, reserved 1048576K
Event: 19.345 GC heap after
Heap after GC invocations=65 (full 6):
 PSYoungGen      total 233984K, used 18204K [0x00000000f0000000, 0x0000000100000000, 0x0000000100000000)
  eden space 213504K, 0% used [0x00000000f0000000,0x00000000f0000000,0x00000000fd080000)
  from space 20480K, 88% used [0x00000000fd080000,0x00000000fe247040,0x00000000fe480000)
  to   space 26624K, 0% used [0x00000000fe600000,0x00000000fe600000,0x0000000100000000)
 ParOldGen       total 91136K, used 75783K [0x00000000d0000000, 0x00000000d5900000, 0x00000000f0000000)
  object space 91136K, 83% used [0x00000000d0000000,0x00000000d4a01ea8,0x00000000d5900000)
 Metaspace       used 57797K, capacity 59472K, committed 59904K, reserved 1101824K
  class space    used 6307K, capacity 6785K, committed 6912K, reserved 1048576K
}

Deoptimization events (10 events):
Event: 16.470 Thread 0x000000000c5e9000 Uncommon trap: reason=bimorphic action=maybe_recompile pc=0x00000000103a228c method=groovy.lang.MetaClassImpl$1MOPIter.methodNameAction(Ljava/lang/Class;Lorg/codehaus/groovy/runtime/metaclass/MetaMethodIndex$Entry;)V @ 62
Event: 16.470 Thread 0x000000000c5e9000 Uncommon trap: reason=bimorphic action=maybe_recompile pc=0x00000000103a228c method=groovy.lang.MetaClassImpl$1MOPIter.methodNameAction(Ljava/lang/Class;Lorg/codehaus/groovy/runtime/metaclass/MetaMethodIndex$Entry;)V @ 62
Event: 16.720 Thread 0x000000000c5e9000 Uncommon trap: reason=null_assert action=make_not_entrant pc=0x00000000102adfa0 method=java.util.concurrent.ConcurrentHashMap.transfer([Ljava/util/concurrent/ConcurrentHashMap$Node;[Ljava/util/concurrent/ConcurrentHashMap$Node;)V @ 557
Event: 16.733 Thread 0x000000000c5e9000 Uncommon trap: reason=null_assert action=make_not_entrant pc=0x000000000f29fae8 method=java.util.concurrent.ConcurrentHashMap.transfer([Ljava/util/concurrent/ConcurrentHashMap$Node;[Ljava/util/concurrent/ConcurrentHashMap$Node;)V @ 557
Event: 16.746 Thread 0x000000000c5e9000 Uncommon trap: reason=null_check action=make_not_entrant pc=0x000000000fdea5ec method=java.lang.Class.getMethod0(Ljava/lang/String;[Ljava/lang/Class;Z)Ljava/lang/reflect/Method; @ 35
Event: 16.746 Thread 0x000000000c5e9000 Uncommon trap: reason=null_check action=make_not_entrant pc=0x00000000102f69cc method=java.lang.Class.privateGetDeclaredConstructors(Z)[Ljava/lang/reflect/Constructor; @ 35
Event: 17.679 Thread 0x000000000c5e9000 Uncommon trap: reason=unreached action=reinterpret pc=0x000000000fb56120 method=org.codehaus.groovy.runtime.metaclass.MetaMethodIndex.getMethods(Ljava/lang/Class;Ljava/lang/String;)Lorg/codehaus/groovy/runtime/metaclass/MetaMethodIndex$Entry; @ 61
Event: 17.685 Thread 0x000000000c5e9000 Uncommon trap: reason=unreached action=reinterpret pc=0x000000000fcabfb0 method=org.codehaus.groovy.runtime.metaclass.MetaMethodIndex.getMethods(Ljava/lang/Class;Ljava/lang/String;)Lorg/codehaus/groovy/runtime/metaclass/MetaMethodIndex$Entry; @ 61
Event: 19.845 Thread 0x000000000c5e9000 Uncommon trap: reason=unreached action=reinterpret pc=0x0000000010527cb0 method=org.codehaus.groovy.runtime.metaclass.MetaMethodIndex.isNonRealMethod(Lgroovy/lang/MetaMethod;)Z @ 32
Event: 19.845 Thread 0x000000000c5e9000 Uncommon trap: reason=unreached action=reinterpret pc=0x00000000101c1b94 method=org.codehaus.groovy.runtime.metaclass.MetaMethodIndex.isNonRealMethod(Lgroovy/lang/MetaMethod;)Z @ 32

Internal exceptions (10 events):
Event: 19.917 Thread 0x000000000c5e9000 Exception <a 'java/security/PrivilegedActionException'> (0x00000000faeb6f10) thrown at [C:\re\workspace\8-2-build-windows-amd64-cygwin\jdk8u11\648\hotspot\src\share\vm\prims\jvm.cpp, line 1248]
Event: 19.917 Thread 0x000000000c5e9000 Exception <a 'java/lang/ClassNotFoundException': org/codehaus/groovy/grails/plugins/DomainClassGrailsPlugin$_enhanceDomainClasses_closure9BeanInfo> (0x00000000faeb7e88) thrown at [C:\re\workspace\8-2-build-windows-amd64-cygwin\jdk8u11\648\hotspot\src\share
Event: 19.917 Thread 0x000000000c5e9000 Exception <a 'java/security/PrivilegedActionException'> (0x00000000faeb93f0) thrown at [C:\re\workspace\8-2-build-windows-amd64-cygwin\jdk8u11\648\hotspot\src\share\vm\prims\jvm.cpp, line 1248]
Event: 19.917 Thread 0x000000000c5e9000 Exception <a 'java/security/PrivilegedActionException'> (0x00000000faebf330) thrown at [C:\re\workspace\8-2-build-windows-amd64-cygwin\jdk8u11\648\hotspot\src\share\vm\prims\jvm.cpp, line 1248]
Event: 19.918 Thread 0x000000000c5e9000 Exception <a 'java/security/PrivilegedActionException'> (0x00000000faed5f38) thrown at [C:\re\workspace\8-2-build-windows-amd64-cygwin\jdk8u11\648\hotspot\src\share\vm\prims\jvm.cpp, line 1248]
Event: 19.919 Thread 0x000000000c5e9000 Exception <a 'java/security/PrivilegedActionException'> (0x00000000faef29e0) thrown at [C:\re\workspace\8-2-build-windows-amd64-cygwin\jdk8u11\648\hotspot\src\share\vm\prims\jvm.cpp, line 1248]
Event: 19.919 Thread 0x000000000c5e9000 Exception <a 'java/security/PrivilegedActionException'> (0x00000000faef8920) thrown at [C:\re\workspace\8-2-build-windows-amd64-cygwin\jdk8u11\648\hotspot\src\share\vm\prims\jvm.cpp, line 1248]
Event: 19.919 Thread 0x000000000c5e9000 Exception <a 'java/security/PrivilegedActionException'> (0x00000000faf0f528) thrown at [C:\re\workspace\8-2-build-windows-amd64-cygwin\jdk8u11\648\hotspot\src\share\vm\prims\jvm.cpp, line 1248]
Event: 19.920 Thread 0x000000000c5e9000 Exception <a 'java/security/PrivilegedActionException'> (0x00000000faf41a78) thrown at [C:\re\workspace\8-2-build-windows-amd64-cygwin\jdk8u11\648\hotspot\src\share\vm\prims\jvm.cpp, line 1248]
Event: 19.920 Thread 0x000000000c5e9000 Exception <a 'java/lang/ClassNotFoundException': org/codehaus/groovy/grails/plugins/DomainClassGrailsPlugin$_enhanceDomainClasses_closure9Customizer> (0x00000000faf429f0) thrown at [C:\re\workspace\8-2-build-windows-amd64-cygwin\jdk8u11\648\hotspot\src\shafPJmÂê3@

Events (10 events):
Event: 19.915 loading class org/codehaus/groovy/grails/plugins/DomainClassGrailsPlugin$_enhanceDomainClasses_closure9BeanInfo
Event: 19.915 loading class org/codehaus/groovy/grails/plugins/DomainClassGrailsPlugin$_enhanceDomainClasses_closure9BeanInfo done
Event: 19.917 loading class org/codehaus/groovy/grails/plugins/DomainClassGrailsPlugin$_enhanceDomainClasses_closure9BeanInfo
Event: 19.917 loading class org/codehaus/groovy/grails/plugins/DomainClassGrailsPlugin$_enhanceDomainClasses_closure9BeanInfo done
Event: 19.917 loading class org/codehaus/groovy/grails/plugins/DomainClassGrailsPlugin$_enhanceDomainClasses_closure9Customizer
Event: 19.917 loading class org/codehaus/groovy/grails/plugins/DomainClassGrailsPlugin$_enhanceDomainClasses_closure9Customizer done
Event: 19.918 loading class org/codehaus/groovy/grails/plugins/DomainClassGrailsPlugin$_enhanceDomainClasses_closure9Customizer
Event: 19.918 loading class org/codehaus/groovy/grails/plugins/DomainClassGrailsPlugin$_enhanceDomainClasses_closure9Customizer done
Event: 19.920 loading class org/codehaus/groovy/grails/plugins/DomainClassGrailsPlugin$_enhanceDomainClasses_closure9Customizer
Event: 19.920 loading class org/codehaus/groovy/grails/plugins/DomainClassGrailsPlugin$_enhanceDomainClasses_closure9Customizer done


Dynamic libraries:
0x000000013f660000 - 0x000000013f694000 	C:\Program Files\Java\jdk1.8.0_11\bin\java.exe
0x0000000077510000 - 0x00000000776b9000 	C:\Windows\SYSTEM32\ntdll.dll
0x00000000773f0000 - 0x000000007750f000 	C:\Windows\system32\kernel32.dll
0x000007fefc700000 - 0x000007fefc76c000 	C:\Windows\system32\KERNELBASE.dll
0x000007fefca00000 - 0x000007fefcadb000 	C:\Windows\system32\ADVAPI32.dll
0x000007fefcde0000 - 0x000007fefce7f000 	C:\Windows\system32\msvcrt.dll
0x000007fefe9d0000 - 0x000007fefe9ef000 	C:\Windows\SYSTEM32\sechost.dll
0x000007fefd050000 - 0x000007fefd17d000 	C:\Windows\system32\RPCRT4.dll
0x00000000772f0000 - 0x00000000773ea000 	C:\Windows\system32\USER32.dll
0x000007fefdf40000 - 0x000007fefdfa7000 	C:\Windows\system32\GDI32.dll
0x000007fefe960000 - 0x000007fefe96e000 	C:\Windows\system32\LPK.dll
0x000007fefc890000 - 0x000007fefc959000 	C:\Windows\system32\USP10.dll
0x000007fefb4a0000 - 0x000007fefb694000 	C:\Windows\WinSxS\amd64_microsoft.windows.common-controls_6595b64144ccf1df_6.0.7601.17514_none_fa396087175ac9ac\COMCTL32.dll
0x000007fefc810000 - 0x000007fefc881000 	C:\Windows\system32\SHLWAPI.dll
0x000007fefd180000 - 0x000007fefd1ae000 	C:\Windows\system32\IMM32.DLL
0x000007fefcae0000 - 0x000007fefcbe9000 	C:\Windows\system32\MSCTF.dll
0x000007fefc3b0000 - 0x000007fefc3f6000 	C:\Windows\system32\nvinitx.dll
0x000000000f000000 - 0x000000000f006000 	C:\Program Files\NVIDIA Corporation\CoProcManager\_etoured.dll
0x000007fef99d0000 - 0x000007fef9a25000 	C:\Program Files\NVIDIA Corporation\CoProcManager\nvd3d9wrapx.dll
0x000007fefcbf0000 - 0x000007fefcdc7000 	C:\Windows\system32\SETUPAPI.dll
0x000007fefc550000 - 0x000007fefc586000 	C:\Windows\system32\CFGMGR32.dll
0x000007fefe230000 - 0x000007fefe307000 	C:\Windows\system32\OLEAUT32.dll
0x000007fefe4a0000 - 0x000007fefe6a3000 	C:\Windows\system32\ole32.dll
0x000007fefc530000 - 0x000007fefc54a000 	C:\Windows\system32\DEVOBJ.dll
0x000007fef9840000 - 0x000007fef987d000 	C:\Program Files\NVIDIA Corporation\CoProcManager\nvdxgiwrapx.dll
0x0000000073e70000 - 0x0000000073f42000 	C:\Program Files\Java\jdk1.8.0_11\jre\bin\msvcr100.dll
0x000000005e520000 - 0x000000005ed4a000 	C:\Program Files\Java\jdk1.8.0_11\jre\bin\server\jvm.dll
0x000007fef70d0000 - 0x000007fef70d9000 	C:\Windows\system32\WSOCK32.dll
0x000007fefe730000 - 0x000007fefe77d000 	C:\Windows\system32\WS2_32.dll
0x000007fefcdd0000 - 0x000007fefcdd8000 	C:\Windows\system32\NSI.dll
0x000007fef9f20000 - 0x000007fef9f5b000 	C:\Windows\system32\WINMM.dll
0x00000000776d0000 - 0x00000000776d7000 	C:\Windows\system32\PSAPI.DLL
0x00000000740a0000 - 0x00000000740af000 	C:\Program Files\Java\jdk1.8.0_11\jre\bin\verify.dll
0x0000000074070000 - 0x0000000074098000 	C:\Program Files\Java\jdk1.8.0_11\jre\bin\java.dll
0x0000000074040000 - 0x0000000074063000 	C:\Program Files\Java\jdk1.8.0_11\jre\bin\instrument.dll
0x0000000074020000 - 0x0000000074036000 	C:\Program Files\Java\jdk1.8.0_11\jre\bin\zip.dll
0x000007fefd1b0000 - 0x000007fefdf38000 	C:\Windows\system32\SHELL32.dll
0x000007fefc400000 - 0x000007fefc40f000 	C:\Windows\system32\profapi.dll
0x000007fefbc40000 - 0x000007fefbc57000 	C:\Windows\system32\CRYPTSP.dll
0x000007fefb940000 - 0x000007fefb987000 	C:\Windows\system32\rsaenh.dll
0x000007fefb380000 - 0x000007fefb39e000 	C:\Windows\system32\USERENV.dll
0x000007fefc2a0000 - 0x000007fefc2af000 	C:\Windows\system32\CRYPTBASE.dll
0x0000000074000000 - 0x000000007401a000 	C:\Program Files\Java\jdk1.8.0_11\jre\bin\net.dll
0x000007fefbbe0000 - 0x000007fefbc35000 	C:\Windows\system32\mswsock.dll
0x000007fefbbd0000 - 0x000007fefbbd7000 	C:\Windows\System32\wship6.dll
0x000007fef9a30000 - 0x000007fef9a57000 	C:\Windows\system32\IPHLPAPI.DLL
0x000007fef99c0000 - 0x000007fef99cb000 	C:\Windows\system32\WINNSI.DLL
0x000007fef98f0000 - 0x000007fef9908000 	C:\Windows\system32\dhcpcsvc.DLL
0x000007fef98d0000 - 0x000007fef98e1000 	C:\Windows\system32\dhcpcsvc6.DLL
0x0000000073fe0000 - 0x0000000073ff1000 	C:\Program Files\Java\jdk1.8.0_11\jre\bin\nio.dll
0x000007fef9120000 - 0x000007fef912a000 	C:\Users\Gabriel\AppData\Local\Temp\jansi-64-2502290981991653267.dll
0x0000000073f80000 - 0x0000000073f8d000 	C:\Program Files\Java\jdk1.8.0_11\jre\bin\management.dll
0x000007fefa1b0000 - 0x000007fefa1c5000 	C:\Windows\system32\NLAapi.dll
0x000007fef90c0000 - 0x000007fef90d5000 	C:\Windows\system32\napinsp.dll
0x000007fef8a00000 - 0x000007fef8a19000 	C:\Windows\system32\pnrpnsp.dll
0x000007fefba60000 - 0x000007fefbabb000 	C:\Windows\system32\DNSAPI.dll
0x000007fefa0b0000 - 0x000007fefa0bb000 	C:\Windows\System32\winrnr.dll
0x000007fef90f0000 - 0x000007fef9100000 	C:\Windows\system32\wshbth.dll
0x000007fef7080000 - 0x000007fef70af000 	C:\Program Files\Common Files\Microsoft Shared\Windows Live\WLIDNSP.DLL
0x000007fefb260000 - 0x000007fefb267000 	C:\Windows\System32\wshtcpip.dll
0x000007fef70e0000 - 0x000007fef70e8000 	C:\Windows\system32\rasadhlp.dll
0x000007fef8d70000 - 0x000007fef8dc3000 	C:\Windows\System32\fwpuclnt.dll
0x000007fee64c0000 - 0x000007fee65e5000 	C:\Windows\system32\dbghelp.dll

VM Arguments:
jvm_args: -Dfile.encoding=UTF-8 -Xmx768M -Xms64M -Dgrails.fork.parent.process.port=51789 -Dgrails.fork.active=true -Dgrails.build.execution.context=C:\Users\Gabriel\AppData\Local\Temp\TallerExposiciones6237614555682143302grails-execution-context -Dgrails.home=C:\grails\grails-2.4.4 -javaagent:C:\grails\grails-2.4.4\lib\org.springframework\springloaded\jars\springloaded-1.2.1.RELEASE.jar -Xverify:none -Dspringloaded.synchronize=true -Djdk.reflect.allowGetCallerClass=true -Dspringloaded=profile=grails;cacheDir=C:\Users\Gabriel\.grails\2.4.4 
java_command: org.grails.plugins.tomcat.fork.ForkedTomcatServer
java_class_path (initial): C:\Program Files\Java\jdk1.8.0_11\lib\tools.jar;C:\grails\grails-2.4.4\lib\org.codehaus.groovy\groovy-all\jars\groovy-all-2.3.7.jar;C:\grails\grails-2.4.4\lib\org.slf4j\jcl-over-slf4j\jars\jcl-over-slf4j-1.7.5.jar;C:\grails\grails-2.4.4\lib\org.codehaus.gant\gant_groovy1.8\jars\gant_groovy1.8-1.9.6.jar;C:\grails\grails-2.4.4\lib\org.apache.tomcat.embed\tomcat-embed-logging-log4j\jars\tomcat-embed-logging-log4j-7.0.50.jar;C:\grails\grails-2.4.4\dist\grails-plugin-log4j-2.4.4.jar;C:\grails\grails-2.4.4\lib\log4j\log4j\jars\log4j-1.2.17.jar;C:\grails\grails-2.4.4\dist\grails-bootstrap-2.4.4.jar;C:\grails\grails-2.4.4\lib\org.slf4j\slf4j-api\jars\slf4j-api-1.7.5.jar;C:\grails\grails-2.4.4\lib\jline\jline\jars\jline-2.12.jar;C:\grails\grails-2.4.4\lib\org.apache.ant\ant\jars\ant-1.8.4.jar;C:\grails\grails-2.4.4\lib\org.apache.ant\ant-launcher\jars\ant-launcher-1.8.4.jar;C:\grails\grails-2.4.4\lib\org.apache.ant\ant-trax\jars\ant-trax-1.7.1.jar;C:\grails\grails-2.4.4\lib\org.apache.ant\ant-junit\jars\ant-junit-1.8.4.jar;C:\grails\grails-2.4.4\lib\org.apache.ivy\ivy\jars\ivy-2.3.0.jar;C:\grails\grails-2.4.4\lib\org.fusesource.jansi\jansi\jars\jansi-1.11.jar;C:\Users\Gabriel\.m2\repository\org\apache\tomcat\tomcat-catalina-ant\7.0.55\tomcat-catalina-ant-7.0.55.jar;C:\Users\Gabriel\.m2\repository\org\apache\tomcat\embed\tomcat-embed-jasper\7.0.55\tomcat-embed-jasper-7.0.55.jar;C:\Users\Gabriel\.m2\repository\org\apache\tomcat\embed\tomcat-embed-el\7.0.55\tomcat-embed-el-7.0.55.jar;C:\Users\Gabriel\.m2\repository\org\apache\tomcat\embed\tomcat-embed-logging-log4j\7.0.55\tomcat-embed-logging-log4j-7.0.55.jar;C:\Users\Gabriel\.m2\repository\org\apache\tomcat\embed\tomcat-embed-websocket\7.0.55\tomcat-embed-websocket-7.0.55.jar;C:\Users\Gabriel\.m2\repository\org\apache\tomcat\embed\tomcat-embed-core\7.0.55\tomcat-embed-core-7.0.55.jar;C:\Users\Gabriel\.m2\repository\org\eclipse\jdt\core\compiler\ecj\3.7.2\ecj-3.7.2.jar;C:\Users\Gabriel\IdeaProjects\
Launcher Type: SUN_STANDARD

Environment Variables:
JAVA_HOME=C:\Program Files\Java\jdk1.8.0_11
PATH=C:\Program Files\Common Files\Microsoft Shared\Windows Live;C:\Program Files (x86)\Common Files\Microsoft Shared\Windows Live;C:\Program Files\NVIDIA GPU Computing Toolkit\CUDA\v5.5\bin;C:\Program Files\NVIDIA GPU Computing Toolkit\CUDA\v5.5\libnvvp;C:\Program Files (x86)\NVIDIA Corporation\PhysX\Common;C:\Windows\system32;C:\Windows;C:\Windows\System32\Wbem;C:\Windows\System32\WindowsPowerShell\v1.0\;C:\Program Files\Intel\WiFi\bin\;C:\Program Files\Common Files\Intel\WirelessCommon\;C:\Program Files (x86)\Intel\OpenCL SDK\1.5\bin\x86;C:\Program Files (x86)\Intel\OpenCL SDK\1.5\bin\x64;C:\Program Files\Lenovo\Bluetooth Software\;C:\Program Files\Lenovo\Bluetooth Software\syswow64;C:\Program Files (x86)\MySQL\MySQL Fabric 1.5.3 & MySQL Utilities 1.5.3 1.5\;C:\Program Files (x86)\MySQL\MySQL Fabric 1.5.3 & MySQL Utilities 1.5.3 1.5\Doctrine extensions for PHP\;C:\Program Files\MATLAB\R2013b\runtime\win64;C:\Program Files\MATLAB\R2013b\bin;C:\Program Files\MATLAB\R2013b\polyspace\bin;C:\PROGRA~1\Java\jdk1.8.0_11;C:\grails\grails-2.5.0\bin;C:\Program Files (x86)\Windows Live\Shared;C:\PROGRA~2\Groovy\GROOVY~1.0\bin;C:\Program Files\nodejs\;C:\Program Files (x86)\Git\cmd;C:\Program Files\Intel\WiFi\bin\;C:\Program Files\Common Files\Intel\WirelessCommon\;C:\Program Files\Python34;C:\grails\grails-2.5.0;C:\Users\Gabriel\AppData\Roaming\npm;C:\Program Files\apache-ant-1.9.4\bin;C:\PROGRA~2\Android\sdk\tools;C:\PROGRA~2\Android\sdk\platform-tools;.;;.;
USERNAME=Gabriel
OS=Windows_NT
PROCESSOR_IDENTIFIER=Intel64 Family 6 Model 58 Stepping 9, GenuineIntel



---------------  S Y S T E M  ---------------

OS: Windows 7 , 64 bit Build 7601 Service Pack 1

CPU:total 8 (4 cores per cpu, 2 threads per core) family 6 model 58 stepping 9, cmov, cx8, fxsr, mmx, sse, sse2, sse3, ssse3, sse4.1, sse4.2, popcnt, avx, aes, clmul, erms, ht, tsc, tscinvbit

Memory: 4k page, physical 8285468k(3524884k free), swap 16569080k(10764420k free)

vm_info: Java HotSpot(TM) 64-Bit Server VM (25.11-b03) for windows-amd64 JRE (1.8.0_11-b12), built on Jun 16 2014 20:57:32 by "java_re" with MS VC++ 10.0 (VS2010)

time: Thu May 21 20:49:20 2015
elapsed time: 19 seconds

