#
# A fatal error has been detected by the Java Runtime Environment:
#
#  EXCEPTION_ACCESS_VIOLATION (0xc0000005) at pc=0x00000000696c4db2, pid=9960, tid=5604
#
# JRE version: Java(TM) SE Runtime Environment (8.0_11-b12) (build 1.8.0_11-b12)
# Java VM: Java HotSpot(TM) 64-Bit Server VM (25.11-b03 mixed mode windows-amd64 compressed oops)
# Problematic frame:
# V  [jvm.dll+0x424db2]
#
# Failed to write core dump. Minidumps are not enabled by default on client versions of Windows
#
# If you would like to submit a bug report, please visit:
#   http://bugreport.sun.com/bugreport/crash.jsp
#

---------------  T H R E A D  ---------------

Current thread (0x0000000014d1d000):  JavaThread "C2 CompilerThread0" daemon [_thread_in_native, id=5604, stack(0x0000000016610000,0x0000000016710000)]

siginfo: ExceptionCode=0xc0000005, reading address 0x0000000000000000

Registers:
RAX=0x0000000017e17118, RBX=0x0000000000000600, RCX=0x0000000000000000, RDX=0x000000001bd15260
RSP=0x000000001670c430, RBP=0x00000000000000c0, RSI=0x00000000000000b8, RDI=0x0000000000000000
R8 =0x00000000692a0000, R9 =0x000000001670c750, R10=0x00000000ffffffff, R11=0x0000000014d06850
R12=0x0000000017e17820, R13=0x00000000197b42a8, R14=0x0000000000000008, R15=0x00000000197b42a8
RIP=0x00000000696c4db2, EFLAGS=0x0000000000010206

Top of Stack: (sp=0x000000001670c430)
0x000000001670c430:   00000000000000da 000000001bd10b90
0x000000001670c440:   0000000000000020 0000000000000400
0x000000001670c450:   0000000000000001 0000000000000600
0x000000001670c460:   0000000000000180 00000000000000c0
0x000000001670c470:   000000001c30a1e0 0000000014d18620
0x000000001670c480:   00000000000006b0 000000001bd10b90
0x000000001670c490:   000000001670c750 0000000017e14290
0x000000001670c4a0:   0000000000000020 0000000000000009
0x000000001670c4b0:   0000000017e177f0 00000000000000da
0x000000001670c4c0:   00000000197b42a8 00000000696c598d
0x000000001670c4d0:   0000000017e177f0 000000000000001c
0x000000001670c4e0:   00000000000000da 000000001670c750
0x000000001670c4f0:   000000001bd15260 00000000000000da
0x000000001670c500:   0000000017e14290 0000000000000020
0x000000001670c510:   000000001b61fd08 000000001670eac0
0x000000001670c520:   000000001b620338 0000000017e177f0 

Instructions: (pc=0x00000000696c4db2)
0x00000000696c4d92:   c6 48 63 f0 48 03 f1 eb 04 48 83 ce ff 48 8b 84
0x00000000696c4da2:   24 a0 00 00 00 48 8b 40 08 48 8b 3c 03 48 8b cf
0x00000000696c4db2:   48 8b 07 ff 50 28 4c 8d 05 41 b2 bd ff 48 63 50
0x00000000696c4dc2:   10 4c 8b d8 48 8b ca 48 c1 e1 05 42 80 bc 01 c0 


Register to memory mapping:

RAX=0x0000000017e17118 is an unknown value
RBX=0x0000000000000600 is an unknown value
RCX=0x0000000000000000 is an unknown value
RDX=0x000000001bd15260 is an unknown value
RSP=0x000000001670c430 is pointing into the stack for thread: 0x0000000014d1d000
RBP=0x00000000000000c0 is an unknown value
RSI=0x00000000000000b8 is an unknown value
RDI=0x0000000000000000 is an unknown value
R8 =0x00000000692a0000 is an unknown value
R9 =0x000000001670c750 is pointing into the stack for thread: 0x0000000014d1d000
R10=0x00000000ffffffff is an unknown value
R11=0x0000000014d06850 is an unknown value
R12=0x0000000017e17820 is an unknown value
R13=0x00000000197b42a8 is an unknown value
R14=0x0000000000000008 is an unknown value
R15=0x00000000197b42a8 is an unknown value


Stack: [0x0000000016610000,0x0000000016710000],  sp=0x000000001670c430,  free space=1009k
Native frames: (J=compiled Java code, j=interpreted, Vv=VM code, C=native code)
V  [jvm.dll+0x424db2]
V  [jvm.dll+0x42598d]
V  [jvm.dll+0x425ecf]
V  [jvm.dll+0x4c5a84]
V  [jvm.dll+0x4415bc]
V  [jvm.dll+0x443a29]
V  [jvm.dll+0x427722]
V  [jvm.dll+0x96982]
V  [jvm.dll+0x97173]
V  [jvm.dll+0x2234b4]
V  [jvm.dll+0x27bcca]
C  [msvcr100.dll+0x21d9f]
C  [msvcr100.dll+0x21e3b]
C  [KERNEL32.DLL+0x16ad]
C  [ntdll.dll+0x74629]


Current CompileTask:
C2:  99688 6430       4       groovy.lang.MetaClassImpl::findPropertyMethod (356 bytes)


---------------  P R O C E S S  ---------------

Java Threads: ( => current thread )
  0x00000000187b0800 JavaThread "net.sf.ehcache.CacheManager@3c45818f" daemon [_thread_blocked, id=2756, stack(0x000000001ed40000,0x000000001ee40000)]
  0x00000000187af800 JavaThread "H2 Log Writer DEVDB" daemon [_thread_blocked, id=6128, stack(0x000000001c370000,0x000000001c470000)]
  0x00000000187ae000 JavaThread "H2 File Lock Watchdog C:/Users/johnd_000/IdeaProjects/DominiosYConstraints/TallerExposiciones/devDb.lock.db" daemon [_thread_blocked, id=7084, stack(0x000000001e840000,0x000000001e940000)]
  0x00000000187af000 JavaThread "PoolCleaner[187457031:1432274150203]" daemon [_thread_blocked, id=8068, stack(0x000000001cd30000,0x000000001ce30000)]
  0x0000000019cb0000 JavaThread "FileSystemWatcher: files=#126 cl=groovy.lang.GroovyClassLoader@b2c5e07" daemon [_thread_blocked, id=8180, stack(0x000000001af40000,0x000000001b040000)]
  0x0000000018914000 JavaThread "localhost-startStop-1" daemon [_thread_in_native, id=8912, stack(0x000000001ac90000,0x000000001ad90000)]
  0x000000001880c000 JavaThread "Tomcat-startStop-1" daemon [_thread_blocked, id=1304, stack(0x000000001ab90000,0x000000001ac90000)]
  0x00000000164b2000 JavaThread "Thread-3" [_thread_in_native, id=2348, stack(0x000000001a230000,0x000000001a330000)]
  0x0000000018507000 JavaThread "Thread-2" [_thread_blocked, id=2320, stack(0x00000000190a0000,0x00000000191a0000)]
  0x0000000016f1d000 JavaThread "NonBlockingInputStreamThread" daemon [_thread_blocked, id=3620, stack(0x0000000017bd0000,0x0000000017cd0000)]
  0x000000001641b800 JavaThread "Service Thread" daemon [_thread_blocked, id=2892, stack(0x0000000016910000,0x0000000016a10000)]
  0x0000000016336800 JavaThread "C1 CompilerThread2" daemon [_thread_blocked, id=9168, stack(0x0000000016810000,0x0000000016910000)]
  0x0000000014d19800 JavaThread "C2 CompilerThread1" daemon [_thread_blocked, id=6532, stack(0x0000000016710000,0x0000000016810000)]
=>0x0000000014d1d000 JavaThread "C2 CompilerThread0" daemon [_thread_in_native, id=5604, stack(0x0000000016610000,0x0000000016710000)]
  0x0000000014cbe800 JavaThread "Attach Listener" daemon [_thread_blocked, id=2396, stack(0x0000000016110000,0x0000000016210000)]
  0x0000000014cbd800 JavaThread "Signal Dispatcher" daemon [_thread_blocked, id=5148, stack(0x0000000016010000,0x0000000016110000)]
  0x0000000002f45800 JavaThread "Finalizer" daemon [_thread_blocked, id=10088, stack(0x0000000015f10000,0x0000000016010000)]
  0x0000000002f3a800 JavaThread "Reference Handler" daemon [_thread_blocked, id=10048, stack(0x0000000015e10000,0x0000000015f10000)]
  0x0000000002e52800 JavaThread "main" [_thread_blocked, id=6528, stack(0x0000000002b60000,0x0000000002c60000)]

Other Threads:
  0x0000000014c85800 VMThread [stack: 0x0000000015d10000,0x0000000015e10000] [id=8940]
  0x000000001640d000 WatcherThread [stack: 0x0000000016a10000,0x0000000016b10000] [id=10120]

VM state:not at safepoint (normal execution)

VM Mutex/Monitor currently owned by a thread: None

Heap:
 PSYoungGen      total 216576K, used 177644K [0x00000000f0000000, 0x0000000100000000, 0x0000000100000000)
  eden space 177664K, 82% used [0x00000000f0000000,0x00000000f8f74e50,0x00000000fad80000)
  from space 38912K, 79% used [0x00000000fad80000,0x00000000fcb861e0,0x00000000fd380000)
  to   space 42496K, 0% used [0x00000000fd680000,0x00000000fd680000,0x0000000100000000)
 ParOldGen       total 76800K, used 67523K [0x00000000d0000000, 0x00000000d4b00000, 0x00000000f0000000)
  object space 76800K, 87% used [0x00000000d0000000,0x00000000d41f0dc8,0x00000000d4b00000)
 Metaspace       used 59562K, capacity 61254K, committed 61676K, reserved 1103872K
  class space    used 6575K, capacity 7071K, committed 7168K, reserved 1048576K

Card table byte_map: [0x0000000012310000,0x00000000124a0000] byte_map_base: 0x0000000011c90000

Marking Bits: (ParMarkBitMap*) 0x0000000069a512b0
 Begin Bits: [0x00000000129a0000, 0x00000000135a0000)
 End Bits:   [0x00000000135a0000, 0x00000000141a0000)

Polling page: 0x00000000014f0000

CodeCache: size=245760Kb used=21884Kb max_used=22132Kb free=223875Kb
 bounds [0x0000000002f50000, 0x0000000004550000, 0x0000000011f50000]
 total_blobs=6056 nmethods=5302 adapters=664
 compilation: enabled

Compilation events (10 events):
Event: 99.316 Thread 0x0000000014d1d000 6429       4       org.codehaus.groovy.runtime.metaclass.MetaMethodIndex::findMatchingMethod (51 bytes)
Event: 99.318 Thread 0x0000000016336800 6432       3       groovy.lang.MetaClassImpl::createPogoCallSite (109 bytes)
Event: 99.322 Thread 0x0000000016336800 nmethod 6432 0x00000000033af150 code [0x00000000033af3e0, 0x00000000033b0508]
Event: 99.325 Thread 0x0000000016336800 6433   !   3       sun.net.www.ParseUtil::decode (316 bytes)
Event: 99.325 Thread 0x0000000014d1d000 nmethod 6429 0x0000000003667750 code [0x00000000036678a0, 0x0000000003667ad8]
Event: 99.325 Thread 0x0000000014d1d000 6430       4       groovy.lang.MetaClassImpl::findPropertyMethod (356 bytes)
Event: 99.334 Thread 0x0000000016336800 nmethod 6433 0x00000000039b4b50 code [0x00000000039b5020, 0x00000000039b8298]
Event: 99.351 Thread 0x0000000016336800 6434       3       org.codehaus.groovy.grails.commons.spring.GrailsWebApplicationContext::getClassLoader (23 bytes)
Event: 99.352 Thread 0x0000000016336800 nmethod 6434 0x0000000003766d50 code [0x0000000003766ee0, 0x0000000003767268]
Event: 99.390 Thread 0x0000000014d19800 nmethod 6419 0x0000000003c57250 code [0x0000000003c57520, 0x0000000003c59330]

GC Heap History (10 events):
Event: 78.776 GC heap before
{Heap before GC invocations=70 (full 5):
 PSYoungGen      total 217600K, used 176758K [0x00000000f0000000, 0x0000000100000000, 0x0000000100000000)
  eden space 174080K, 100% used [0x00000000f0000000,0x00000000faa00000,0x00000000faa00000)
  from space 43520K, 6% used [0x00000000fd580000,0x00000000fd81dbc0,0x0000000100000000)
  to   space 44032K, 0% used [0x00000000faa00000,0x00000000faa00000,0x00000000fd500000)
 ParOldGen       total 76800K, used 67275K [0x00000000d0000000, 0x00000000d4b00000, 0x00000000f0000000)
  object space 76800K, 87% used [0x00000000d0000000,0x00000000d41b2dc8,0x00000000d4b00000)
 Metaspace       used 53882K, capacity 55440K, committed 55788K, reserved 1099776K
  class space    used 5890K, capacity 6346K, committed 6400K, reserved 1048576K
Event: 78.799 GC heap after
Heap after GC invocations=70 (full 5):
 PSYoungGen      total 180224K, used 6001K [0x00000000f0000000, 0x00000000ffe80000, 0x0000000100000000)
  eden space 174080K, 0% used [0x00000000f0000000,0x00000000f0000000,0x00000000faa00000)
  from space 6144K, 97% used [0x00000000faa00000,0x00000000fafdc6e8,0x00000000fb000000)
  to   space 43008K, 0% used [0x00000000fd480000,0x00000000fd480000,0x00000000ffe80000)
 ParOldGen       total 76800K, used 67491K [0x00000000d0000000, 0x00000000d4b00000, 0x00000000f0000000)
  object space 76800K, 87% used [0x00000000d0000000,0x00000000d41e8dc8,0x00000000d4b00000)
 Metaspace       used 53882K, capacity 55440K, committed 55788K, reserved 1099776K
  class space    used 5890K, capacity 6346K, committed 6400K, reserved 1048576K
}
Event: 81.214 GC heap before
{Heap before GC invocations=71 (full 5):
 PSYoungGen      total 180224K, used 180081K [0x00000000f0000000, 0x00000000ffe80000, 0x0000000100000000)
  eden space 174080K, 100% used [0x00000000f0000000,0x00000000faa00000,0x00000000faa00000)
  from space 6144K, 97% used [0x00000000faa00000,0x00000000fafdc6e8,0x00000000fb000000)
  to   space 43008K, 0% used [0x00000000fd480000,0x00000000fd480000,0x00000000ffe80000)
 ParOldGen       total 76800K, used 67491K [0x00000000d0000000, 0x00000000d4b00000, 0x00000000f0000000)
  object space 76800K, 87% used [0x00000000d0000000,0x00000000d41e8dc8,0x00000000d4b00000)
 Metaspace       used 54644K, capacity 56240K, committed 56428K, reserved 1099776K
  class space    used 5996K, capacity 6442K, committed 6528K, reserved 1048576K
Event: 81.267 GC heap after
Heap after GC invocations=71 (full 5):
 PSYoungGen      total 218624K, used 7645K [0x00000000f0000000, 0x0000000100000000, 0x0000000100000000)
  eden space 175616K, 0% used [0x00000000f0000000,0x00000000f0000000,0x00000000fab80000)
  from space 43008K, 17% used [0x00000000fd480000,0x00000000fdbf7638,0x00000000ffe80000)
  to   space 41984K, 0% used [0x00000000fab80000,0x00000000fab80000,0x00000000fd480000)
 ParOldGen       total 76800K, used 67499K [0x00000000d0000000, 0x00000000d4b00000, 0x00000000f0000000)
  object space 76800K, 87% used [0x00000000d0000000,0x00000000d41eadc8,0x00000000d4b00000)
 Metaspace       used 54644K, capacity 56240K, committed 56428K, reserved 1099776K
  class space    used 5996K, capacity 6442K, committed 6528K, reserved 1048576K
}
Event: 86.523 GC heap before
{Heap before GC invocations=72 (full 5):
 PSYoungGen      total 218624K, used 183261K [0x00000000f0000000, 0x0000000100000000, 0x0000000100000000)
  eden space 175616K, 100% used [0x00000000f0000000,0x00000000fab80000,0x00000000fab80000)
  from space 43008K, 17% used [0x00000000fd480000,0x00000000fdbf7638,0x00000000ffe80000)
  to   space 41984K, 0% used [0x00000000fab80000,0x00000000fab80000,0x00000000fd480000)
 ParOldGen       total 76800K, used 67499K [0x00000000d0000000, 0x00000000d4b00000, 0x00000000f0000000)
  object space 76800K, 87% used [0x00000000d0000000,0x00000000d41eadc8,0x00000000d4b00000)
 Metaspace       used 55576K, capacity 57176K, committed 57580K, reserved 1099776K
  class space    used 6105K, capacity 6551K, committed 6656K, reserved 1048576K
Event: 86.565 GC heap after
Heap after GC invocations=72 (full 5):
 PSYoungGen      total 188416K, used 12685K [0x00000000f0000000, 0x00000000ffa00000, 0x0000000100000000)
  eden space 175616K, 0% used [0x00000000f0000000,0x00000000f0000000,0x00000000fab80000)
  from space 12800K, 99% used [0x00000000fab80000,0x00000000fb7e3668,0x00000000fb800000)
  to   space 39424K, 0% used [0x00000000fd380000,0x00000000fd380000,0x00000000ffa00000)
 ParOldGen       total 76800K, used 67507K [0x00000000d0000000, 0x00000000d4b00000, 0x00000000f0000000)
  object space 76800K, 87% used [0x00000000d0000000,0x00000000d41ecdc8,0x00000000d4b00000)
 Metaspace       used 55576K, capacity 57176K, committed 57580K, reserved 1099776K
  class space    used 6105K, capacity 6551K, committed 6656K, reserved 1048576K
}
Event: 90.992 GC heap before
{Heap before GC invocations=73 (full 5):
 PSYoungGen      total 188416K, used 188301K [0x00000000f0000000, 0x00000000ffa00000, 0x0000000100000000)
  eden space 175616K, 100% used [0x00000000f0000000,0x00000000fab80000,0x00000000fab80000)
  from space 12800K, 99% used [0x00000000fab80000,0x00000000fb7e3668,0x00000000fb800000)
  to   space 39424K, 0% used [0x00000000fd380000,0x00000000fd380000,0x00000000ffa00000)
 ParOldGen       total 76800K, used 67507K [0x00000000d0000000, 0x00000000d4b00000, 0x00000000f0000000)
  object space 76800K, 87% used [0x00000000d0000000,0x00000000d41ecdc8,0x00000000d4b00000)
 Metaspace       used 57024K, capacity 58712K, committed 58988K, reserved 1101824K
  class space    used 6239K, capacity 6720K, committed 6784K, reserved 1048576K
Event: 91.063 GC heap after
Heap after GC invocations=73 (full 5):
 PSYoungGen      total 217088K, used 20165K [0x00000000f0000000, 0x0000000100000000, 0x0000000100000000)
  eden space 177664K, 0% used [0x00000000f0000000,0x00000000f0000000,0x00000000fad80000)
  from space 39424K, 51% used [0x00000000fd380000,0x00000000fe7315e0,0x00000000ffa00000)
  to   space 38912K, 0% used [0x00000000fad80000,0x00000000fad80000,0x00000000fd380000)
 ParOldGen       total 76800K, used 67515K [0x00000000d0000000, 0x00000000d4b00000, 0x00000000f0000000)
  object space 76800K, 87% used [0x00000000d0000000,0x00000000d41eedc8,0x00000000d4b00000)
 Metaspace       used 57024K, capacity 58712K, committed 58988K, reserved 1101824K
  class space    used 6239K, capacity 6720K, committed 6784K, reserved 1048576K
}
Event: 97.563 GC heap before
{Heap before GC invocations=74 (full 5):
 PSYoungGen      total 217088K, used 197829K [0x00000000f0000000, 0x0000000100000000, 0x0000000100000000)
  eden space 177664K, 100% used [0x00000000f0000000,0x00000000fad80000,0x00000000fad80000)
  from space 39424K, 51% used [0x00000000fd380000,0x00000000fe7315e0,0x00000000ffa00000)
  to   space 38912K, 0% used [0x00000000fad80000,0x00000000fad80000,0x00000000fd380000)
 ParOldGen       total 76800K, used 67515K [0x00000000d0000000, 0x00000000d4b00000, 0x00000000f0000000)
  object space 76800K, 87% used [0x00000000d0000000,0x00000000d41eedc8,0x00000000d4b00000)
 Metaspace       used 58691K, capacity 60368K, committed 60780K, reserved 1103872K
  class space    used 6439K, capacity 6948K, committed 7040K, reserved 1048576K
Event: 97.702 GC heap after
Heap after GC invocations=74 (full 5):
 PSYoungGen      total 216576K, used 30744K [0x00000000f0000000, 0x0000000100000000, 0x0000000100000000)
  eden space 177664K, 0% used [0x00000000f0000000,0x00000000f0000000,0x00000000fad80000)
  from space 38912K, 79% used [0x00000000fad80000,0x00000000fcb861e0,0x00000000fd380000)
  to   space 42496K, 0% used [0x00000000fd680000,0x00000000fd680000,0x0000000100000000)
 ParOldGen       total 76800K, used 67523K [0x00000000d0000000, 0x00000000d4b00000, 0x00000000f0000000)
  object space 76800K, 87% used [0x00000000d0000000,0x00000000d41f0dc8,0x00000000d4b00000)
 Metaspace       used 58691K, capacity 60368K, committed 60780K, reserved 1103872K
  class space    used 6439K, capacity 6948K, committed 7040K, reserved 1048576K
}

Deoptimization events (10 events):
Event: 90.990 Thread 0x0000000018914000 Uncommon trap: reason=unreached action=reinterpret pc=0x000000000305af58 method=org.codehaus.groovy.runtime.metaclass.MetaMethodIndex.getMethods(Ljava/lang/Class;Ljava/lang/String;)Lorg/codehaus/groovy/runtime/metaclass/MetaMethodIndex$Entry; @ 61
Event: 91.091 Thread 0x0000000018914000 Uncommon trap: reason=unreached action=reinterpret pc=0x0000000003dddd80 method=org.codehaus.groovy.runtime.metaclass.MetaMethodIndex.getMethods(Ljava/lang/Class;Ljava/lang/String;)Lorg/codehaus/groovy/runtime/metaclass/MetaMethodIndex$Entry; @ 61
Event: 93.761 Thread 0x0000000018914000 Uncommon trap: reason=null_check action=make_not_entrant pc=0x0000000003ada804 method=java.beans.Introspector.isAssignable(Ljava/lang/Class;Ljava/lang/Class;)Z @ 18
Event: 94.488 Thread 0x0000000018914000 Uncommon trap: reason=class_check action=maybe_recompile pc=0x00000000040c5b3c method=sun.reflect.generics.factory.CoreReflectionFactory.getDeclsLoader()Ljava/lang/ClassLoader; @ 25
Event: 94.489 Thread 0x0000000018914000 Uncommon trap: reason=class_check action=maybe_recompile pc=0x00000000040c5b3c method=sun.reflect.generics.factory.CoreReflectionFactory.getDeclsLoader()Ljava/lang/ClassLoader; @ 25
Event: 96.422 Thread 0x0000000018914000 Uncommon trap: reason=class_check action=maybe_recompile pc=0x00000000040c5b3c method=sun.reflect.generics.factory.CoreReflectionFactory.getDeclsLoader()Ljava/lang/ClassLoader; @ 25
Event: 96.422 Thread 0x0000000018914000 Uncommon trap: reason=class_check action=maybe_recompile pc=0x00000000040c5b3c method=sun.reflect.generics.factory.CoreReflectionFactory.getDeclsLoader()Ljava/lang/ClassLoader; @ 25
Event: 97.533 Thread 0x0000000018914000 Uncommon trap: reason=unreached action=reinterpret pc=0x00000000030eda08 method=java.lang.ClassLoader.getBootstrapResource(Ljava/lang/String;)Ljava/net/URL; @ 11
Event: 97.533 Thread 0x0000000018914000 Uncommon trap: reason=unreached action=reinterpret pc=0x00000000030eda54 method=java.lang.ClassLoader.getResource(Ljava/lang/String;)Ljava/net/URL; @ 25
Event: 97.729 Thread 0x0000000018914000 Uncommon trap: reason=predicate action=maybe_recompile pc=0x00000000031ec488 method=java.nio.charset.CharsetDecoder.decode(Ljava/nio/ByteBuffer;Ljava/nio/CharBuffer;Z)Ljava/nio/charset/CoderResult; @ 54

Internal exceptions (10 events):
Event: 99.392 Thread 0x0000000018914000 Exception <a 'java/security/PrivilegedActionException'> (0x00000000f8695c08) thrown at [C:\re\workspace\8-2-build-windows-amd64-cygwin\jdk8u11\648\hotspot\src\share\vm\prims\jvm.cpp, line 1248]
Event: 99.393 Thread 0x0000000018914000 Exception <a 'java/security/PrivilegedActionException'> (0x00000000f869ae98) thrown at [C:\re\workspace\8-2-build-windows-amd64-cygwin\jdk8u11\648\hotspot\src\share\vm\prims\jvm.cpp, line 1248]
Event: 99.396 Thread 0x0000000018914000 Exception <a 'java/security/PrivilegedActionException'> (0x00000000f86af298) thrown at [C:\re\workspace\8-2-build-windows-amd64-cygwin\jdk8u11\648\hotspot\src\share\vm\prims\jvm.cpp, line 1248]
Event: 99.398 Thread 0x0000000018914000 Exception <a 'java/security/PrivilegedActionException'> (0x00000000f86c8f70) thrown at [C:\re\workspace\8-2-build-windows-amd64-cygwin\jdk8u11\648\hotspot\src\share\vm\prims\jvm.cpp, line 1248]
Event: 99.399 Thread 0x0000000018914000 Exception <a 'java/security/PrivilegedActionException'> (0x00000000f86ce200) thrown at [C:\re\workspace\8-2-build-windows-amd64-cygwin\jdk8u11\648\hotspot\src\share\vm\prims\jvm.cpp, line 1248]
Event: 99.400 Thread 0x0000000018914000 Exception <a 'java/security/PrivilegedActionException'> (0x00000000f86e2600) thrown at [C:\re\workspace\8-2-build-windows-amd64-cygwin\jdk8u11\648\hotspot\src\share\vm\prims\jvm.cpp, line 1248]
Event: 99.406 Thread 0x0000000018914000 Exception <a 'java/security/PrivilegedActionException'> (0x00000000f870f960) thrown at [C:\re\workspace\8-2-build-windows-amd64-cygwin\jdk8u11\648\hotspot\src\share\vm\prims\jvm.cpp, line 1248]
Event: 99.407 Thread 0x0000000018914000 Exception <a 'java/lang/ClassNotFoundException': org/codehaus/groovy/grails/commons/metaclass/AbstractDynamicMethodInvocationCustomizer> (0x00000000f8710410) thrown at [C:\re\workspace\8-2-build-windows-amd64-cygwin\jdk8u11\648\hotspot\src\share\vm\classfiµJÚX@
Event: 99.407 Thread 0x0000000018914000 Exception <a 'java/security/PrivilegedActionException'> (0x00000000f8714ce8) thrown at [C:\re\workspace\8-2-build-windows-amd64-cygwin\jdk8u11\648\hotspot\src\share\vm\prims\jvm.cpp, line 1248]
Event: 99.408 Thread 0x0000000018914000 Exception <a 'java/security/PrivilegedActionException'> (0x00000000f8719680) thrown at [C:\re\workspace\8-2-build-windows-amd64-cygwin\jdk8u11\648\hotspot\src\share\vm\prims\jvm.cpp, line 1248]

Events (10 events):
Event: 99.392 loading class org/codehaus/groovy/grails/commons/metaclass/AbstractDynamicMethodInvocationBeanInfo
Event: 99.392 loading class org/codehaus/groovy/grails/commons/metaclass/AbstractDynamicMethodInvocationBeanInfo done
Event: 99.392 loading class org/codehaus/groovy/grails/commons/metaclass/AbstractDynamicMethodInvocationCustomizer
Event: 99.392 loading class org/codehaus/groovy/grails/commons/metaclass/AbstractDynamicMethodInvocationCustomizer done
Event: 99.398 loading class org/codehaus/groovy/grails/commons/metaclass/AbstractDynamicMethodInvocationCustomizer
Event: 99.398 loading class org/codehaus/groovy/grails/commons/metaclass/AbstractDynamicMethodInvocationCustomizer done
Event: 99.407 loading class org/codehaus/groovy/grails/commons/metaclass/AbstractDynamicMethodInvocationCustomizer
Event: 99.407 loading class org/codehaus/groovy/grails/commons/metaclass/AbstractDynamicMethodInvocationCustomizer done
Event: 99.407 loading class org/codehaus/groovy/grails/web/metaclass/RedirectDynamicMethodCustomizer
Event: 99.407 loading class org/codehaus/groovy/grails/web/metaclass/RedirectDynamicMethodCustomizer done


Dynamic libraries:
0x00007ff6c73b0000 - 0x00007ff6c73e4000 	C:\Program Files\Java\jdk1.8.0_11\bin\java.exe
0x00007ffed2f00000 - 0x00007ffed30aa000 	C:\Windows\SYSTEM32\ntdll.dll
0x00007ffed0d00000 - 0x00007ffed0e3a000 	C:\Windows\system32\KERNEL32.DLL
0x00007ffed0340000 - 0x00007ffed044f000 	C:\Windows\system32\KERNELBASE.dll
0x00007ffeceea0000 - 0x00007ffecef28000 	C:\Windows\system32\apphelp.dll
0x00007ffecc620000 - 0x00007ffecc66f000 	C:\Windows\AppPatch\AppPatch64\AcGenral.DLL
0x00007ffed0e40000 - 0x00007ffed0ee7000 	C:\Windows\system32\msvcrt.dll
0x00007ffed0120000 - 0x00007ffed014b000 	C:\Windows\SYSTEM32\SspiCli.dll
0x00007ffed0ef0000 - 0x00007ffed0f41000 	C:\Windows\system32\SHLWAPI.dll
0x00007ffed2b40000 - 0x00007ffed2cb1000 	C:\Windows\system32\USER32.dll
0x00007ffed0b10000 - 0x00007ffed0c88000 	C:\Windows\system32\ole32.dll
0x00007ffed15f0000 - 0x00007ffed2a07000 	C:\Windows\system32\SHELL32.dll
0x00007ffecf8e0000 - 0x00007ffecf8fe000 	C:\Windows\SYSTEM32\USERENV.dll
0x00007ffed2e40000 - 0x00007ffed2ee5000 	C:\Windows\system32\ADVAPI32.dll
0x00007ffebfa50000 - 0x00007ffebfa6b000 	C:\Windows\SYSTEM32\MPR.dll
0x00007ffed1430000 - 0x00007ffed1566000 	C:\Windows\system32\RPCRT4.dll
0x00007ffed2ae0000 - 0x00007ffed2b37000 	C:\Windows\SYSTEM32\sechost.dll
0x00007ffed0930000 - 0x00007ffed0b06000 	C:\Windows\SYSTEM32\combase.dll
0x00007ffed11e0000 - 0x00007ffed1325000 	C:\Windows\system32\GDI32.dll
0x00007ffed0270000 - 0x00007ffed0284000 	C:\Windows\SYSTEM32\profapi.dll
0x00007ffece710000 - 0x00007ffece7af000 	C:\Windows\SYSTEM32\SHCORE.dll
0x00007ffed2e00000 - 0x00007ffed2e34000 	C:\Windows\system32\IMM32.DLL
0x00007ffed2cc0000 - 0x00007ffed2df9000 	C:\Windows\system32\MSCTF.dll
0x00007ffecdd20000 - 0x00007ffecdf7a000 	C:\Windows\WinSxS\amd64_microsoft.windows.common-controls_6595b64144ccf1df_6.0.9600.17031_none_6242a4b3ecbb55a1\COMCTL32.dll
0x0000000069ad0000 - 0x0000000069ba2000 	C:\Program Files\Java\jdk1.8.0_11\jre\bin\msvcr100.dll
0x00000000692a0000 - 0x0000000069aca000 	C:\Program Files\Java\jdk1.8.0_11\jre\bin\server\jvm.dll
0x00007ffeb8930000 - 0x00007ffeb8939000 	C:\Windows\SYSTEM32\WSOCK32.dll
0x00007ffebde50000 - 0x00007ffebde6f000 	C:\Windows\SYSTEM32\WINMM.dll
0x00007ffed2ef0000 - 0x00007ffed2ef7000 	C:\Windows\system32\PSAPI.DLL
0x00007ffed1570000 - 0x00007ffed15c8000 	C:\Windows\system32\WS2_32.dll
0x00007ffebde20000 - 0x00007ffebde4a000 	C:\Windows\SYSTEM32\WINMMBASE.dll
0x00007ffed2a10000 - 0x00007ffed2a19000 	C:\Windows\system32\NSI.dll
0x00007ffed04a0000 - 0x00007ffed04ea000 	C:\Windows\SYSTEM32\cfgmgr32.dll
0x00007ffecf1c0000 - 0x00007ffecf1e6000 	C:\Windows\SYSTEM32\DEVOBJ.dll
0x0000000069290000 - 0x000000006929f000 	C:\Program Files\Java\jdk1.8.0_11\jre\bin\verify.dll
0x0000000069260000 - 0x0000000069288000 	C:\Program Files\Java\jdk1.8.0_11\jre\bin\java.dll
0x0000000069230000 - 0x0000000069253000 	C:\Program Files\Java\jdk1.8.0_11\jre\bin\instrument.dll
0x0000000069210000 - 0x0000000069226000 	C:\Program Files\Java\jdk1.8.0_11\jre\bin\zip.dll
0x00007ffecfb90000 - 0x00007ffecfbae000 	C:\Windows\SYSTEM32\CRYPTSP.dll
0x00007ffecf7d0000 - 0x00007ffecf805000 	C:\Windows\system32\rsaenh.dll
0x00007ffecfdc0000 - 0x00007ffecfde6000 	C:\Windows\SYSTEM32\bcrypt.dll
0x00007ffed0150000 - 0x00007ffed01b0000 	C:\Windows\system32\bcryptprimitives.dll
0x00007ffed01b0000 - 0x00007ffed01ba000 	C:\Windows\SYSTEM32\CRYPTBASE.dll
0x00000000691f0000 - 0x000000006920a000 	C:\Program Files\Java\jdk1.8.0_11\jre\bin\net.dll
0x00007ffecfb30000 - 0x00007ffecfb88000 	C:\Windows\system32\mswsock.dll
0x00007ffecbb80000 - 0x00007ffecbba9000 	C:\Windows\SYSTEM32\IPHLPAPI.DLL
0x00007ffecbb70000 - 0x00007ffecbb7a000 	C:\Windows\SYSTEM32\WINNSI.DLL
0x00007ffecb6c0000 - 0x00007ffecb6d4000 	C:\Windows\SYSTEM32\dhcpcsvc6.DLL
0x00007ffecb6a0000 - 0x00007ffecb6b9000 	C:\Windows\SYSTEM32\dhcpcsvc.DLL
0x00000000691a0000 - 0x00000000691b1000 	C:\Program Files\Java\jdk1.8.0_11\jre\bin\nio.dll
0x00007ffece8f0000 - 0x00007ffece8fa000 	C:\Users\johnd_000\AppData\Local\Temp\jansi-64-4059132014419767082.dll
0x0000000069150000 - 0x000000006915d000 	C:\Program Files\Java\jdk1.8.0_11\jre\bin\management.dll
0x00007ffecf940000 - 0x00007ffecf9e3000 	C:\Windows\SYSTEM32\DNSAPI.dll
0x00007ffec0d20000 - 0x00007ffec0d29000 	C:\Windows\System32\rasadhlp.dll
0x00007ffecb3c0000 - 0x00007ffecb428000 	C:\Windows\System32\fwpuclnt.dll
0x00007ffeb55d0000 - 0x00007ffeb55e4000 	C:\Windows\system32\napinsp.dll
0x00007ffeb55f0000 - 0x00007ffeb5609000 	C:\Windows\system32\pnrpnsp.dll
0x00007ffecc230000 - 0x00007ffecc249000 	C:\Windows\system32\NLAapi.dll
0x00007ffeb5610000 - 0x00007ffeb561c000 	C:\Windows\System32\winrnr.dll
0x00007ffeb5620000 - 0x00007ffeb5633000 	C:\Windows\system32\wshbth.dll
0x00007ffebfb80000 - 0x00007ffebfd08000 	C:\Windows\SYSTEM32\dbghelp.dll

VM Arguments:
jvm_args: -Dfile.encoding=UTF-8 -Xmx768M -Xms64M -Dgrails.fork.parent.process.port=54936 -Dgrails.fork.active=true -Dgrails.build.execution.context=C:\Users\johnd_000\AppData\Local\Temp\TallerExposiciones7777918974958695722grails-execution-context -Dgrails.home=C:\grails\grails-2.4.4 -javaagent:C:\grails\grails-2.4.4\lib\org.springframework\springloaded\jars\springloaded-1.2.1.RELEASE.jar -Xverify:none -Dspringloaded.synchronize=true -Djdk.reflect.allowGetCallerClass=true -Dspringloaded=profile=grails;cacheDir=C:\Users\johnd_000\.grails\2.4.4 
java_command: org.grails.plugins.tomcat.fork.ForkedTomcatServer
java_class_path (initial): C:\Program Files\Java\jdk1.8.0_11\lib\tools.jar;C:\grails\grails-2.4.4\lib\org.codehaus.groovy\groovy-all\jars\groovy-all-2.3.7.jar;C:\grails\grails-2.4.4\lib\org.slf4j\jcl-over-slf4j\jars\jcl-over-slf4j-1.7.5.jar;C:\grails\grails-2.4.4\lib\org.codehaus.gant\gant_groovy1.8\jars\gant_groovy1.8-1.9.6.jar;C:\grails\grails-2.4.4\lib\org.apache.tomcat.embed\tomcat-embed-logging-log4j\jars\tomcat-embed-logging-log4j-7.0.50.jar;C:\grails\grails-2.4.4\dist\grails-plugin-log4j-2.4.4.jar;C:\grails\grails-2.4.4\lib\log4j\log4j\jars\log4j-1.2.17.jar;C:\grails\grails-2.4.4\dist\grails-bootstrap-2.4.4.jar;C:\grails\grails-2.4.4\lib\org.slf4j\slf4j-api\jars\slf4j-api-1.7.5.jar;C:\grails\grails-2.4.4\lib\jline\jline\jars\jline-2.12.jar;C:\grails\grails-2.4.4\lib\org.apache.ant\ant\jars\ant-1.8.4.jar;C:\grails\grails-2.4.4\lib\org.apache.ant\ant-launcher\jars\ant-launcher-1.8.4.jar;C:\grails\grails-2.4.4\lib\org.apache.ant\ant-trax\jars\ant-trax-1.7.1.jar;C:\grails\grails-2.4.4\lib\org.apache.ant\ant-junit\jars\ant-junit-1.8.4.jar;C:\grails\grails-2.4.4\lib\org.apache.ivy\ivy\jars\ivy-2.3.0.jar;C:\grails\grails-2.4.4\lib\org.fusesource.jansi\jansi\jars\jansi-1.11.jar;C:\Users\johnd_000\.m2\repository\org\apache\tomcat\tomcat-catalina-ant\7.0.55\tomcat-catalina-ant-7.0.55.jar;C:\Users\johnd_000\.m2\repository\org\apache\tomcat\embed\tomcat-embed-jasper\7.0.55\tomcat-embed-jasper-7.0.55.jar;C:\Users\johnd_000\.m2\repository\org\apache\tomcat\embed\tomcat-embed-el\7.0.55\tomcat-embed-el-7.0.55.jar;C:\Users\johnd_000\.m2\repository\org\apache\tomcat\embed\tomcat-embed-logging-log4j\7.0.55\tomcat-embed-logging-log4j-7.0.55.jar;C:\Users\johnd_000\.m2\repository\org\apache\tomcat\embed\tomcat-embed-websocket\7.0.55\tomcat-embed-websocket-7.0.55.jar;C:\Users\johnd_000\.m2\repository\org\apache\tomcat\embed\tomcat-embed-core\7.0.55\tomcat-embed-core-7.0.55.jar;C:\Users\johnd_000\.m2\repository\org\eclipse\jdt\core\compiler\ecj\3.7.2\ecj-3.7.2.jar;C:\Users\johnd_0
Launcher Type: SUN_STANDARD

Environment Variables:
JAVA_HOME=C:\Program Files\Java\jdk1.8.0_11
PATH=C:\Windows\system32;C:\Windows;C:\Windows\System32\Wbem;C:\Windows\System32\WindowsPowerShell\v1.0\;C:\Program Files (x86)\ATI Technologies\ATI.ACE\Core-Static;C:\Program Files (x86)\Microsoft SQL Server\100\Tools\Binn\;C:\Program Files (x86)\Microsoft SQL Server\100\DTS\Binn\;C:\Program Files\Java\jdk1.8.0_11\bin;C:\grails\grails-2.4.4\bin;C:\PROGRA~2\Groovy\GROOVY~1.0\bin;C:\Program Files (x86)\Skype\Phone\;C:\Ruby21-x64\bin
USERNAME=johnd_000
OS=Windows_NT
PROCESSOR_IDENTIFIER=AMD64 Family 21 Model 19 Stepping 1, AuthenticAMD



---------------  S Y S T E M  ---------------

OS: Windows 8.1 , 64 bit Build 9600 

CPU:total 4 (4 cores per cpu, 1 threads per core) family 21 model 19 stepping 1, cmov, cx8, fxsr, mmx, sse, sse2, sse3, ssse3, sse4.1, sse4.2, popcnt, avx, aes, clmul, mmxext, 3dnowpref, lzcnt, sse4a, tsc, tscinvbit

Memory: 4k page, physical 7555432k(2118452k free), swap 8735080k(2406028k free)

vm_info: Java HotSpot(TM) 64-Bit Server VM (25.11-b03) for windows-amd64 JRE (1.8.0_11-b12), built on Jun 16 2014 20:57:32 by "java_re" with MS VC++ 10.0 (VS2010)

time: Fri May 22 00:56:26 2015
elapsed time: 99 seconds

