#
# A fatal error has been detected by the Java Runtime Environment:
#
#  EXCEPTION_ACCESS_VIOLATION (0xc0000005) at pc=0x000000005f174db2, pid=7804, tid=7928
#
# JRE version: Java(TM) SE Runtime Environment (8.0_11-b12) (build 1.8.0_11-b12)
# Java VM: Java HotSpot(TM) 64-Bit Server VM (25.11-b03 mixed mode windows-amd64 compressed oops)
# Problematic frame:
# V  [jvm.dll+0x424db2]
#
# Failed to write core dump. Minidumps are not enabled by default on client versions of Windows
#
# If you would like to submit a bug report, please visit:
#   http://bugreport.sun.com/bugreport/crash.jsp
#

---------------  T H R E A D  ---------------

Current thread (0x00000000072a9000):  JavaThread "C2 CompilerThread2" daemon [_thread_in_native, id=7928, stack(0x0000000008cf0000,0x0000000008df0000)]

siginfo: ExceptionCode=0xc0000005, reading address 0x0000000000000000

Registers:
RAX=0x00000000072c8f88, RBX=0x0000000000000600, RCX=0x0000000000000000, RDX=0x000000000d221b50
RSP=0x0000000008dec560, RBP=0x00000000000000c0, RSI=0x00000000000000b8, RDI=0x0000000000000000
R8 =0x000000005ed50000, R9 =0x0000000008dec880, R10=0x00000000ffffffff, R11=0x00000000072ba510
R12=0x00000000072c9690, R13=0x000000000c6cf368, R14=0x0000000000000008, R15=0x000000000c6cf368
RIP=0x000000005f174db2, EFLAGS=0x0000000000010206

Top of Stack: (sp=0x0000000008dec560)
0x0000000008dec560:   00000000000000da 00000000000000b0
0x0000000008dec570:   000000000000000a 0000000000000400
0x0000000008dec580:   0000000000000001 0000000000000600
0x0000000008dec590:   0000000000000180 00000000000000c0
0x0000000008dec5a0:   0000000009288d00 0000000007292d80
0x0000000008dec5b0:   00000000000007a8 000000000d21d510
0x0000000008dec5c0:   0000000008dec880 00000000072c6110
0x0000000008dec5d0:   0000000000000020 0000000000000009
0x0000000008dec5e0:   00000000072c9660 00000000000000da
0x0000000008dec5f0:   000000000c6cf368 000000005f17598d
0x0000000008dec600:   00000000072c9660 000000000000001c
0x0000000008dec610:   00000000000000da 0000000008dec880
0x0000000008dec620:   000000000d221b50 00000000000000da
0x0000000008dec630:   00000000072c6110 0000000000000020
0x0000000008dec640:   000000000732ef78 0000000008deebf0
0x0000000008dec650:   000000000732f5a8 00000000072c9660 

Instructions: (pc=0x000000005f174db2)
0x000000005f174d92:   c6 48 63 f0 48 03 f1 eb 04 48 83 ce ff 48 8b 84
0x000000005f174da2:   24 a0 00 00 00 48 8b 40 08 48 8b 3c 03 48 8b cf
0x000000005f174db2:   48 8b 07 ff 50 28 4c 8d 05 41 b2 bd ff 48 63 50
0x000000005f174dc2:   10 4c 8b d8 48 8b ca 48 c1 e1 05 42 80 bc 01 c0 


Register to memory mapping:

RAX=0x00000000072c8f88 is an unknown value
RBX=0x0000000000000600 is an unknown value
RCX=0x0000000000000000 is an unknown value
RDX=0x000000000d221b50 is an unknown value
RSP=0x0000000008dec560 is pointing into the stack for thread: 0x00000000072a9000
RBP=0x00000000000000c0 is an unknown value
RSI=0x00000000000000b8 is an unknown value
RDI=0x0000000000000000 is an unknown value
R8 =0x000000005ed50000 is an unknown value
R9 =0x0000000008dec880 is pointing into the stack for thread: 0x00000000072a9000
R10=0x00000000ffffffff is an unknown value
R11=0x00000000072ba510 is an unknown value
R12=0x00000000072c9690 is an unknown value
R13=0x000000000c6cf368 is an unknown value
R14=0x0000000000000008 is an unknown value
R15=0x000000000c6cf368 is an unknown value


Stack: [0x0000000008cf0000,0x0000000008df0000],  sp=0x0000000008dec560,  free space=1009k
Native frames: (J=compiled Java code, j=interpreted, Vv=VM code, C=native code)
V  [jvm.dll+0x424db2]
V  [jvm.dll+0x42598d]
V  [jvm.dll+0x425ecf]
V  [jvm.dll+0x4c5a84]
V  [jvm.dll+0x4415bc]
V  [jvm.dll+0x443a29]
V  [jvm.dll+0x427722]
V  [jvm.dll+0x96982]
V  [jvm.dll+0x97173]
V  [jvm.dll+0x2234b4]
V  [jvm.dll+0x27bcca]
C  [msvcr100.dll+0x21d9f]
C  [msvcr100.dll+0x21e3b]
C  [kernel32.dll+0x159ed]
C  [ntdll.dll+0x2c541]


Current CompileTask:
C2:  19835 6119       4       groovy.lang.MetaClassImpl::findPropertyMethod (356 bytes)


---------------  P R O C E S S  ---------------

Java Threads: ( => current thread )
  0x000000000d392000 JavaThread "net.sf.ehcache.CacheManager@40a9fc5d" daemon [_thread_blocked, id=6884, stack(0x0000000061d30000,0x0000000061e30000)]
  0x000000000b709000 JavaThread "H2 Log Writer DEVDB" daemon [_thread_blocked, id=6904, stack(0x000000005e830000,0x000000005e930000)]
  0x000000000940c000 JavaThread "H2 File Lock Watchdog C:/Users/Gabriel/IdeaProjects/DominiosYConstraints/TallerExposiciones/devDb.lock.db" daemon [_thread_blocked, id=6172, stack(0x000000005e460000,0x000000005e560000)]
  0x000000000a6b0800 JavaThread "PoolCleaner[1477637771:1432259424865]" daemon [_thread_blocked, id=5140, stack(0x000000000eef0000,0x000000000eff0000)]
  0x000000000baf8000 JavaThread "FileSystemWatcher: files=#128 cl=groovy.lang.GroovyClassLoader@5812f68b" daemon [_thread_blocked, id=3936, stack(0x000000000e010000,0x000000000e110000)]
  0x000000000cd5c000 JavaThread "localhost-startStop-1" daemon [_thread_in_Java, id=5532, stack(0x000000000de20000,0x000000000df20000)]
  0x000000000bd47800 JavaThread "Tomcat-startStop-1" daemon [_thread_blocked, id=8004, stack(0x000000000c120000,0x000000000c220000)]
  0x000000000c6cc800 JavaThread "Thread-3" [_thread_in_native, id=7876, stack(0x000000000d9b0000,0x000000000dab0000)]
  0x000000000a14e800 JavaThread "Thread-2" [_thread_blocked, id=7184, stack(0x00000000085a0000,0x00000000086a0000)]
  0x000000000958f000 JavaThread "NonBlockingInputStreamThread" daemon [_thread_blocked, id=6044, stack(0x0000000008f70000,0x0000000009070000)]
  0x00000000073bd800 JavaThread "Service Thread" daemon [_thread_blocked, id=4524, stack(0x0000000008e10000,0x0000000008f10000)]
  0x00000000072c2000 JavaThread "C1 CompilerThread3" daemon [_thread_blocked, id=4936, stack(0x00000000087b0000,0x00000000088b0000)]
=>0x00000000072a9000 JavaThread "C2 CompilerThread2" daemon [_thread_in_native, id=7928, stack(0x0000000008cf0000,0x0000000008df0000)]
  0x000000000728f000 JavaThread "C2 CompilerThread1" daemon [_thread_in_native, id=6756, stack(0x0000000008b10000,0x0000000008c10000)]
  0x0000000007296800 JavaThread "C2 CompilerThread0" daemon [_thread_in_native, id=1840, stack(0x0000000008900000,0x0000000008a00000)]
  0x000000000719c000 JavaThread "Attach Listener" daemon [_thread_blocked, id=7220, stack(0x00000000086a0000,0x00000000087a0000)]
  0x0000000007199000 JavaThread "Signal Dispatcher" daemon [_thread_blocked, id=8188, stack(0x0000000008480000,0x0000000008580000)]
  0x000000000640c800 JavaThread "Finalizer" daemon [_thread_blocked, id=7484, stack(0x00000000080a0000,0x00000000081a0000)]
  0x000000000264d000 JavaThread "Reference Handler" daemon [_thread_blocked, id=7464, stack(0x0000000008380000,0x0000000008480000)]
  0x00000000025ba000 JavaThread "main" [_thread_blocked, id=2908, stack(0x0000000002900000,0x0000000002a00000)]

Other Threads:
  0x00000000063ff800 VMThread [stack: 0x00000000081a0000,0x00000000082a0000] [id=7468]
  0x00000000073bf000 WatcherThread [stack: 0x0000000009070000,0x0000000009170000] [id=8016]

VM state:not at safepoint (normal execution)

VM Mutex/Monitor currently owned by a thread: None

Heap:
 PSYoungGen      total 232448K, used 55891K [0x00000000f0000000, 0x0000000100000000, 0x0000000100000000)
  eden space 212992K, 17% used [0x00000000f0000000,0x00000000f24064e8,0x00000000fd000000)
  from space 19456K, 97% used [0x00000000fd000000,0x00000000fe28e8f8,0x00000000fe300000)
  to   space 26624K, 0% used [0x00000000fe600000,0x00000000fe600000,0x0000000100000000)
 ParOldGen       total 98816K, used 81544K [0x00000000d0000000, 0x00000000d6080000, 0x00000000f0000000)
  object space 98816K, 82% used [0x00000000d0000000,0x00000000d4fa21d0,0x00000000d6080000)
 Metaspace       used 59563K, capacity 61324K, committed 61644K, reserved 1103872K
  class space    used 6602K, capacity 7080K, committed 7168K, reserved 1048576K

Card table byte_map: [0x0000000003090000,0x0000000003220000] byte_map_base: 0x0000000002a10000

Marking Bits: (ParMarkBitMap*) 0x000000005f5012b0
 Begin Bits: [0x00000000040a0000, 0x0000000004ca0000)
 End Bits:   [0x0000000004ca0000, 0x00000000058a0000)

Polling page: 0x0000000000230000

CodeCache: size=245760Kb used=21538Kb max_used=21545Kb free=224221Kb
 bounds [0x000000000f010000, 0x0000000010550000, 0x000000001e010000]
 total_blobs=6095 nmethods=5340 adapters=664
 compilation: enabled

Compilation events (10 events):
Event: 19.799 Thread 0x00000000072a9000 nmethod 6116 0x000000000f758c90 code [0x000000000f7590c0, 0x000000000f75d038]
Event: 19.799 Thread 0x00000000072a9000 6141       4       org.codehaus.groovy.runtime.metaclass.MetaMethodIndex::isMatchingMethod (68 bytes)
Event: 19.801 Thread 0x00000000072a9000 nmethod 6141 0x000000000fcb7d10 code [0x000000000fcb7e60, 0x000000000fcb7f98]
Event: 19.801 Thread 0x00000000072a9000 6119       4       groovy.lang.MetaClassImpl::findPropertyMethod (356 bytes)
Event: 19.805 Thread 0x00000000072c2000 6149       3       groovy.lang.MetaBeanProperty::setGetter (6 bytes)
Event: 19.805 Thread 0x00000000072c2000 nmethod 6149 0x000000000f977fd0 code [0x000000000f978120, 0x000000000f978290]
Event: 19.808 Thread 0x00000000072c2000 6150       3       java.util.concurrent.ConcurrentHashMap$CollectionView::size (8 bytes)
Event: 19.808 Thread 0x00000000072c2000 nmethod 6150 0x000000000fa9ae10 code [0x000000000fa9af80, 0x000000000fa9b2c8]
Event: 19.817 Thread 0x00000000072c2000 6151       2       org.codehaus.groovy.reflection.ParameterTypes::coerceArgumentsToClasses (55 bytes)
Event: 19.818 Thread 0x00000000072c2000 nmethod 6151 0x000000000fa9a750 code [0x000000000fa9a8e0, 0x000000000fa9abd8]

GC Heap History (10 events):
Event: 15.936 GC heap before
{Heap before GC invocations=51 (full 5):
 PSYoungGen      total 249344K, used 246292K [0x00000000f0000000, 0x0000000100000000, 0x0000000100000000)
  eden space 237056K, 100% used [0x00000000f0000000,0x00000000fe780000,0x00000000fe780000)
  from space 12288K, 75% used [0x00000000fe780000,0x00000000ff085290,0x00000000ff380000)
  to   space 12800K, 0% used [0x00000000ff380000,0x00000000ff380000,0x0000000100000000)
 ParOldGen       total 77312K, used 63227K [0x00000000d0000000, 0x00000000d4b80000, 0x00000000f0000000)
  object space 77312K, 81% used [0x00000000d0000000,0x00000000d3dbee58,0x00000000d4b80000)
 Metaspace       used 54406K, capacity 55898K, committed 56140K, reserved 1099776K
  class space    used 5979K, capacity 6440K, committed 6528K, reserved 1048576K
Event: 15.946 GC heap after
Heap after GC invocations=51 (full 5):
 PSYoungGen      total 245248K, used 12798K [0x00000000f0000000, 0x0000000100000000, 0x0000000100000000)
  eden space 232448K, 0% used [0x00000000f0000000,0x00000000f0000000,0x00000000fe300000)
  from space 12800K, 99% used [0x00000000ff380000,0x00000000fffff940,0x0000000100000000)
  to   space 14848K, 0% used [0x00000000fe300000,0x00000000fe300000,0x00000000ff180000)
 ParOldGen       total 77312K, used 63449K [0x00000000d0000000, 0x00000000d4b80000, 0x00000000f0000000)
  object space 77312K, 82% used [0x00000000d0000000,0x00000000d3df6548,0x00000000d4b80000)
 Metaspace       used 54406K, capacity 55898K, committed 56140K, reserved 1099776K
  class space    used 5979K, capacity 6440K, committed 6528K, reserved 1048576K
}
Event: 16.903 GC heap before
{Heap before GC invocations=52 (full 5):
 PSYoungGen      total 245248K, used 245246K [0x00000000f0000000, 0x0000000100000000, 0x0000000100000000)
  eden space 232448K, 100% used [0x00000000f0000000,0x00000000fe300000,0x00000000fe300000)
  from space 12800K, 99% used [0x00000000ff380000,0x00000000fffff940,0x0000000100000000)
  to   space 14848K, 0% used [0x00000000fe300000,0x00000000fe300000,0x00000000ff180000)
 ParOldGen       total 77312K, used 63449K [0x00000000d0000000, 0x00000000d4b80000, 0x00000000f0000000)
  object space 77312K, 82% used [0x00000000d0000000,0x00000000d3df6548,0x00000000d4b80000)
 Metaspace       used 55667K, capacity 57244K, committed 57548K, reserved 1099776K
  class space    used 6131K, capacity 6620K, committed 6656K, reserved 1048576K
Event: 16.927 GC heap after
Heap after GC invocations=52 (full 5):
 PSYoungGen      total 247296K, used 14816K [0x00000000f0000000, 0x0000000100000000, 0x0000000100000000)
  eden space 232448K, 0% used [0x00000000f0000000,0x00000000f0000000,0x00000000fe300000)
  from space 14848K, 99% used [0x00000000fe300000,0x00000000ff178030,0x00000000ff180000)
  to   space 14848K, 0% used [0x00000000ff180000,0x00000000ff180000,0x0000000100000000)
 ParOldGen       total 77312K, used 68002K [0x00000000d0000000, 0x00000000d4b80000, 0x00000000f0000000)
  object space 77312K, 87% used [0x00000000d0000000,0x00000000d4268820,0x00000000d4b80000)
 Metaspace       used 55667K, capacity 57244K, committed 57548K, reserved 1099776K
  class space    used 6131K, capacity 6620K, committed 6656K, reserved 1048576K
}
Event: 18.084 GC heap before
{Heap before GC invocations=53 (full 5):
 PSYoungGen      total 247296K, used 237589K [0x00000000f0000000, 0x0000000100000000, 0x0000000100000000)
  eden space 232448K, 95% used [0x00000000f0000000,0x00000000fd98d590,0x00000000fe300000)
  from space 14848K, 99% used [0x00000000fe300000,0x00000000ff178030,0x00000000ff180000)
  to   space 14848K, 0% used [0x00000000ff180000,0x00000000ff180000,0x0000000100000000)
 ParOldGen       total 77312K, used 68002K [0x00000000d0000000, 0x00000000d4b80000, 0x00000000f0000000)
  object space 77312K, 87% used [0x00000000d0000000,0x00000000d4268820,0x00000000d4b80000)
 Metaspace       used 57409K, capacity 59124K, committed 59468K, reserved 1101824K
  class space    used 6279K, capacity 6753K, committed 6784K, reserved 1048576K
Event: 18.100 GC heap after
Heap after GC invocations=53 (full 5):
 PSYoungGen      total 227840K, used 14833K [0x00000000f0000000, 0x0000000100000000, 0x0000000100000000)
  eden space 212992K, 0% used [0x00000000f0000000,0x00000000f0000000,0x00000000fd000000)
  from space 14848K, 99% used [0x00000000ff180000,0x00000000ffffc570,0x0000000100000000)
  to   space 24576K, 0% used [0x00000000fd000000,0x00000000fd000000,0x00000000fe800000)
 ParOldGen       total 81408K, used 80021K [0x00000000d0000000, 0x00000000d4f80000, 0x00000000f0000000)
  object space 81408K, 98% used [0x00000000d0000000,0x00000000d4e255d0,0x00000000d4f80000)
 Metaspace       used 57409K, capacity 59124K, committed 59468K, reserved 1101824K
  class space    used 6279K, capacity 6753K, committed 6784K, reserved 1048576K
}
Event: 18.101 GC heap before
{Heap before GC invocations=54 (full 6):
 PSYoungGen      total 227840K, used 14833K [0x00000000f0000000, 0x0000000100000000, 0x0000000100000000)
  eden space 212992K, 0% used [0x00000000f0000000,0x00000000f0000000,0x00000000fd000000)
  from space 14848K, 99% used [0x00000000ff180000,0x00000000ffffc570,0x0000000100000000)
  to   space 24576K, 0% used [0x00000000fd000000,0x00000000fd000000,0x00000000fe800000)
 ParOldGen       total 81408K, used 80021K [0x00000000d0000000, 0x00000000d4f80000, 0x00000000f0000000)
  object space 81408K, 98% used [0x00000000d0000000,0x00000000d4e255d0,0x00000000d4f80000)
 Metaspace       used 57409K, capacity 59124K, committed 59468K, reserved 1101824K
  class space    used 6279K, capacity 6753K, committed 6784K, reserved 1048576K
Event: 18.981 GC heap after
Heap after GC invocations=54 (full 6):
 PSYoungGen      total 227840K, used 10178K [0x00000000f0000000, 0x0000000100000000, 0x0000000100000000)
  eden space 212992K, 0% used [0x00000000f0000000,0x00000000f0000000,0x00000000fd000000)
  from space 14848K, 68% used [0x00000000ff180000,0x00000000ffb70970,0x0000000100000000)
  to   space 24576K, 0% used [0x00000000fd000000,0x00000000fd000000,0x00000000fe800000)
 ParOldGen       total 98816K, used 81280K [0x00000000d0000000, 0x00000000d6080000, 0x00000000f0000000)
  object space 98816K, 82% used [0x00000000d0000000,0x00000000d4f601d0,0x00000000d6080000)
 Metaspace       used 57409K, capacity 59124K, committed 59468K, reserved 1101824K
  class space    used 6279K, capacity 6753K, committed 6784K, reserved 1048576K
}
Event: 19.644 GC heap before
{Heap before GC invocations=55 (full 6):
 PSYoungGen      total 227840K, used 223170K [0x00000000f0000000, 0x0000000100000000, 0x0000000100000000)
  eden space 212992K, 100% used [0x00000000f0000000,0x00000000fd000000,0x00000000fd000000)
  from space 14848K, 68% used [0x00000000ff180000,0x00000000ffb70970,0x0000000100000000)
  to   space 24576K, 0% used [0x00000000fd000000,0x00000000fd000000,0x00000000fe800000)
 ParOldGen       total 98816K, used 81280K [0x00000000d0000000, 0x00000000d6080000, 0x00000000f0000000)
  object space 98816K, 82% used [0x00000000d0000000,0x00000000d4f601d0,0x00000000d6080000)
 Metaspace       used 59370K, capacity 61062K, committed 61260K, reserved 1103872K
  class space    used 6552K, capacity 7014K, committed 7040K, reserved 1048576K
Event: 19.667 GC heap after
Heap after GC invocations=55 (full 6):
 PSYoungGen      total 232448K, used 19002K [0x00000000f0000000, 0x0000000100000000, 0x0000000100000000)
  eden space 212992K, 0% used [0x00000000f0000000,0x00000000f0000000,0x00000000fd000000)
  from space 19456K, 97% used [0x00000000fd000000,0x00000000fe28e8f8,0x00000000fe300000)
  to   space 26624K, 0% used [0x00000000fe600000,0x00000000fe600000,0x0000000100000000)
 ParOldGen       total 98816K, used 81544K [0x00000000d0000000, 0x00000000d6080000, 0x00000000f0000000)
  object space 98816K, 82% used [0x00000000d0000000,0x00000000d4fa21d0,0x00000000d6080000)
 Metaspace       used 59370K, capacity 61062K, committed 61260K, reserved 1103872K
  class space    used 6552K, capacity 7014K, committed 7040K, reserved 1048576K
}

Deoptimization events (10 events):
Event: 19.117 Thread 0x000000000cd5c000 Uncommon trap: reason=class_check action=maybe_recompile pc=0x000000000fc3a280 method=org.springframework.transaction.interceptor.TransactionAttributeSourcePointcut.matches(Ljava/lang/reflect/Method;Ljava/lang/Class;)Z @ 12
Event: 19.117 Thread 0x000000000cd5c000 Uncommon trap: reason=class_check action=maybe_recompile pc=0x000000000fc3a280 method=org.springframework.transaction.interceptor.TransactionAttributeSourcePointcut.matches(Ljava/lang/reflect/Method;Ljava/lang/Class;)Z @ 12
Event: 19.117 Thread 0x000000000cd5c000 Uncommon trap: reason=class_check action=maybe_recompile pc=0x000000000fc3a280 method=org.springframework.transaction.interceptor.TransactionAttributeSourcePointcut.matches(Ljava/lang/reflect/Method;Ljava/lang/Class;)Z @ 12
Event: 19.181 Thread 0x000000000cd5c000 Uncommon trap: reason=array_check action=maybe_recompile pc=0x000000001042b468 method=java.util.TimSort.binarySort([Ljava/lang/Object;IIILjava/util/Comparator;)V @ 183
Event: 19.275 Thread 0x000000000cd5c000 Uncommon trap: reason=array_check action=maybe_recompile pc=0x000000001042b3b0 method=java.util.TimSort.binarySort([Ljava/lang/Object;IIILjava/util/Comparator;)V @ 193
Event: 19.280 Thread 0x000000000cd5c000 Uncommon trap: reason=class_check action=maybe_recompile pc=0x00000000101b6368 method=java.lang.reflect.Executable.getAnnotation(Ljava/lang/Class;)Ljava/lang/annotation/Annotation; @ 19
Event: 19.284 Thread 0x000000000cd5c000 Uncommon trap: reason=array_check action=maybe_recompile pc=0x000000001042b3b0 method=java.util.TimSort.binarySort([Ljava/lang/Object;IIILjava/util/Comparator;)V @ 193
Event: 19.379 Thread 0x000000000cd5c000 Uncommon trap: reason=array_check action=maybe_recompile pc=0x000000001042b2fc method=java.util.TimSort.binarySort([Ljava/lang/Object;IIILjava/util/Comparator;)V @ 215
Event: 19.497 Thread 0x000000000cd5c000 Uncommon trap: reason=array_check action=maybe_recompile pc=0x000000001042b3b0 method=java.util.TimSort.binarySort([Ljava/lang/Object;IIILjava/util/Comparator;)V @ 193
Event: 19.723 Thread 0x000000000cd5c000 Uncommon trap: reason=class_check action=maybe_recompile pc=0x00000000101b6368 method=java.lang.reflect.Executable.getAnnotation(Ljava/lang/Class;)Ljava/lang/annotation/Annotation; @ 19

Internal exceptions (10 events):
Event: 19.815 Thread 0x000000000cd5c000 Exception <a 'java/security/PrivilegedActionException'> (0x00000000f1f77118) thrown at [C:\re\workspace\8-2-build-windows-amd64-cygwin\jdk8u11\648\hotspot\src\share\vm\prims\jvm.cpp, line 1248]
Event: 19.816 Thread 0x000000000cd5c000 Exception <a 'java/security/PrivilegedActionException'> (0x00000000f1faddf0) thrown at [C:\re\workspace\8-2-build-windows-amd64-cygwin\jdk8u11\648\hotspot\src\share\vm\prims\jvm.cpp, line 1248]
Event: 19.816 Thread 0x000000000cd5c000 Exception <a 'java/lang/ClassNotFoundException': org/codehaus/groovy/grails/plugins/DomainClassGrailsPlugin$_addRelationshipManagementMethods_closure25Customizer> (0x00000000f1faed80) thrown at [C:\re\workspace\8-2-build-windows-amd64-cygwin\jdk8u11\648\honf¥Þ7Ñ3@
Event: 19.817 Thread 0x000000000cd5c000 Exception <a 'java/security/PrivilegedActionException'> (0x00000000f1fc36c0) thrown at [C:\re\workspace\8-2-build-windows-amd64-cygwin\jdk8u11\648\hotspot\src\share\vm\prims\jvm.cpp, line 1248]
Event: 19.817 Thread 0x000000000cd5c000 Exception <a 'java/security/PrivilegedActionException'> (0x00000000f1fc8b00) thrown at [C:\re\workspace\8-2-build-windows-amd64-cygwin\jdk8u11\648\hotspot\src\share\vm\prims\jvm.cpp, line 1248]
Event: 19.818 Thread 0x000000000cd5c000 Exception <a 'java/security/PrivilegedActionException'> (0x00000000f1fdd4f0) thrown at [C:\re\workspace\8-2-build-windows-amd64-cygwin\jdk8u11\648\hotspot\src\share\vm\prims\jvm.cpp, line 1248]
Event: 19.819 Thread 0x000000000cd5c000 Exception <a 'java/security/PrivilegedActionException'> (0x00000000f1fe4130) thrown at [C:\re\workspace\8-2-build-windows-amd64-cygwin\jdk8u11\648\hotspot\src\share\vm\prims\jvm.cpp, line 1248]
Event: 19.819 Thread 0x000000000cd5c000 Exception <a 'java/security/PrivilegedActionException'> (0x00000000f1ffd4c8) thrown at [C:\re\workspace\8-2-build-windows-amd64-cygwin\jdk8u11\648\hotspot\src\share\vm\prims\jvm.cpp, line 1248]
Event: 19.820 Thread 0x000000000cd5c000 Exception <a 'java/security/PrivilegedActionException'> (0x00000000f2003188) thrown at [C:\re\workspace\8-2-build-windows-amd64-cygwin\jdk8u11\648\hotspot\src\share\vm\prims\jvm.cpp, line 1248]
Event: 19.821 Thread 0x000000000cd5c000 Exception <a 'java/security/PrivilegedActionException'> (0x00000000f20193a0) thrown at [C:\re\workspace\8-2-build-windows-amd64-cygwin\jdk8u11\648\hotspot\src\share\vm\prims\jvm.cpp, line 1248]

Events (10 events):
Event: 19.814 loading class org/codehaus/groovy/grails/plugins/DomainClassGrailsPlugin$_addRelationshipManagementMethods_closure25Customizer
Event: 19.814 loading class org/codehaus/groovy/grails/plugins/DomainClassGrailsPlugin$_addRelationshipManagementMethods_closure25Customizer done
Event: 19.816 loading class org/codehaus/groovy/grails/plugins/DomainClassGrailsPlugin$_addRelationshipManagementMethods_closure25Customizer
Event: 19.816 loading class org/codehaus/groovy/grails/plugins/DomainClassGrailsPlugin$_addRelationshipManagementMethods_closure25Customizer done
Event: 19.817 loading class org/codehaus/groovy/grails/plugins/DomainClassGrailsPlugin$_enhanceDomainClasses_closure5
Event: 19.817 loading class org/codehaus/groovy/grails/plugins/DomainClassGrailsPlugin$_enhanceDomainClasses_closure5 done
Event: 19.818 loading class groovy/runtime/metaclass/org/codehaus/groovy/grails/plugins/DomainClassGrailsPlugin$_enhanceDomainClasses_closure5MetaClass
Event: 19.818 loading class groovy/runtime/metaclass/org/codehaus/groovy/grails/plugins/DomainClassGrailsPlugin$_enhanceDomainClasses_closure5MetaClass done
Event: 19.819 loading class org/codehaus/groovy/grails/plugins/DomainClassGrailsPlugin$_enhanceDomainClasses_closure5BeanInfo
Event: 19.819 loading class org/codehaus/groovy/grails/plugins/DomainClassGrailsPlugin$_enhanceDomainClasses_closure5BeanInfo done


Dynamic libraries:
0x000000013fce0000 - 0x000000013fd14000 	C:\Program Files\Java\jdk1.8.0_11\bin\java.exe
0x0000000077510000 - 0x00000000776b9000 	C:\Windows\SYSTEM32\ntdll.dll
0x00000000773f0000 - 0x000000007750f000 	C:\Windows\system32\kernel32.dll
0x000007fefc700000 - 0x000007fefc76c000 	C:\Windows\system32\KERNELBASE.dll
0x000007fefca00000 - 0x000007fefcadb000 	C:\Windows\system32\ADVAPI32.dll
0x000007fefcde0000 - 0x000007fefce7f000 	C:\Windows\system32\msvcrt.dll
0x000007fefe9d0000 - 0x000007fefe9ef000 	C:\Windows\SYSTEM32\sechost.dll
0x000007fefd050000 - 0x000007fefd17d000 	C:\Windows\system32\RPCRT4.dll
0x00000000772f0000 - 0x00000000773ea000 	C:\Windows\system32\USER32.dll
0x000007fefdf40000 - 0x000007fefdfa7000 	C:\Windows\system32\GDI32.dll
0x000007fefe960000 - 0x000007fefe96e000 	C:\Windows\system32\LPK.dll
0x000007fefc890000 - 0x000007fefc959000 	C:\Windows\system32\USP10.dll
0x000007fefb4a0000 - 0x000007fefb694000 	C:\Windows\WinSxS\amd64_microsoft.windows.common-controls_6595b64144ccf1df_6.0.7601.17514_none_fa396087175ac9ac\COMCTL32.dll
0x000007fefc810000 - 0x000007fefc881000 	C:\Windows\system32\SHLWAPI.dll
0x000007fefd180000 - 0x000007fefd1ae000 	C:\Windows\system32\IMM32.DLL
0x000007fefcae0000 - 0x000007fefcbe9000 	C:\Windows\system32\MSCTF.dll
0x000007fefc3b0000 - 0x000007fefc3f6000 	C:\Windows\system32\nvinitx.dll
0x000000000f000000 - 0x000000000f006000 	C:\Program Files\NVIDIA Corporation\CoProcManager\_etoured.dll
0x000007fef99d0000 - 0x000007fef9a25000 	C:\Program Files\NVIDIA Corporation\CoProcManager\nvd3d9wrapx.dll
0x000007fefcbf0000 - 0x000007fefcdc7000 	C:\Windows\system32\SETUPAPI.dll
0x000007fefc550000 - 0x000007fefc586000 	C:\Windows\system32\CFGMGR32.dll
0x000007fefe230000 - 0x000007fefe307000 	C:\Windows\system32\OLEAUT32.dll
0x000007fefe4a0000 - 0x000007fefe6a3000 	C:\Windows\system32\ole32.dll
0x000007fefc530000 - 0x000007fefc54a000 	C:\Windows\system32\DEVOBJ.dll
0x000007fef9840000 - 0x000007fef987d000 	C:\Program Files\NVIDIA Corporation\CoProcManager\nvdxgiwrapx.dll
0x0000000073fd0000 - 0x00000000740a2000 	C:\Program Files\Java\jdk1.8.0_11\jre\bin\msvcr100.dll
0x000000005ed50000 - 0x000000005f57a000 	C:\Program Files\Java\jdk1.8.0_11\jre\bin\server\jvm.dll
0x000007fef70d0000 - 0x000007fef70d9000 	C:\Windows\system32\WSOCK32.dll
0x000007fefe730000 - 0x000007fefe77d000 	C:\Windows\system32\WS2_32.dll
0x000007fefcdd0000 - 0x000007fefcdd8000 	C:\Windows\system32\NSI.dll
0x000007fef9f20000 - 0x000007fef9f5b000 	C:\Windows\system32\WINMM.dll
0x00000000776d0000 - 0x00000000776d7000 	C:\Windows\system32\PSAPI.DLL
0x0000000073fc0000 - 0x0000000073fcf000 	C:\Program Files\Java\jdk1.8.0_11\jre\bin\verify.dll
0x0000000073f90000 - 0x0000000073fb8000 	C:\Program Files\Java\jdk1.8.0_11\jre\bin\java.dll
0x0000000073f60000 - 0x0000000073f83000 	C:\Program Files\Java\jdk1.8.0_11\jre\bin\instrument.dll
0x0000000073f30000 - 0x0000000073f46000 	C:\Program Files\Java\jdk1.8.0_11\jre\bin\zip.dll
0x000007fefd1b0000 - 0x000007fefdf38000 	C:\Windows\system32\SHELL32.dll
0x000007fefc400000 - 0x000007fefc40f000 	C:\Windows\system32\profapi.dll
0x000007fefbc40000 - 0x000007fefbc57000 	C:\Windows\system32\CRYPTSP.dll
0x000007fefb940000 - 0x000007fefb987000 	C:\Windows\system32\rsaenh.dll
0x000007fefb380000 - 0x000007fefb39e000 	C:\Windows\system32\USERENV.dll
0x000007fefc2a0000 - 0x000007fefc2af000 	C:\Windows\system32\CRYPTBASE.dll
0x0000000073f10000 - 0x0000000073f2a000 	C:\Program Files\Java\jdk1.8.0_11\jre\bin\net.dll
0x000007fefbbe0000 - 0x000007fefbc35000 	C:\Windows\system32\mswsock.dll
0x000007fefbbd0000 - 0x000007fefbbd7000 	C:\Windows\System32\wship6.dll
0x000007fef9a30000 - 0x000007fef9a57000 	C:\Windows\system32\IPHLPAPI.DLL
0x000007fef99c0000 - 0x000007fef99cb000 	C:\Windows\system32\WINNSI.DLL
0x000007fef98f0000 - 0x000007fef9908000 	C:\Windows\system32\dhcpcsvc.DLL
0x000007fef98d0000 - 0x000007fef98e1000 	C:\Windows\system32\dhcpcsvc6.DLL
0x0000000073ef0000 - 0x0000000073f01000 	C:\Program Files\Java\jdk1.8.0_11\jre\bin\nio.dll
0x000007fef9120000 - 0x000007fef912a000 	C:\Users\Gabriel\AppData\Local\Temp\jansi-64-1145817955015535183.dll
0x0000000073ea0000 - 0x0000000073ead000 	C:\Program Files\Java\jdk1.8.0_11\jre\bin\management.dll
0x000007fefa1b0000 - 0x000007fefa1c5000 	C:\Windows\system32\NLAapi.dll
0x000007fef90c0000 - 0x000007fef90d5000 	C:\Windows\system32\napinsp.dll
0x000007fef8a00000 - 0x000007fef8a19000 	C:\Windows\system32\pnrpnsp.dll
0x000007fefba60000 - 0x000007fefbabb000 	C:\Windows\system32\DNSAPI.dll
0x000007fefa0b0000 - 0x000007fefa0bb000 	C:\Windows\System32\winrnr.dll
0x000007fef90f0000 - 0x000007fef9100000 	C:\Windows\system32\wshbth.dll
0x000007fef7080000 - 0x000007fef70af000 	C:\Program Files\Common Files\Microsoft Shared\Windows Live\WLIDNSP.DLL
0x000007fefb260000 - 0x000007fefb267000 	C:\Windows\System32\wshtcpip.dll
0x000007fef70e0000 - 0x000007fef70e8000 	C:\Windows\system32\rasadhlp.dll
0x000007fef8d70000 - 0x000007fef8dc3000 	C:\Windows\System32\fwpuclnt.dll
0x000007fee64c0000 - 0x000007fee65e5000 	C:\Windows\system32\dbghelp.dll

VM Arguments:
jvm_args: -Dfile.encoding=UTF-8 -Xmx768M -Xms64M -Dgrails.fork.parent.process.port=51934 -Dgrails.fork.active=true -Dgrails.build.execution.context=C:\Users\Gabriel\AppData\Local\Temp\TallerExposiciones2643653148724699804grails-execution-context -Dgrails.home=C:\grails\grails-2.4.4 -javaagent:C:\grails\grails-2.4.4\lib\org.springframework\springloaded\jars\springloaded-1.2.1.RELEASE.jar -Xverify:none -Dspringloaded.synchronize=true -Djdk.reflect.allowGetCallerClass=true -Dspringloaded=profile=grails;cacheDir=C:\Users\Gabriel\.grails\2.4.4 
java_command: org.grails.plugins.tomcat.fork.ForkedTomcatServer
java_class_path (initial): C:\Program Files\Java\jdk1.8.0_11\lib\tools.jar;C:\grails\grails-2.4.4\lib\org.codehaus.groovy\groovy-all\jars\groovy-all-2.3.7.jar;C:\grails\grails-2.4.4\lib\org.slf4j\jcl-over-slf4j\jars\jcl-over-slf4j-1.7.5.jar;C:\grails\grails-2.4.4\lib\org.codehaus.gant\gant_groovy1.8\jars\gant_groovy1.8-1.9.6.jar;C:\grails\grails-2.4.4\lib\org.apache.tomcat.embed\tomcat-embed-logging-log4j\jars\tomcat-embed-logging-log4j-7.0.50.jar;C:\grails\grails-2.4.4\dist\grails-plugin-log4j-2.4.4.jar;C:\grails\grails-2.4.4\lib\log4j\log4j\jars\log4j-1.2.17.jar;C:\grails\grails-2.4.4\dist\grails-bootstrap-2.4.4.jar;C:\grails\grails-2.4.4\lib\org.slf4j\slf4j-api\jars\slf4j-api-1.7.5.jar;C:\grails\grails-2.4.4\lib\jline\jline\jars\jline-2.12.jar;C:\grails\grails-2.4.4\lib\org.apache.ant\ant\jars\ant-1.8.4.jar;C:\grails\grails-2.4.4\lib\org.apache.ant\ant-launcher\jars\ant-launcher-1.8.4.jar;C:\grails\grails-2.4.4\lib\org.apache.ant\ant-trax\jars\ant-trax-1.7.1.jar;C:\grails\grails-2.4.4\lib\org.apache.ant\ant-junit\jars\ant-junit-1.8.4.jar;C:\grails\grails-2.4.4\lib\org.apache.ivy\ivy\jars\ivy-2.3.0.jar;C:\grails\grails-2.4.4\lib\org.fusesource.jansi\jansi\jars\jansi-1.11.jar;C:\Users\Gabriel\.m2\repository\org\apache\tomcat\tomcat-catalina-ant\7.0.55\tomcat-catalina-ant-7.0.55.jar;C:\Users\Gabriel\.m2\repository\org\apache\tomcat\embed\tomcat-embed-jasper\7.0.55\tomcat-embed-jasper-7.0.55.jar;C:\Users\Gabriel\.m2\repository\org\apache\tomcat\embed\tomcat-embed-el\7.0.55\tomcat-embed-el-7.0.55.jar;C:\Users\Gabriel\.m2\repository\org\apache\tomcat\embed\tomcat-embed-logging-log4j\7.0.55\tomcat-embed-logging-log4j-7.0.55.jar;C:\Users\Gabriel\.m2\repository\org\apache\tomcat\embed\tomcat-embed-websocket\7.0.55\tomcat-embed-websocket-7.0.55.jar;C:\Users\Gabriel\.m2\repository\org\apache\tomcat\embed\tomcat-embed-core\7.0.55\tomcat-embed-core-7.0.55.jar;C:\Users\Gabriel\.m2\repository\org\eclipse\jdt\core\compiler\ecj\3.7.2\ecj-3.7.2.jar;C:\Users\Gabriel\IdeaProjects\
Launcher Type: SUN_STANDARD

Environment Variables:
JAVA_HOME=C:\Program Files\Java\jdk1.8.0_11
PATH=C:\Program Files\Common Files\Microsoft Shared\Windows Live;C:\Program Files (x86)\Common Files\Microsoft Shared\Windows Live;C:\Program Files\NVIDIA GPU Computing Toolkit\CUDA\v5.5\bin;C:\Program Files\NVIDIA GPU Computing Toolkit\CUDA\v5.5\libnvvp;C:\Program Files (x86)\NVIDIA Corporation\PhysX\Common;C:\Windows\system32;C:\Windows;C:\Windows\System32\Wbem;C:\Windows\System32\WindowsPowerShell\v1.0\;C:\Program Files\Intel\WiFi\bin\;C:\Program Files\Common Files\Intel\WirelessCommon\;C:\Program Files (x86)\Intel\OpenCL SDK\1.5\bin\x86;C:\Program Files (x86)\Intel\OpenCL SDK\1.5\bin\x64;C:\Program Files\Lenovo\Bluetooth Software\;C:\Program Files\Lenovo\Bluetooth Software\syswow64;C:\Program Files (x86)\MySQL\MySQL Fabric 1.5.3 & MySQL Utilities 1.5.3 1.5\;C:\Program Files (x86)\MySQL\MySQL Fabric 1.5.3 & MySQL Utilities 1.5.3 1.5\Doctrine extensions for PHP\;C:\Program Files\MATLAB\R2013b\runtime\win64;C:\Program Files\MATLAB\R2013b\bin;C:\Program Files\MATLAB\R2013b\polyspace\bin;C:\PROGRA~1\Java\jdk1.8.0_11;C:\grails\grails-2.5.0\bin;C:\Program Files (x86)\Windows Live\Shared;C:\PROGRA~2\Groovy\GROOVY~1.0\bin;C:\Program Files\nodejs\;C:\Program Files (x86)\Git\cmd;C:\Program Files\Intel\WiFi\bin\;C:\Program Files\Common Files\Intel\WirelessCommon\;C:\Program Files\Python34;C:\grails\grails-2.5.0;C:\Users\Gabriel\AppData\Roaming\npm;C:\Program Files\apache-ant-1.9.4\bin;C:\PROGRA~2\Android\sdk\tools;C:\PROGRA~2\Android\sdk\platform-tools;.;;.;
USERNAME=Gabriel
OS=Windows_NT
PROCESSOR_IDENTIFIER=Intel64 Family 6 Model 58 Stepping 9, GenuineIntel



---------------  S Y S T E M  ---------------

OS: Windows 7 , 64 bit Build 7601 Service Pack 1

CPU:total 8 (4 cores per cpu, 2 threads per core) family 6 model 58 stepping 9, cmov, cx8, fxsr, mmx, sse, sse2, sse3, ssse3, sse4.1, sse4.2, popcnt, avx, aes, clmul, erms, ht, tsc, tscinvbit

Memory: 4k page, physical 8285468k(3475056k free), swap 16569080k(10709636k free)

vm_info: Java HotSpot(TM) 64-Bit Server VM (25.11-b03) for windows-amd64 JRE (1.8.0_11-b12), built on Jun 16 2014 20:57:32 by "java_re" with MS VC++ 10.0 (VS2010)

time: Thu May 21 20:50:33 2015
elapsed time: 19 seconds

